[2023-06-15 18:31:29Z INFO HostContext] No proxy settings were found based on environmental variables (http_proxy/https_proxy/HTTP_PROXY/HTTPS_PROXY)
[2023-06-15 18:31:29Z INFO HostContext] Well known directory 'Bin': '/Users/peter/School/Advanced Embedded Linux Development Specialization/ECEA 5305 Linux System Programming and Introduction to Buildroot/Assignment 1/actions-runner/bin'
[2023-06-15 18:31:29Z INFO HostContext] Well known directory 'Root': '/Users/peter/School/Advanced Embedded Linux Development Specialization/ECEA 5305 Linux System Programming and Introduction to Buildroot/Assignment 1/actions-runner'
[2023-06-15 18:31:29Z INFO HostContext] Well known config file 'Credentials': '/Users/peter/School/Advanced Embedded Linux Development Specialization/ECEA 5305 Linux System Programming and Introduction to Buildroot/Assignment 1/actions-runner/.credentials'
[2023-06-15 18:31:29Z INFO HostContext] Well known directory 'Bin': '/Users/peter/School/Advanced Embedded Linux Development Specialization/ECEA 5305 Linux System Programming and Introduction to Buildroot/Assignment 1/actions-runner/bin'
[2023-06-15 18:31:29Z INFO HostContext] Well known directory 'Root': '/Users/peter/School/Advanced Embedded Linux Development Specialization/ECEA 5305 Linux System Programming and Introduction to Buildroot/Assignment 1/actions-runner'
[2023-06-15 18:31:29Z INFO HostContext] Well known config file 'Runner': '/Users/peter/School/Advanced Embedded Linux Development Specialization/ECEA 5305 Linux System Programming and Introduction to Buildroot/Assignment 1/actions-runner/.runner'
[2023-06-15 18:31:29Z INFO Listener] Runner is built for OSX (X64) - osx-x64.
[2023-06-15 18:31:29Z INFO Listener] RuntimeInformation: Darwin 22.4.0 Darwin Kernel Version 22.4.0: Mon Mar  6 20:59:58 PST 2023; root:xnu-8796.101.5~3/RELEASE_ARM64_T6020.
[2023-06-15 18:31:29Z INFO Listener] Version: 2.304.0
[2023-06-15 18:31:29Z INFO Listener] Commit: 9ef4121b5b31ee5c03b7770288213d741081f747
[2023-06-15 18:31:29Z INFO Listener] Culture: en-US
[2023-06-15 18:31:29Z INFO Listener] UI Culture: en-US
[2023-06-15 18:31:29Z INFO HostContext] Well known directory 'Bin': '/Users/peter/School/Advanced Embedded Linux Development Specialization/ECEA 5305 Linux System Programming and Introduction to Buildroot/Assignment 1/actions-runner/bin'
[2023-06-15 18:31:29Z INFO HostContext] Well known directory 'Root': '/Users/peter/School/Advanced Embedded Linux Development Specialization/ECEA 5305 Linux System Programming and Introduction to Buildroot/Assignment 1/actions-runner'
[2023-06-15 18:31:29Z INFO Listener] Validating directory permissions for: '/Users/peter/School/Advanced Embedded Linux Development Specialization/ECEA 5305 Linux System Programming and Introduction to Buildroot/Assignment 1/actions-runner'
[2023-06-15 18:31:29Z INFO CommandLineParser] Parse
[2023-06-15 18:31:29Z INFO CommandLineParser] Parsing 1 args
[2023-06-15 18:31:29Z INFO CommandLineParser] parsing argument
[2023-06-15 18:31:29Z INFO CommandLineParser] HasArgs: False
[2023-06-15 18:31:29Z INFO CommandLineParser] Adding Command: run
[2023-06-15 18:31:29Z INFO Listener] Arguments parsed
[2023-06-15 18:31:29Z INFO Runner] ExecuteCommand
[2023-06-15 18:31:29Z INFO ConfigurationStore] currentAssemblyLocation: /Users/peter/School/Advanced Embedded Linux Development Specialization/ECEA 5305 Linux System Programming and Introduction to Buildroot/Assignment 1/actions-runner/bin/Runner.Listener.dll
[2023-06-15 18:31:29Z INFO HostContext] Well known directory 'Bin': '/Users/peter/School/Advanced Embedded Linux Development Specialization/ECEA 5305 Linux System Programming and Introduction to Buildroot/Assignment 1/actions-runner/bin'
[2023-06-15 18:31:29Z INFO ConfigurationStore] binPath: /Users/peter/School/Advanced Embedded Linux Development Specialization/ECEA 5305 Linux System Programming and Introduction to Buildroot/Assignment 1/actions-runner/bin
[2023-06-15 18:31:29Z INFO HostContext] Well known directory 'Bin': '/Users/peter/School/Advanced Embedded Linux Development Specialization/ECEA 5305 Linux System Programming and Introduction to Buildroot/Assignment 1/actions-runner/bin'
[2023-06-15 18:31:29Z INFO HostContext] Well known directory 'Root': '/Users/peter/School/Advanced Embedded Linux Development Specialization/ECEA 5305 Linux System Programming and Introduction to Buildroot/Assignment 1/actions-runner'
[2023-06-15 18:31:29Z INFO ConfigurationStore] RootFolder: /Users/peter/School/Advanced Embedded Linux Development Specialization/ECEA 5305 Linux System Programming and Introduction to Buildroot/Assignment 1/actions-runner
[2023-06-15 18:31:29Z INFO HostContext] Well known directory 'Bin': '/Users/peter/School/Advanced Embedded Linux Development Specialization/ECEA 5305 Linux System Programming and Introduction to Buildroot/Assignment 1/actions-runner/bin'
[2023-06-15 18:31:29Z INFO HostContext] Well known directory 'Root': '/Users/peter/School/Advanced Embedded Linux Development Specialization/ECEA 5305 Linux System Programming and Introduction to Buildroot/Assignment 1/actions-runner'
[2023-06-15 18:31:29Z INFO HostContext] Well known config file 'Runner': '/Users/peter/School/Advanced Embedded Linux Development Specialization/ECEA 5305 Linux System Programming and Introduction to Buildroot/Assignment 1/actions-runner/.runner'
[2023-06-15 18:31:29Z INFO ConfigurationStore] ConfigFilePath: /Users/peter/School/Advanced Embedded Linux Development Specialization/ECEA 5305 Linux System Programming and Introduction to Buildroot/Assignment 1/actions-runner/.runner
[2023-06-15 18:31:29Z INFO HostContext] Well known directory 'Bin': '/Users/peter/School/Advanced Embedded Linux Development Specialization/ECEA 5305 Linux System Programming and Introduction to Buildroot/Assignment 1/actions-runner/bin'
[2023-06-15 18:31:29Z INFO HostContext] Well known directory 'Root': '/Users/peter/School/Advanced Embedded Linux Development Specialization/ECEA 5305 Linux System Programming and Introduction to Buildroot/Assignment 1/actions-runner'
[2023-06-15 18:31:29Z INFO HostContext] Well known config file 'Credentials': '/Users/peter/School/Advanced Embedded Linux Development Specialization/ECEA 5305 Linux System Programming and Introduction to Buildroot/Assignment 1/actions-runner/.credentials'
[2023-06-15 18:31:29Z INFO ConfigurationStore] CredFilePath: /Users/peter/School/Advanced Embedded Linux Development Specialization/ECEA 5305 Linux System Programming and Introduction to Buildroot/Assignment 1/actions-runner/.credentials
[2023-06-15 18:31:29Z INFO HostContext] Well known directory 'Bin': '/Users/peter/School/Advanced Embedded Linux Development Specialization/ECEA 5305 Linux System Programming and Introduction to Buildroot/Assignment 1/actions-runner/bin'
[2023-06-15 18:31:29Z INFO HostContext] Well known directory 'Root': '/Users/peter/School/Advanced Embedded Linux Development Specialization/ECEA 5305 Linux System Programming and Introduction to Buildroot/Assignment 1/actions-runner'
[2023-06-15 18:31:29Z INFO HostContext] Well known config file 'MigratedCredentials': '/Users/peter/School/Advanced Embedded Linux Development Specialization/ECEA 5305 Linux System Programming and Introduction to Buildroot/Assignment 1/actions-runner/.credentials_migrated'
[2023-06-15 18:31:29Z INFO ConfigurationStore] MigratedCredFilePath: /Users/peter/School/Advanced Embedded Linux Development Specialization/ECEA 5305 Linux System Programming and Introduction to Buildroot/Assignment 1/actions-runner/.credentials_migrated
[2023-06-15 18:31:29Z INFO HostContext] Well known directory 'Bin': '/Users/peter/School/Advanced Embedded Linux Development Specialization/ECEA 5305 Linux System Programming and Introduction to Buildroot/Assignment 1/actions-runner/bin'
[2023-06-15 18:31:29Z INFO HostContext] Well known directory 'Root': '/Users/peter/School/Advanced Embedded Linux Development Specialization/ECEA 5305 Linux System Programming and Introduction to Buildroot/Assignment 1/actions-runner'
[2023-06-15 18:31:29Z INFO HostContext] Well known config file 'Service': '/Users/peter/School/Advanced Embedded Linux Development Specialization/ECEA 5305 Linux System Programming and Introduction to Buildroot/Assignment 1/actions-runner/.service'
[2023-06-15 18:31:29Z INFO ConfigurationStore] ServiceConfigFilePath: /Users/peter/School/Advanced Embedded Linux Development Specialization/ECEA 5305 Linux System Programming and Introduction to Buildroot/Assignment 1/actions-runner/.service
[2023-06-15 18:31:29Z INFO CommandSettings] Flag 'help': 'False'
[2023-06-15 18:31:29Z INFO CommandSettings] Flag 'version': 'False'
[2023-06-15 18:31:29Z INFO CommandSettings] Flag 'commit': 'False'
[2023-06-15 18:31:29Z INFO CommandSettings] Flag 'check': 'False'
[2023-06-15 18:31:29Z INFO CommandSettings] Command 'configure': 'False'
[2023-06-15 18:31:29Z INFO CommandSettings] Command 'remove': 'False'
[2023-06-15 18:31:29Z INFO CommandSettings] Command 'warmup': 'False'
[2023-06-15 18:31:29Z INFO ConfigurationManager] LoadSettings
[2023-06-15 18:31:29Z INFO ConfigurationStore] IsConfigured()
[2023-06-15 18:31:29Z INFO ConfigurationStore] IsConfigured: True
[2023-06-15 18:31:29Z INFO ConfigurationManager] Is configured: True
[2023-06-15 18:31:29Z INFO ConfigurationStore] Read setting file: 304 chars
[2023-06-15 18:31:29Z INFO ConfigurationManager] Settings Loaded
[2023-06-15 18:31:29Z INFO ConfigurationStore] IsServiceConfigured()
[2023-06-15 18:31:29Z INFO ConfigurationStore] IsServiceConfigured: False
[2023-06-15 18:31:29Z INFO CommandSettings] Command 'run': 'True'
[2023-06-15 18:31:29Z INFO ConfigurationStore] IsConfigured()
[2023-06-15 18:31:29Z INFO ConfigurationStore] IsConfigured: True
[2023-06-15 18:31:29Z INFO ConfigurationManager] Is configured: True
[2023-06-15 18:31:29Z INFO Runner] Could not parse the argument value '' for StartupType. Defaulting to Manual
[2023-06-15 18:31:29Z INFO Runner] Set runner startup type - Manual
[2023-06-15 18:31:29Z INFO CommandSettings] Flag 'once': 'False'
[2023-06-15 18:31:29Z INFO CommandSettings] Flag 'once': 'False'
[2023-06-15 18:31:29Z INFO Runner] RunAsync
[2023-06-15 18:31:29Z INFO ConfigurationManager] LoadSettings
[2023-06-15 18:31:29Z INFO ConfigurationStore] IsConfigured()
[2023-06-15 18:31:29Z INFO ConfigurationStore] IsConfigured: True
[2023-06-15 18:31:29Z INFO ConfigurationManager] Is configured: True
[2023-06-15 18:31:29Z INFO ConfigurationManager] Settings Loaded
[2023-06-15 18:31:29Z INFO MessageListener] {
  "AgentId": 2,
  "AgentName": "Pedros-MBP",
  "PoolId": 1,
  "PoolName": "Default",
  "ServerUrl": "https://pipelines.actions.githubusercontent.com/6n9YdM5l1jhJ5fTwqLVRjaC2kWZ9SuphynErDEtFofg9Ku2iet",
  "GitHubUrl": "https://github.com/cu-ecen-aeld/assignment-1-petercorrea",
  "WorkFolder": "_work"
}
[2023-06-15 18:31:29Z INFO MessageListener] Loading Credentials
[2023-06-15 18:31:29Z INFO ConfigurationStore] HasCredentials()
[2023-06-15 18:31:29Z INFO ConfigurationStore] stored True
[2023-06-15 18:31:29Z INFO CredentialManager] GetCredentialProvider
[2023-06-15 18:31:29Z INFO CredentialManager] Creating type OAuth
[2023-06-15 18:31:29Z INFO CredentialManager] Creating credential type: OAuth
[2023-06-15 18:31:29Z INFO HostContext] Well known directory 'Bin': '/Users/peter/School/Advanced Embedded Linux Development Specialization/ECEA 5305 Linux System Programming and Introduction to Buildroot/Assignment 1/actions-runner/bin'
[2023-06-15 18:31:29Z INFO HostContext] Well known directory 'Root': '/Users/peter/School/Advanced Embedded Linux Development Specialization/ECEA 5305 Linux System Programming and Introduction to Buildroot/Assignment 1/actions-runner'
[2023-06-15 18:31:29Z INFO HostContext] Well known config file 'RSACredentials': '/Users/peter/School/Advanced Embedded Linux Development Specialization/ECEA 5305 Linux System Programming and Introduction to Buildroot/Assignment 1/actions-runner/.credentials_rsaparams'
[2023-06-15 18:31:29Z INFO RSAFileKeyManager] Loading RSA key parameters from file /Users/peter/School/Advanced Embedded Linux Development Specialization/ECEA 5305 Linux System Programming and Introduction to Buildroot/Assignment 1/actions-runner/.credentials_rsaparams
[2023-06-15 18:31:29Z INFO MessageListener] Attempt to create session.
[2023-06-15 18:31:29Z INFO MessageListener] Connecting to the Runner Server...
[2023-06-15 18:31:29Z INFO RunnerServer] EstablishVssConnection
[2023-06-15 18:31:29Z INFO RunnerServer] Establish connection with 100 seconds timeout.
[2023-06-15 18:31:29Z INFO GitHubActionsService] Starting operation Location.GetConnectionData
[2023-06-15 18:31:29Z INFO RunnerServer] EstablishVssConnection
[2023-06-15 18:31:29Z INFO RunnerServer] Establish connection with 60 seconds timeout.
[2023-06-15 18:31:29Z INFO GitHubActionsService] Starting operation Location.GetConnectionData
[2023-06-15 18:31:29Z INFO RunnerServer] EstablishVssConnection
[2023-06-15 18:31:29Z INFO RunnerServer] Establish connection with 60 seconds timeout.
[2023-06-15 18:31:29Z INFO GitHubActionsService] Starting operation Location.GetConnectionData
[2023-06-15 18:31:30Z INFO GitHubActionsService] Finished operation Location.GetConnectionData
[2023-06-15 18:31:30Z INFO GitHubActionsService] Finished operation Location.GetConnectionData
[2023-06-15 18:31:30Z INFO GitHubActionsService] Finished operation Location.GetConnectionData
[2023-06-15 18:31:30Z INFO MessageListener] VssConnection created
[2023-06-15 18:31:30Z INFO Terminal] WRITE LINE: 
[2023-06-15 18:31:30Z INFO Terminal] WRITE LINE: 
[2023-06-15 18:31:30Z INFO RSAFileKeyManager] Loading RSA key parameters from file /Users/peter/School/Advanced Embedded Linux Development Specialization/ECEA 5305 Linux System Programming and Introduction to Buildroot/Assignment 1/actions-runner/.credentials_rsaparams
[2023-06-15 18:31:30Z INFO RSAFileKeyManager] Loading RSA key parameters from file /Users/peter/School/Advanced Embedded Linux Development Specialization/ECEA 5305 Linux System Programming and Introduction to Buildroot/Assignment 1/actions-runner/.credentials_rsaparams
[2023-06-15 18:31:30Z INFO GitHubActionsService] AAD Correlation ID for this token request: Unknown
[2023-06-15 18:31:31Z INFO MessageListener] Session created.
[2023-06-15 18:31:31Z INFO Terminal] WRITE LINE: Current runner version: '2.304.0'
[2023-06-15 18:31:31Z INFO Terminal] WRITE LINE: 2023-06-15 18:31:31Z: Listening for Jobs
[2023-06-15 18:31:31Z INFO JobDispatcher] Set runner/worker IPC timeout to 30 seconds.
[2023-06-15 19:01:39Z INFO MessageListener] No message retrieved from session 'dea9d4e0-ace7-409c-ac72-65a8aef9bb1c' within last 30 minutes.
[2023-06-15 19:26:44Z INFO RSAFileKeyManager] Loading RSA key parameters from file /Users/peter/School/Advanced Embedded Linux Development Specialization/ECEA 5305 Linux System Programming and Introduction to Buildroot/Assignment 1/actions-runner/.credentials_rsaparams
[2023-06-15 19:26:45Z INFO GitHubActionsService] AAD Correlation ID for this token request: Unknown
[2023-06-15 19:32:36Z INFO MessageListener] No message retrieved from session 'dea9d4e0-ace7-409c-ac72-65a8aef9bb1c' within last 30 minutes.
[2023-06-15 19:48:10Z WARN GitHubActionsService] GET request to https://pipelines.actions.githubusercontent.com/6n9YdM5l1jhJ5fTwqLVRjaC2kWZ9SuphynErDEtFofg9Ku2iet/_apis/distributedtask/pools/1/messages?sessionId=dea9d4e0-ace7-409c-ac72-65a8aef9bb1c&status=Online&runnerVersion=2.304.0 timed out after 60 seconds.
[2023-06-15 19:48:10Z ERR  MessageListener] Catch exception during get next message.
[2023-06-15 19:48:10Z ERR  MessageListener] System.TimeoutException: The HTTP request timed out after 00:01:00.
 ---> System.Threading.Tasks.TaskCanceledException: The operation was canceled.
 ---> System.IO.IOException: Unable to read data from the transport connection: Operation canceled.
 ---> System.Net.Sockets.SocketException (89): Operation canceled
   --- End of inner exception stack trace ---
   at System.Net.Sockets.Socket.AwaitableSocketAsyncEventArgs.ThrowException(SocketError error, CancellationToken cancellationToken)
   at System.Net.Sockets.Socket.AwaitableSocketAsyncEventArgs.System.Threading.Tasks.Sources.IValueTaskSource<System.Int32>.GetResult(Int16 token)
   at System.Net.Security.SslStream.EnsureFullTlsFrameAsync[TIOAdapter](TIOAdapter adapter)
   at System.Net.Security.SslStream.ReadAsyncInternal[TIOAdapter](TIOAdapter adapter, Memory`1 buffer)
   at System.Net.Http.HttpConnection.SendAsyncCore(HttpRequestMessage request, Boolean async, CancellationToken cancellationToken)
   --- End of inner exception stack trace ---
   at System.Net.Http.HttpConnection.SendAsyncCore(HttpRequestMessage request, Boolean async, CancellationToken cancellationToken)
   at System.Net.Http.AuthenticationHelper.SendWithNtAuthAsync(HttpRequestMessage request, Uri authUri, Boolean async, ICredentials credentials, Boolean isProxyAuth, HttpConnection connection, HttpConnectionPool connectionPool, CancellationToken cancellationToken)
   at System.Net.Http.HttpConnectionPool.SendWithVersionDetectionAndRetryAsync(HttpRequestMessage request, Boolean async, Boolean doRequestAuth, CancellationToken cancellationToken)
   at System.Net.Http.AuthenticationHelper.SendWithAuthAsync(HttpRequestMessage request, Uri authUri, Boolean async, ICredentials credentials, Boolean preAuthenticate, Boolean isProxyAuth, Boolean doRequestAuth, HttpConnectionPool pool, CancellationToken cancellationToken)
   at System.Net.Http.DecompressionHandler.SendAsync(HttpRequestMessage request, Boolean async, CancellationToken cancellationToken)
   at GitHub.Services.Common.VssHttpMessageHandler.SendAsync(HttpRequestMessage request, CancellationToken cancellationToken)
   --- End of inner exception stack trace ---
   at GitHub.Services.Common.VssHttpMessageHandler.SendAsync(HttpRequestMessage request, CancellationToken cancellationToken)
   at GitHub.Services.Common.VssHttpRetryMessageHandler.SendAsync(HttpRequestMessage request, CancellationToken cancellationToken)
   at System.Net.Http.HttpClient.<SendAsync>g__Core|83_0(HttpRequestMessage request, HttpCompletionOption completionOption, CancellationTokenSource cts, Boolean disposeCts, CancellationTokenSource pendingRequestsCts, CancellationToken originalCancellationToken)
   at GitHub.Services.WebApi.VssHttpClientBase.SendAsync(HttpRequestMessage message, HttpCompletionOption completionOption, Object userState, CancellationToken cancellationToken)
   at GitHub.Services.WebApi.VssHttpClientBase.SendAsync[T](HttpRequestMessage message, Object userState, CancellationToken cancellationToken)
   at GitHub.Services.WebApi.VssHttpClientBase.SendAsync[T](HttpMethod method, IEnumerable`1 additionalHeaders, Guid locationId, Object routeValues, ApiResourceVersion version, HttpContent content, IEnumerable`1 queryParameters, Object userState, CancellationToken cancellationToken)
   at GitHub.Runner.Listener.MessageListener.GetNextMessageAsync(CancellationToken token)
[2023-06-15 19:48:10Z ERR  MessageListener] #####################################################
[2023-06-15 19:48:10Z ERR  MessageListener] System.Threading.Tasks.TaskCanceledException: The operation was canceled.
 ---> System.IO.IOException: Unable to read data from the transport connection: Operation canceled.
 ---> System.Net.Sockets.SocketException (89): Operation canceled
   --- End of inner exception stack trace ---
   at System.Net.Sockets.Socket.AwaitableSocketAsyncEventArgs.ThrowException(SocketError error, CancellationToken cancellationToken)
   at System.Net.Sockets.Socket.AwaitableSocketAsyncEventArgs.System.Threading.Tasks.Sources.IValueTaskSource<System.Int32>.GetResult(Int16 token)
   at System.Net.Security.SslStream.EnsureFullTlsFrameAsync[TIOAdapter](TIOAdapter adapter)
   at System.Net.Security.SslStream.ReadAsyncInternal[TIOAdapter](TIOAdapter adapter, Memory`1 buffer)
   at System.Net.Http.HttpConnection.SendAsyncCore(HttpRequestMessage request, Boolean async, CancellationToken cancellationToken)
   --- End of inner exception stack trace ---
   at System.Net.Http.HttpConnection.SendAsyncCore(HttpRequestMessage request, Boolean async, CancellationToken cancellationToken)
   at System.Net.Http.AuthenticationHelper.SendWithNtAuthAsync(HttpRequestMessage request, Uri authUri, Boolean async, ICredentials credentials, Boolean isProxyAuth, HttpConnection connection, HttpConnectionPool connectionPool, CancellationToken cancellationToken)
   at System.Net.Http.HttpConnectionPool.SendWithVersionDetectionAndRetryAsync(HttpRequestMessage request, Boolean async, Boolean doRequestAuth, CancellationToken cancellationToken)
   at System.Net.Http.AuthenticationHelper.SendWithAuthAsync(HttpRequestMessage request, Uri authUri, Boolean async, ICredentials credentials, Boolean preAuthenticate, Boolean isProxyAuth, Boolean doRequestAuth, HttpConnectionPool pool, CancellationToken cancellationToken)
   at System.Net.Http.DecompressionHandler.SendAsync(HttpRequestMessage request, Boolean async, CancellationToken cancellationToken)
   at GitHub.Services.Common.VssHttpMessageHandler.SendAsync(HttpRequestMessage request, CancellationToken cancellationToken)
[2023-06-15 19:48:10Z ERR  MessageListener] #####################################################
[2023-06-15 19:48:10Z ERR  MessageListener] System.IO.IOException: Unable to read data from the transport connection: Operation canceled.
 ---> System.Net.Sockets.SocketException (89): Operation canceled
   --- End of inner exception stack trace ---
   at System.Net.Sockets.Socket.AwaitableSocketAsyncEventArgs.ThrowException(SocketError error, CancellationToken cancellationToken)
   at System.Net.Sockets.Socket.AwaitableSocketAsyncEventArgs.System.Threading.Tasks.Sources.IValueTaskSource<System.Int32>.GetResult(Int16 token)
   at System.Net.Security.SslStream.EnsureFullTlsFrameAsync[TIOAdapter](TIOAdapter adapter)
   at System.Net.Security.SslStream.ReadAsyncInternal[TIOAdapter](TIOAdapter adapter, Memory`1 buffer)
   at System.Net.Http.HttpConnection.SendAsyncCore(HttpRequestMessage request, Boolean async, CancellationToken cancellationToken)
[2023-06-15 19:48:10Z ERR  MessageListener] #####################################################
[2023-06-15 19:48:10Z ERR  MessageListener] System.Net.Sockets.SocketException (89): Operation canceled
[2023-06-15 19:48:10Z INFO MessageListener] Retriable exception: The HTTP request timed out after 00:01:00.
[2023-06-15 19:48:10Z ERR  Terminal] WRITE ERROR: 2023-06-15 19:48:10Z: Runner connect error: The HTTP request timed out after 00:01:00.. Retrying until reconnected.
[2023-06-15 19:48:10Z INFO RunnerServer] Refresh MessageQueue VssConnection to get on a different AFD node.
[2023-06-15 19:48:10Z INFO RunnerServer] EstablishVssConnection
[2023-06-15 19:48:10Z INFO RunnerServer] Establish connection with 60 seconds timeout.
[2023-06-15 19:48:10Z INFO GitHubActionsService] Starting operation Location.GetConnectionData
[2023-06-15 19:48:10Z INFO GitHubActionsService] Finished operation Location.GetConnectionData
[2023-06-15 19:48:10Z INFO MessageListener] Sleeping for 25.893 seconds before retrying.
[2023-06-15 20:09:26Z WARN GitHubActionsService] Attempt 1 of GET request to https://pipelines.actions.githubusercontent.com/6n9YdM5l1jhJ5fTwqLVRjaC2kWZ9SuphynErDEtFofg9Ku2iet/_apis/distributedtask/pools/1/messages?sessionId=dea9d4e0-ace7-409c-ac72-65a8aef9bb1c&status=Online&runnerVersion=2.304.0 failed (Socket Error: ConnectionReset). The operation will be retried in 11.164 seconds.
[2023-06-15 20:23:32Z WARN GitHubActionsService] GET request to https://pipelines.actions.githubusercontent.com/6n9YdM5l1jhJ5fTwqLVRjaC2kWZ9SuphynErDEtFofg9Ku2iet/_apis/distributedtask/pools/1/messages?sessionId=dea9d4e0-ace7-409c-ac72-65a8aef9bb1c&status=Online&runnerVersion=2.304.0 timed out after 60 seconds.
[2023-06-15 20:23:32Z ERR  MessageListener] Catch exception during get next message.
[2023-06-15 20:23:32Z ERR  MessageListener] System.TimeoutException: The HTTP request timed out after 00:01:00.
 ---> System.Threading.Tasks.TaskCanceledException: The operation was canceled.
 ---> System.IO.IOException: Unable to read data from the transport connection: Operation canceled.
 ---> System.Net.Sockets.SocketException (89): Operation canceled
   --- End of inner exception stack trace ---
   at System.Net.Sockets.Socket.AwaitableSocketAsyncEventArgs.ThrowException(SocketError error, CancellationToken cancellationToken)
   at System.Net.Sockets.Socket.AwaitableSocketAsyncEventArgs.System.Threading.Tasks.Sources.IValueTaskSource<System.Int32>.GetResult(Int16 token)
   at System.Net.Security.SslStream.EnsureFullTlsFrameAsync[TIOAdapter](TIOAdapter adapter)
   at System.Net.Security.SslStream.ReadAsyncInternal[TIOAdapter](TIOAdapter adapter, Memory`1 buffer)
   at System.Net.Http.HttpConnection.InitialFillAsync(Boolean async)
   at System.Net.Http.HttpConnection.SendAsyncCore(HttpRequestMessage request, Boolean async, CancellationToken cancellationToken)
   --- End of inner exception stack trace ---
   at System.Net.Http.HttpConnection.SendAsyncCore(HttpRequestMessage request, Boolean async, CancellationToken cancellationToken)
   at System.Net.Http.AuthenticationHelper.SendWithNtAuthAsync(HttpRequestMessage request, Uri authUri, Boolean async, ICredentials credentials, Boolean isProxyAuth, HttpConnection connection, HttpConnectionPool connectionPool, CancellationToken cancellationToken)
   at System.Net.Http.HttpConnectionPool.SendWithVersionDetectionAndRetryAsync(HttpRequestMessage request, Boolean async, Boolean doRequestAuth, CancellationToken cancellationToken)
   at System.Net.Http.AuthenticationHelper.SendWithAuthAsync(HttpRequestMessage request, Uri authUri, Boolean async, ICredentials credentials, Boolean preAuthenticate, Boolean isProxyAuth, Boolean doRequestAuth, HttpConnectionPool pool, CancellationToken cancellationToken)
   at System.Net.Http.DecompressionHandler.SendAsync(HttpRequestMessage request, Boolean async, CancellationToken cancellationToken)
   at GitHub.Services.Common.VssHttpMessageHandler.SendAsync(HttpRequestMessage request, CancellationToken cancellationToken)
   --- End of inner exception stack trace ---
   at GitHub.Services.Common.VssHttpMessageHandler.SendAsync(HttpRequestMessage request, CancellationToken cancellationToken)
   at GitHub.Services.Common.VssHttpRetryMessageHandler.SendAsync(HttpRequestMessage request, CancellationToken cancellationToken)
   at System.Net.Http.HttpClient.<SendAsync>g__Core|83_0(HttpRequestMessage request, HttpCompletionOption completionOption, CancellationTokenSource cts, Boolean disposeCts, CancellationTokenSource pendingRequestsCts, CancellationToken originalCancellationToken)
   at GitHub.Services.WebApi.VssHttpClientBase.SendAsync(HttpRequestMessage message, HttpCompletionOption completionOption, Object userState, CancellationToken cancellationToken)
   at GitHub.Services.WebApi.VssHttpClientBase.SendAsync[T](HttpRequestMessage message, Object userState, CancellationToken cancellationToken)
   at GitHub.Services.WebApi.VssHttpClientBase.SendAsync[T](HttpMethod method, IEnumerable`1 additionalHeaders, Guid locationId, Object routeValues, ApiResourceVersion version, HttpContent content, IEnumerable`1 queryParameters, Object userState, CancellationToken cancellationToken)
   at GitHub.Runner.Listener.MessageListener.GetNextMessageAsync(CancellationToken token)
[2023-06-15 20:23:32Z ERR  MessageListener] #####################################################
[2023-06-15 20:23:32Z ERR  MessageListener] System.Threading.Tasks.TaskCanceledException: The operation was canceled.
 ---> System.IO.IOException: Unable to read data from the transport connection: Operation canceled.
 ---> System.Net.Sockets.SocketException (89): Operation canceled
   --- End of inner exception stack trace ---
   at System.Net.Sockets.Socket.AwaitableSocketAsyncEventArgs.ThrowException(SocketError error, CancellationToken cancellationToken)
   at System.Net.Sockets.Socket.AwaitableSocketAsyncEventArgs.System.Threading.Tasks.Sources.IValueTaskSource<System.Int32>.GetResult(Int16 token)
   at System.Net.Security.SslStream.EnsureFullTlsFrameAsync[TIOAdapter](TIOAdapter adapter)
   at System.Net.Security.SslStream.ReadAsyncInternal[TIOAdapter](TIOAdapter adapter, Memory`1 buffer)
   at System.Net.Http.HttpConnection.InitialFillAsync(Boolean async)
   at System.Net.Http.HttpConnection.SendAsyncCore(HttpRequestMessage request, Boolean async, CancellationToken cancellationToken)
   --- End of inner exception stack trace ---
   at System.Net.Http.HttpConnection.SendAsyncCore(HttpRequestMessage request, Boolean async, CancellationToken cancellationToken)
   at System.Net.Http.AuthenticationHelper.SendWithNtAuthAsync(HttpRequestMessage request, Uri authUri, Boolean async, ICredentials credentials, Boolean isProxyAuth, HttpConnection connection, HttpConnectionPool connectionPool, CancellationToken cancellationToken)
   at System.Net.Http.HttpConnectionPool.SendWithVersionDetectionAndRetryAsync(HttpRequestMessage request, Boolean async, Boolean doRequestAuth, CancellationToken cancellationToken)
   at System.Net.Http.AuthenticationHelper.SendWithAuthAsync(HttpRequestMessage request, Uri authUri, Boolean async, ICredentials credentials, Boolean preAuthenticate, Boolean isProxyAuth, Boolean doRequestAuth, HttpConnectionPool pool, CancellationToken cancellationToken)
   at System.Net.Http.DecompressionHandler.SendAsync(HttpRequestMessage request, Boolean async, CancellationToken cancellationToken)
   at GitHub.Services.Common.VssHttpMessageHandler.SendAsync(HttpRequestMessage request, CancellationToken cancellationToken)
[2023-06-15 20:23:32Z ERR  MessageListener] #####################################################
[2023-06-15 20:23:32Z ERR  MessageListener] System.IO.IOException: Unable to read data from the transport connection: Operation canceled.
 ---> System.Net.Sockets.SocketException (89): Operation canceled
   --- End of inner exception stack trace ---
   at System.Net.Sockets.Socket.AwaitableSocketAsyncEventArgs.ThrowException(SocketError error, CancellationToken cancellationToken)
   at System.Net.Sockets.Socket.AwaitableSocketAsyncEventArgs.System.Threading.Tasks.Sources.IValueTaskSource<System.Int32>.GetResult(Int16 token)
   at System.Net.Security.SslStream.EnsureFullTlsFrameAsync[TIOAdapter](TIOAdapter adapter)
   at System.Net.Security.SslStream.ReadAsyncInternal[TIOAdapter](TIOAdapter adapter, Memory`1 buffer)
   at System.Net.Http.HttpConnection.InitialFillAsync(Boolean async)
   at System.Net.Http.HttpConnection.SendAsyncCore(HttpRequestMessage request, Boolean async, CancellationToken cancellationToken)
[2023-06-15 20:23:32Z ERR  MessageListener] #####################################################
[2023-06-15 20:23:32Z ERR  MessageListener] System.Net.Sockets.SocketException (89): Operation canceled
[2023-06-15 20:23:32Z INFO MessageListener] Retriable exception: The HTTP request timed out after 00:01:00.
[2023-06-15 20:23:32Z INFO RunnerServer] Refresh MessageQueue VssConnection to get on a different AFD node.
[2023-06-15 20:23:32Z INFO RunnerServer] EstablishVssConnection
[2023-06-15 20:23:32Z INFO RunnerServer] Establish connection with 60 seconds timeout.
[2023-06-15 20:23:32Z INFO GitHubActionsService] Starting operation Location.GetConnectionData
[2023-06-15 20:23:32Z INFO GitHubActionsService] Finished operation Location.GetConnectionData
[2023-06-15 20:23:33Z INFO MessageListener] Sleeping for 28.273 seconds before retrying.
[2023-06-15 20:29:55Z INFO RSAFileKeyManager] Loading RSA key parameters from file /Users/peter/School/Advanced Embedded Linux Development Specialization/ECEA 5305 Linux System Programming and Introduction to Buildroot/Assignment 1/actions-runner/.credentials_rsaparams
[2023-06-15 20:29:55Z INFO GitHubActionsService] AAD Correlation ID for this token request: Unknown
[2023-06-15 20:43:30Z WARN GitHubActionsService] GET request to https://pipelines.actions.githubusercontent.com/6n9YdM5l1jhJ5fTwqLVRjaC2kWZ9SuphynErDEtFofg9Ku2iet/_apis/distributedtask/pools/1/messages?sessionId=dea9d4e0-ace7-409c-ac72-65a8aef9bb1c&status=Online&runnerVersion=2.304.0 timed out after 60 seconds.
[2023-06-15 20:43:30Z ERR  MessageListener] Catch exception during get next message.
[2023-06-15 20:43:30Z ERR  MessageListener] System.TimeoutException: The HTTP request timed out after 00:01:00.
 ---> System.Threading.Tasks.TaskCanceledException: The operation was canceled.
 ---> System.IO.IOException: Unable to read data from the transport connection: Operation canceled.
 ---> System.Net.Sockets.SocketException (89): Operation canceled
   --- End of inner exception stack trace ---
   at System.Net.Sockets.Socket.AwaitableSocketAsyncEventArgs.ThrowException(SocketError error, CancellationToken cancellationToken)
   at System.Net.Sockets.Socket.AwaitableSocketAsyncEventArgs.System.Threading.Tasks.Sources.IValueTaskSource<System.Int32>.GetResult(Int16 token)
   at System.Net.Security.SslStream.EnsureFullTlsFrameAsync[TIOAdapter](TIOAdapter adapter)
   at System.Net.Security.SslStream.ReadAsyncInternal[TIOAdapter](TIOAdapter adapter, Memory`1 buffer)
   at System.Net.Http.HttpConnection.SendAsyncCore(HttpRequestMessage request, Boolean async, CancellationToken cancellationToken)
   --- End of inner exception stack trace ---
   at System.Net.Http.HttpConnection.SendAsyncCore(HttpRequestMessage request, Boolean async, CancellationToken cancellationToken)
   at System.Net.Http.AuthenticationHelper.SendWithNtAuthAsync(HttpRequestMessage request, Uri authUri, Boolean async, ICredentials credentials, Boolean isProxyAuth, HttpConnection connection, HttpConnectionPool connectionPool, CancellationToken cancellationToken)
   at System.Net.Http.HttpConnectionPool.SendWithVersionDetectionAndRetryAsync(HttpRequestMessage request, Boolean async, Boolean doRequestAuth, CancellationToken cancellationToken)
   at System.Net.Http.AuthenticationHelper.SendWithAuthAsync(HttpRequestMessage request, Uri authUri, Boolean async, ICredentials credentials, Boolean preAuthenticate, Boolean isProxyAuth, Boolean doRequestAuth, HttpConnectionPool pool, CancellationToken cancellationToken)
   at System.Net.Http.DecompressionHandler.SendAsync(HttpRequestMessage request, Boolean async, CancellationToken cancellationToken)
   at GitHub.Services.Common.VssHttpMessageHandler.SendAsync(HttpRequestMessage request, CancellationToken cancellationToken)
   --- End of inner exception stack trace ---
   at GitHub.Services.Common.VssHttpMessageHandler.SendAsync(HttpRequestMessage request, CancellationToken cancellationToken)
   at GitHub.Services.Common.VssHttpRetryMessageHandler.SendAsync(HttpRequestMessage request, CancellationToken cancellationToken)
   at System.Net.Http.HttpClient.<SendAsync>g__Core|83_0(HttpRequestMessage request, HttpCompletionOption completionOption, CancellationTokenSource cts, Boolean disposeCts, CancellationTokenSource pendingRequestsCts, CancellationToken originalCancellationToken)
   at GitHub.Services.WebApi.VssHttpClientBase.SendAsync(HttpRequestMessage message, HttpCompletionOption completionOption, Object userState, CancellationToken cancellationToken)
   at GitHub.Services.WebApi.VssHttpClientBase.SendAsync[T](HttpRequestMessage message, Object userState, CancellationToken cancellationToken)
   at GitHub.Services.WebApi.VssHttpClientBase.SendAsync[T](HttpMethod method, IEnumerable`1 additionalHeaders, Guid locationId, Object routeValues, ApiResourceVersion version, HttpContent content, IEnumerable`1 queryParameters, Object userState, CancellationToken cancellationToken)
   at GitHub.Runner.Listener.MessageListener.GetNextMessageAsync(CancellationToken token)
[2023-06-15 20:43:30Z ERR  MessageListener] #####################################################
[2023-06-15 20:43:30Z ERR  MessageListener] System.Threading.Tasks.TaskCanceledException: The operation was canceled.
 ---> System.IO.IOException: Unable to read data from the transport connection: Operation canceled.
 ---> System.Net.Sockets.SocketException (89): Operation canceled
   --- End of inner exception stack trace ---
   at System.Net.Sockets.Socket.AwaitableSocketAsyncEventArgs.ThrowException(SocketError error, CancellationToken cancellationToken)
   at System.Net.Sockets.Socket.AwaitableSocketAsyncEventArgs.System.Threading.Tasks.Sources.IValueTaskSource<System.Int32>.GetResult(Int16 token)
   at System.Net.Security.SslStream.EnsureFullTlsFrameAsync[TIOAdapter](TIOAdapter adapter)
   at System.Net.Security.SslStream.ReadAsyncInternal[TIOAdapter](TIOAdapter adapter, Memory`1 buffer)
   at System.Net.Http.HttpConnection.SendAsyncCore(HttpRequestMessage request, Boolean async, CancellationToken cancellationToken)
   --- End of inner exception stack trace ---
   at System.Net.Http.HttpConnection.SendAsyncCore(HttpRequestMessage request, Boolean async, CancellationToken cancellationToken)
   at System.Net.Http.AuthenticationHelper.SendWithNtAuthAsync(HttpRequestMessage request, Uri authUri, Boolean async, ICredentials credentials, Boolean isProxyAuth, HttpConnection connection, HttpConnectionPool connectionPool, CancellationToken cancellationToken)
   at System.Net.Http.HttpConnectionPool.SendWithVersionDetectionAndRetryAsync(HttpRequestMessage request, Boolean async, Boolean doRequestAuth, CancellationToken cancellationToken)
   at System.Net.Http.AuthenticationHelper.SendWithAuthAsync(HttpRequestMessage request, Uri authUri, Boolean async, ICredentials credentials, Boolean preAuthenticate, Boolean isProxyAuth, Boolean doRequestAuth, HttpConnectionPool pool, CancellationToken cancellationToken)
   at System.Net.Http.DecompressionHandler.SendAsync(HttpRequestMessage request, Boolean async, CancellationToken cancellationToken)
   at GitHub.Services.Common.VssHttpMessageHandler.SendAsync(HttpRequestMessage request, CancellationToken cancellationToken)
[2023-06-15 20:43:30Z ERR  MessageListener] #####################################################
[2023-06-15 20:43:30Z ERR  MessageListener] System.IO.IOException: Unable to read data from the transport connection: Operation canceled.
 ---> System.Net.Sockets.SocketException (89): Operation canceled
   --- End of inner exception stack trace ---
   at System.Net.Sockets.Socket.AwaitableSocketAsyncEventArgs.ThrowException(SocketError error, CancellationToken cancellationToken)
   at System.Net.Sockets.Socket.AwaitableSocketAsyncEventArgs.System.Threading.Tasks.Sources.IValueTaskSource<System.Int32>.GetResult(Int16 token)
   at System.Net.Security.SslStream.EnsureFullTlsFrameAsync[TIOAdapter](TIOAdapter adapter)
   at System.Net.Security.SslStream.ReadAsyncInternal[TIOAdapter](TIOAdapter adapter, Memory`1 buffer)
   at System.Net.Http.HttpConnection.SendAsyncCore(HttpRequestMessage request, Boolean async, CancellationToken cancellationToken)
[2023-06-15 20:43:30Z ERR  MessageListener] #####################################################
[2023-06-15 20:43:30Z ERR  MessageListener] System.Net.Sockets.SocketException (89): Operation canceled
[2023-06-15 20:43:30Z INFO MessageListener] Retriable exception: The HTTP request timed out after 00:01:00.
[2023-06-15 20:43:30Z INFO RunnerServer] Refresh MessageQueue VssConnection to get on a different AFD node.
[2023-06-15 20:43:30Z INFO RunnerServer] EstablishVssConnection
[2023-06-15 20:43:30Z INFO RunnerServer] Establish connection with 60 seconds timeout.
[2023-06-15 20:43:30Z INFO GitHubActionsService] Starting operation Location.GetConnectionData
[2023-06-15 20:43:30Z INFO GitHubActionsService] Finished operation Location.GetConnectionData
[2023-06-15 20:43:30Z INFO MessageListener] Sleeping for 18.857 seconds before retrying.
[2023-06-15 21:20:26Z WARN GitHubActionsService] GET request to https://pipelines.actions.githubusercontent.com/6n9YdM5l1jhJ5fTwqLVRjaC2kWZ9SuphynErDEtFofg9Ku2iet/_apis/distributedtask/pools/1/messages?sessionId=dea9d4e0-ace7-409c-ac72-65a8aef9bb1c&status=Online&runnerVersion=2.304.0 timed out after 60 seconds.
[2023-06-15 21:20:26Z ERR  MessageListener] Catch exception during get next message.
[2023-06-15 21:20:26Z ERR  MessageListener] System.TimeoutException: The HTTP request timed out after 00:01:00.
 ---> System.Threading.Tasks.TaskCanceledException: The operation was canceled.
 ---> System.IO.IOException: Unable to read data from the transport connection: Operation canceled.
 ---> System.Net.Sockets.SocketException (89): Operation canceled
   --- End of inner exception stack trace ---
   at System.Net.Sockets.Socket.AwaitableSocketAsyncEventArgs.ThrowException(SocketError error, CancellationToken cancellationToken)
   at System.Net.Sockets.Socket.AwaitableSocketAsyncEventArgs.System.Threading.Tasks.Sources.IValueTaskSource<System.Int32>.GetResult(Int16 token)
   at System.Net.Security.SslStream.ReadAsyncInternal[TIOAdapter](TIOAdapter adapter, Memory`1 buffer)
   at System.Net.Http.HttpConnection.<CheckUsabilityOnScavenge>g__ReadAheadWithZeroByteReadAsync|45_0()
   at System.Net.Http.HttpConnection.SendAsyncCore(HttpRequestMessage request, Boolean async, CancellationToken cancellationToken)
   --- End of inner exception stack trace ---
   at System.Net.Http.HttpConnection.SendAsyncCore(HttpRequestMessage request, Boolean async, CancellationToken cancellationToken)
   at System.Net.Http.AuthenticationHelper.SendWithNtAuthAsync(HttpRequestMessage request, Uri authUri, Boolean async, ICredentials credentials, Boolean isProxyAuth, HttpConnection connection, HttpConnectionPool connectionPool, CancellationToken cancellationToken)
   at System.Net.Http.HttpConnectionPool.SendWithVersionDetectionAndRetryAsync(HttpRequestMessage request, Boolean async, Boolean doRequestAuth, CancellationToken cancellationToken)
   at System.Net.Http.AuthenticationHelper.SendWithAuthAsync(HttpRequestMessage request, Uri authUri, Boolean async, ICredentials credentials, Boolean preAuthenticate, Boolean isProxyAuth, Boolean doRequestAuth, HttpConnectionPool pool, CancellationToken cancellationToken)
   at System.Net.Http.DecompressionHandler.SendAsync(HttpRequestMessage request, Boolean async, CancellationToken cancellationToken)
   at GitHub.Services.Common.VssHttpMessageHandler.SendAsync(HttpRequestMessage request, CancellationToken cancellationToken)
   --- End of inner exception stack trace ---
   at GitHub.Services.Common.VssHttpMessageHandler.SendAsync(HttpRequestMessage request, CancellationToken cancellationToken)
   at GitHub.Services.Common.VssHttpRetryMessageHandler.SendAsync(HttpRequestMessage request, CancellationToken cancellationToken)
   at System.Net.Http.HttpClient.<SendAsync>g__Core|83_0(HttpRequestMessage request, HttpCompletionOption completionOption, CancellationTokenSource cts, Boolean disposeCts, CancellationTokenSource pendingRequestsCts, CancellationToken originalCancellationToken)
   at GitHub.Services.WebApi.VssHttpClientBase.SendAsync(HttpRequestMessage message, HttpCompletionOption completionOption, Object userState, CancellationToken cancellationToken)
   at GitHub.Services.WebApi.VssHttpClientBase.SendAsync[T](HttpRequestMessage message, Object userState, CancellationToken cancellationToken)
   at GitHub.Services.WebApi.VssHttpClientBase.SendAsync[T](HttpMethod method, IEnumerable`1 additionalHeaders, Guid locationId, Object routeValues, ApiResourceVersion version, HttpContent content, IEnumerable`1 queryParameters, Object userState, CancellationToken cancellationToken)
   at GitHub.Runner.Listener.MessageListener.GetNextMessageAsync(CancellationToken token)
[2023-06-15 21:20:26Z ERR  MessageListener] #####################################################
[2023-06-15 21:20:26Z ERR  MessageListener] System.Threading.Tasks.TaskCanceledException: The operation was canceled.
 ---> System.IO.IOException: Unable to read data from the transport connection: Operation canceled.
 ---> System.Net.Sockets.SocketException (89): Operation canceled
   --- End of inner exception stack trace ---
   at System.Net.Sockets.Socket.AwaitableSocketAsyncEventArgs.ThrowException(SocketError error, CancellationToken cancellationToken)
   at System.Net.Sockets.Socket.AwaitableSocketAsyncEventArgs.System.Threading.Tasks.Sources.IValueTaskSource<System.Int32>.GetResult(Int16 token)
   at System.Net.Security.SslStream.ReadAsyncInternal[TIOAdapter](TIOAdapter adapter, Memory`1 buffer)
   at System.Net.Http.HttpConnection.<CheckUsabilityOnScavenge>g__ReadAheadWithZeroByteReadAsync|45_0()
   at System.Net.Http.HttpConnection.SendAsyncCore(HttpRequestMessage request, Boolean async, CancellationToken cancellationToken)
   --- End of inner exception stack trace ---
   at System.Net.Http.HttpConnection.SendAsyncCore(HttpRequestMessage request, Boolean async, CancellationToken cancellationToken)
   at System.Net.Http.AuthenticationHelper.SendWithNtAuthAsync(HttpRequestMessage request, Uri authUri, Boolean async, ICredentials credentials, Boolean isProxyAuth, HttpConnection connection, HttpConnectionPool connectionPool, CancellationToken cancellationToken)
   at System.Net.Http.HttpConnectionPool.SendWithVersionDetectionAndRetryAsync(HttpRequestMessage request, Boolean async, Boolean doRequestAuth, CancellationToken cancellationToken)
   at System.Net.Http.AuthenticationHelper.SendWithAuthAsync(HttpRequestMessage request, Uri authUri, Boolean async, ICredentials credentials, Boolean preAuthenticate, Boolean isProxyAuth, Boolean doRequestAuth, HttpConnectionPool pool, CancellationToken cancellationToken)
   at System.Net.Http.DecompressionHandler.SendAsync(HttpRequestMessage request, Boolean async, CancellationToken cancellationToken)
   at GitHub.Services.Common.VssHttpMessageHandler.SendAsync(HttpRequestMessage request, CancellationToken cancellationToken)
[2023-06-15 21:20:26Z ERR  MessageListener] #####################################################
[2023-06-15 21:20:26Z ERR  MessageListener] System.IO.IOException: Unable to read data from the transport connection: Operation canceled.
 ---> System.Net.Sockets.SocketException (89): Operation canceled
   --- End of inner exception stack trace ---
   at System.Net.Sockets.Socket.AwaitableSocketAsyncEventArgs.ThrowException(SocketError error, CancellationToken cancellationToken)
   at System.Net.Sockets.Socket.AwaitableSocketAsyncEventArgs.System.Threading.Tasks.Sources.IValueTaskSource<System.Int32>.GetResult(Int16 token)
   at System.Net.Security.SslStream.ReadAsyncInternal[TIOAdapter](TIOAdapter adapter, Memory`1 buffer)
   at System.Net.Http.HttpConnection.<CheckUsabilityOnScavenge>g__ReadAheadWithZeroByteReadAsync|45_0()
   at System.Net.Http.HttpConnection.SendAsyncCore(HttpRequestMessage request, Boolean async, CancellationToken cancellationToken)
[2023-06-15 21:20:26Z ERR  MessageListener] #####################################################
[2023-06-15 21:20:26Z ERR  MessageListener] System.Net.Sockets.SocketException (89): Operation canceled
[2023-06-15 21:20:26Z INFO MessageListener] Retriable exception: The HTTP request timed out after 00:01:00.
[2023-06-15 21:20:26Z INFO RunnerServer] Refresh MessageQueue VssConnection to get on a different AFD node.
[2023-06-15 21:20:26Z INFO RunnerServer] EstablishVssConnection
[2023-06-15 21:20:26Z INFO RunnerServer] Establish connection with 60 seconds timeout.
[2023-06-15 21:20:26Z INFO GitHubActionsService] Starting operation Location.GetConnectionData
[2023-06-15 21:20:26Z INFO GitHubActionsService] Finished operation Location.GetConnectionData
[2023-06-15 21:20:26Z INFO MessageListener] Sleeping for 16.505 seconds before retrying.
[2023-06-15 21:23:12Z WARN GitHubActionsService] Attempt 1 of GET request to https://pipelines.actions.githubusercontent.com/6n9YdM5l1jhJ5fTwqLVRjaC2kWZ9SuphynErDEtFofg9Ku2iet/_apis/distributedtask/pools/1/messages?sessionId=dea9d4e0-ace7-409c-ac72-65a8aef9bb1c&status=Online&runnerVersion=2.304.0 failed (Socket Error: ConnectionReset). The operation will be retried in 11.017 seconds.
[2023-06-15 21:24:39Z INFO Terminal] WRITE LINE: 2023-06-15 21:24:39Z: Runner reconnected.
[2023-06-15 21:48:04Z WARN GitHubActionsService] GET request to https://pipelines.actions.githubusercontent.com/6n9YdM5l1jhJ5fTwqLVRjaC2kWZ9SuphynErDEtFofg9Ku2iet/_apis/distributedtask/pools/1/messages?sessionId=dea9d4e0-ace7-409c-ac72-65a8aef9bb1c&status=Online&runnerVersion=2.304.0 timed out after 60 seconds.
[2023-06-15 21:48:04Z ERR  MessageListener] Catch exception during get next message.
[2023-06-15 21:48:04Z ERR  MessageListener] System.TimeoutException: The HTTP request timed out after 00:01:00.
 ---> System.Threading.Tasks.TaskCanceledException: The operation was canceled.
 ---> System.IO.IOException: Unable to read data from the transport connection: Operation canceled.
 ---> System.Net.Sockets.SocketException (89): Operation canceled
   --- End of inner exception stack trace ---
   at System.Net.Sockets.Socket.AwaitableSocketAsyncEventArgs.ThrowException(SocketError error, CancellationToken cancellationToken)
   at System.Net.Sockets.Socket.AwaitableSocketAsyncEventArgs.System.Threading.Tasks.Sources.IValueTaskSource<System.Int32>.GetResult(Int16 token)
   at System.Net.Security.SslStream.EnsureFullTlsFrameAsync[TIOAdapter](TIOAdapter adapter)
   at System.Net.Security.SslStream.ReadAsyncInternal[TIOAdapter](TIOAdapter adapter, Memory`1 buffer)
   at System.Net.Http.HttpConnection.SendAsyncCore(HttpRequestMessage request, Boolean async, CancellationToken cancellationToken)
   --- End of inner exception stack trace ---
   at System.Net.Http.HttpConnection.SendAsyncCore(HttpRequestMessage request, Boolean async, CancellationToken cancellationToken)
   at System.Net.Http.AuthenticationHelper.SendWithNtAuthAsync(HttpRequestMessage request, Uri authUri, Boolean async, ICredentials credentials, Boolean isProxyAuth, HttpConnection connection, HttpConnectionPool connectionPool, CancellationToken cancellationToken)
   at System.Net.Http.HttpConnectionPool.SendWithVersionDetectionAndRetryAsync(HttpRequestMessage request, Boolean async, Boolean doRequestAuth, CancellationToken cancellationToken)
   at System.Net.Http.AuthenticationHelper.SendWithAuthAsync(HttpRequestMessage request, Uri authUri, Boolean async, ICredentials credentials, Boolean preAuthenticate, Boolean isProxyAuth, Boolean doRequestAuth, HttpConnectionPool pool, CancellationToken cancellationToken)
   at System.Net.Http.DecompressionHandler.SendAsync(HttpRequestMessage request, Boolean async, CancellationToken cancellationToken)
   at GitHub.Services.Common.VssHttpMessageHandler.SendAsync(HttpRequestMessage request, CancellationToken cancellationToken)
   --- End of inner exception stack trace ---
   at GitHub.Services.Common.VssHttpMessageHandler.SendAsync(HttpRequestMessage request, CancellationToken cancellationToken)
   at GitHub.Services.Common.VssHttpRetryMessageHandler.SendAsync(HttpRequestMessage request, CancellationToken cancellationToken)
   at System.Net.Http.HttpClient.<SendAsync>g__Core|83_0(HttpRequestMessage request, HttpCompletionOption completionOption, CancellationTokenSource cts, Boolean disposeCts, CancellationTokenSource pendingRequestsCts, CancellationToken originalCancellationToken)
   at GitHub.Services.WebApi.VssHttpClientBase.SendAsync(HttpRequestMessage message, HttpCompletionOption completionOption, Object userState, CancellationToken cancellationToken)
   at GitHub.Services.WebApi.VssHttpClientBase.SendAsync[T](HttpRequestMessage message, Object userState, CancellationToken cancellationToken)
   at GitHub.Services.WebApi.VssHttpClientBase.SendAsync[T](HttpMethod method, IEnumerable`1 additionalHeaders, Guid locationId, Object routeValues, ApiResourceVersion version, HttpContent content, IEnumerable`1 queryParameters, Object userState, CancellationToken cancellationToken)
   at GitHub.Runner.Listener.MessageListener.GetNextMessageAsync(CancellationToken token)
[2023-06-15 21:48:04Z ERR  MessageListener] #####################################################
[2023-06-15 21:48:04Z ERR  MessageListener] System.Threading.Tasks.TaskCanceledException: The operation was canceled.
 ---> System.IO.IOException: Unable to read data from the transport connection: Operation canceled.
 ---> System.Net.Sockets.SocketException (89): Operation canceled
   --- End of inner exception stack trace ---
   at System.Net.Sockets.Socket.AwaitableSocketAsyncEventArgs.ThrowException(SocketError error, CancellationToken cancellationToken)
   at System.Net.Sockets.Socket.AwaitableSocketAsyncEventArgs.System.Threading.Tasks.Sources.IValueTaskSource<System.Int32>.GetResult(Int16 token)
   at System.Net.Security.SslStream.EnsureFullTlsFrameAsync[TIOAdapter](TIOAdapter adapter)
   at System.Net.Security.SslStream.ReadAsyncInternal[TIOAdapter](TIOAdapter adapter, Memory`1 buffer)
   at System.Net.Http.HttpConnection.SendAsyncCore(HttpRequestMessage request, Boolean async, CancellationToken cancellationToken)
   --- End of inner exception stack trace ---
   at System.Net.Http.HttpConnection.SendAsyncCore(HttpRequestMessage request, Boolean async, CancellationToken cancellationToken)
   at System.Net.Http.AuthenticationHelper.SendWithNtAuthAsync(HttpRequestMessage request, Uri authUri, Boolean async, ICredentials credentials, Boolean isProxyAuth, HttpConnection connection, HttpConnectionPool connectionPool, CancellationToken cancellationToken)
   at System.Net.Http.HttpConnectionPool.SendWithVersionDetectionAndRetryAsync(HttpRequestMessage request, Boolean async, Boolean doRequestAuth, CancellationToken cancellationToken)
   at System.Net.Http.AuthenticationHelper.SendWithAuthAsync(HttpRequestMessage request, Uri authUri, Boolean async, ICredentials credentials, Boolean preAuthenticate, Boolean isProxyAuth, Boolean doRequestAuth, HttpConnectionPool pool, CancellationToken cancellationToken)
   at System.Net.Http.DecompressionHandler.SendAsync(HttpRequestMessage request, Boolean async, CancellationToken cancellationToken)
   at GitHub.Services.Common.VssHttpMessageHandler.SendAsync(HttpRequestMessage request, CancellationToken cancellationToken)
[2023-06-15 21:48:04Z ERR  MessageListener] #####################################################
[2023-06-15 21:48:04Z ERR  MessageListener] System.IO.IOException: Unable to read data from the transport connection: Operation canceled.
 ---> System.Net.Sockets.SocketException (89): Operation canceled
   --- End of inner exception stack trace ---
   at System.Net.Sockets.Socket.AwaitableSocketAsyncEventArgs.ThrowException(SocketError error, CancellationToken cancellationToken)
   at System.Net.Sockets.Socket.AwaitableSocketAsyncEventArgs.System.Threading.Tasks.Sources.IValueTaskSource<System.Int32>.GetResult(Int16 token)
   at System.Net.Security.SslStream.EnsureFullTlsFrameAsync[TIOAdapter](TIOAdapter adapter)
   at System.Net.Security.SslStream.ReadAsyncInternal[TIOAdapter](TIOAdapter adapter, Memory`1 buffer)
   at System.Net.Http.HttpConnection.SendAsyncCore(HttpRequestMessage request, Boolean async, CancellationToken cancellationToken)
[2023-06-15 21:48:04Z ERR  MessageListener] #####################################################
[2023-06-15 21:48:04Z ERR  MessageListener] System.Net.Sockets.SocketException (89): Operation canceled
[2023-06-15 21:48:04Z INFO MessageListener] Retriable exception: The HTTP request timed out after 00:01:00.
[2023-06-15 21:48:04Z ERR  Terminal] WRITE ERROR: 2023-06-15 21:48:04Z: Runner connect error: The HTTP request timed out after 00:01:00.. Retrying until reconnected.
[2023-06-15 21:48:04Z INFO RunnerServer] Refresh MessageQueue VssConnection to get on a different AFD node.
[2023-06-15 21:48:04Z INFO RunnerServer] EstablishVssConnection
[2023-06-15 21:48:04Z INFO RunnerServer] Establish connection with 60 seconds timeout.
[2023-06-15 21:48:04Z INFO GitHubActionsService] Starting operation Location.GetConnectionData
[2023-06-15 21:48:05Z INFO GitHubActionsService] Finished operation Location.GetConnectionData
[2023-06-15 21:48:05Z INFO MessageListener] Sleeping for 20.34 seconds before retrying.
[2023-06-15 21:55:18Z WARN GitHubActionsService] Attempt 1 of GET request to https://pipelines.actions.githubusercontent.com/6n9YdM5l1jhJ5fTwqLVRjaC2kWZ9SuphynErDEtFofg9Ku2iet/_apis/distributedtask/pools/1/messages?sessionId=dea9d4e0-ace7-409c-ac72-65a8aef9bb1c&status=Online&runnerVersion=2.304.0 failed (Socket Error: ConnectionReset). The operation will be retried in 10.867 seconds.
[2023-06-15 21:56:19Z INFO RSAFileKeyManager] Loading RSA key parameters from file /Users/peter/School/Advanced Embedded Linux Development Specialization/ECEA 5305 Linux System Programming and Introduction to Buildroot/Assignment 1/actions-runner/.credentials_rsaparams
[2023-06-15 21:56:19Z INFO GitHubActionsService] AAD Correlation ID for this token request: Unknown
[2023-06-15 22:24:35Z WARN GitHubActionsService] GET request to https://pipelines.actions.githubusercontent.com/6n9YdM5l1jhJ5fTwqLVRjaC2kWZ9SuphynErDEtFofg9Ku2iet/_apis/distributedtask/pools/1/messages?sessionId=dea9d4e0-ace7-409c-ac72-65a8aef9bb1c&status=Online&runnerVersion=2.304.0 timed out after 60 seconds.
[2023-06-15 22:24:35Z ERR  MessageListener] Catch exception during get next message.
[2023-06-15 22:24:35Z ERR  MessageListener] System.TimeoutException: The HTTP request timed out after 00:01:00.
 ---> System.Threading.Tasks.TaskCanceledException: The operation was canceled.
 ---> System.IO.IOException: Unable to read data from the transport connection: Operation canceled.
 ---> System.Net.Sockets.SocketException (89): Operation canceled
   --- End of inner exception stack trace ---
   at System.Net.Sockets.Socket.AwaitableSocketAsyncEventArgs.ThrowException(SocketError error, CancellationToken cancellationToken)
   at System.Net.Sockets.Socket.AwaitableSocketAsyncEventArgs.System.Threading.Tasks.Sources.IValueTaskSource<System.Int32>.GetResult(Int16 token)
   at System.Net.Security.SslStream.EnsureFullTlsFrameAsync[TIOAdapter](TIOAdapter adapter)
   at System.Net.Security.SslStream.ReadAsyncInternal[TIOAdapter](TIOAdapter adapter, Memory`1 buffer)
   at System.Net.Http.HttpConnection.SendAsyncCore(HttpRequestMessage request, Boolean async, CancellationToken cancellationToken)
   --- End of inner exception stack trace ---
   at System.Net.Http.HttpConnection.SendAsyncCore(HttpRequestMessage request, Boolean async, CancellationToken cancellationToken)
   at System.Net.Http.AuthenticationHelper.SendWithNtAuthAsync(HttpRequestMessage request, Uri authUri, Boolean async, ICredentials credentials, Boolean isProxyAuth, HttpConnection connection, HttpConnectionPool connectionPool, CancellationToken cancellationToken)
   at System.Net.Http.HttpConnectionPool.SendWithVersionDetectionAndRetryAsync(HttpRequestMessage request, Boolean async, Boolean doRequestAuth, CancellationToken cancellationToken)
   at System.Net.Http.AuthenticationHelper.SendWithAuthAsync(HttpRequestMessage request, Uri authUri, Boolean async, ICredentials credentials, Boolean preAuthenticate, Boolean isProxyAuth, Boolean doRequestAuth, HttpConnectionPool pool, CancellationToken cancellationToken)
   at System.Net.Http.DecompressionHandler.SendAsync(HttpRequestMessage request, Boolean async, CancellationToken cancellationToken)
   at GitHub.Services.Common.VssHttpMessageHandler.SendAsync(HttpRequestMessage request, CancellationToken cancellationToken)
   --- End of inner exception stack trace ---
   at GitHub.Services.Common.VssHttpMessageHandler.SendAsync(HttpRequestMessage request, CancellationToken cancellationToken)
   at GitHub.Services.Common.VssHttpRetryMessageHandler.SendAsync(HttpRequestMessage request, CancellationToken cancellationToken)
   at System.Net.Http.HttpClient.<SendAsync>g__Core|83_0(HttpRequestMessage request, HttpCompletionOption completionOption, CancellationTokenSource cts, Boolean disposeCts, CancellationTokenSource pendingRequestsCts, CancellationToken originalCancellationToken)
   at GitHub.Services.WebApi.VssHttpClientBase.SendAsync(HttpRequestMessage message, HttpCompletionOption completionOption, Object userState, CancellationToken cancellationToken)
   at GitHub.Services.WebApi.VssHttpClientBase.SendAsync[T](HttpRequestMessage message, Object userState, CancellationToken cancellationToken)
   at GitHub.Services.WebApi.VssHttpClientBase.SendAsync[T](HttpMethod method, IEnumerable`1 additionalHeaders, Guid locationId, Object routeValues, ApiResourceVersion version, HttpContent content, IEnumerable`1 queryParameters, Object userState, CancellationToken cancellationToken)
   at GitHub.Runner.Listener.MessageListener.GetNextMessageAsync(CancellationToken token)
[2023-06-15 22:24:35Z ERR  MessageListener] #####################################################
[2023-06-15 22:24:35Z ERR  MessageListener] System.Threading.Tasks.TaskCanceledException: The operation was canceled.
 ---> System.IO.IOException: Unable to read data from the transport connection: Operation canceled.
 ---> System.Net.Sockets.SocketException (89): Operation canceled
   --- End of inner exception stack trace ---
   at System.Net.Sockets.Socket.AwaitableSocketAsyncEventArgs.ThrowException(SocketError error, CancellationToken cancellationToken)
   at System.Net.Sockets.Socket.AwaitableSocketAsyncEventArgs.System.Threading.Tasks.Sources.IValueTaskSource<System.Int32>.GetResult(Int16 token)
   at System.Net.Security.SslStream.EnsureFullTlsFrameAsync[TIOAdapter](TIOAdapter adapter)
   at System.Net.Security.SslStream.ReadAsyncInternal[TIOAdapter](TIOAdapter adapter, Memory`1 buffer)
   at System.Net.Http.HttpConnection.SendAsyncCore(HttpRequestMessage request, Boolean async, CancellationToken cancellationToken)
   --- End of inner exception stack trace ---
   at System.Net.Http.HttpConnection.SendAsyncCore(HttpRequestMessage request, Boolean async, CancellationToken cancellationToken)
   at System.Net.Http.AuthenticationHelper.SendWithNtAuthAsync(HttpRequestMessage request, Uri authUri, Boolean async, ICredentials credentials, Boolean isProxyAuth, HttpConnection connection, HttpConnectionPool connectionPool, CancellationToken cancellationToken)
   at System.Net.Http.HttpConnectionPool.SendWithVersionDetectionAndRetryAsync(HttpRequestMessage request, Boolean async, Boolean doRequestAuth, CancellationToken cancellationToken)
   at System.Net.Http.AuthenticationHelper.SendWithAuthAsync(HttpRequestMessage request, Uri authUri, Boolean async, ICredentials credentials, Boolean preAuthenticate, Boolean isProxyAuth, Boolean doRequestAuth, HttpConnectionPool pool, CancellationToken cancellationToken)
   at System.Net.Http.DecompressionHandler.SendAsync(HttpRequestMessage request, Boolean async, CancellationToken cancellationToken)
   at GitHub.Services.Common.VssHttpMessageHandler.SendAsync(HttpRequestMessage request, CancellationToken cancellationToken)
[2023-06-15 22:24:35Z ERR  MessageListener] #####################################################
[2023-06-15 22:24:35Z ERR  MessageListener] System.IO.IOException: Unable to read data from the transport connection: Operation canceled.
 ---> System.Net.Sockets.SocketException (89): Operation canceled
   --- End of inner exception stack trace ---
   at System.Net.Sockets.Socket.AwaitableSocketAsyncEventArgs.ThrowException(SocketError error, CancellationToken cancellationToken)
   at System.Net.Sockets.Socket.AwaitableSocketAsyncEventArgs.System.Threading.Tasks.Sources.IValueTaskSource<System.Int32>.GetResult(Int16 token)
   at System.Net.Security.SslStream.EnsureFullTlsFrameAsync[TIOAdapter](TIOAdapter adapter)
   at System.Net.Security.SslStream.ReadAsyncInternal[TIOAdapter](TIOAdapter adapter, Memory`1 buffer)
   at System.Net.Http.HttpConnection.SendAsyncCore(HttpRequestMessage request, Boolean async, CancellationToken cancellationToken)
[2023-06-15 22:24:35Z ERR  MessageListener] #####################################################
[2023-06-15 22:24:35Z ERR  MessageListener] System.Net.Sockets.SocketException (89): Operation canceled
[2023-06-15 22:24:35Z INFO MessageListener] Retriable exception: The HTTP request timed out after 00:01:00.
[2023-06-15 22:24:35Z INFO RunnerServer] Refresh MessageQueue VssConnection to get on a different AFD node.
[2023-06-15 22:24:35Z INFO RunnerServer] EstablishVssConnection
[2023-06-15 22:24:35Z INFO RunnerServer] Establish connection with 60 seconds timeout.
[2023-06-15 22:24:36Z INFO GitHubActionsService] Starting operation Location.GetConnectionData
[2023-06-15 22:24:36Z INFO GitHubActionsService] Finished operation Location.GetConnectionData
[2023-06-15 22:24:36Z INFO MessageListener] Sleeping for 27.857 seconds before retrying.
[2023-06-15 22:33:25Z WARN GitHubActionsService] Attempt 1 of GET request to https://pipelines.actions.githubusercontent.com/6n9YdM5l1jhJ5fTwqLVRjaC2kWZ9SuphynErDEtFofg9Ku2iet/_apis/distributedtask/pools/1/messages?sessionId=dea9d4e0-ace7-409c-ac72-65a8aef9bb1c&status=Online&runnerVersion=2.304.0 failed (Socket Error: ConnectionReset). The operation will be retried in 10.979 seconds.
[2023-06-15 23:20:25Z WARN GitHubActionsService] GET request to https://pipelines.actions.githubusercontent.com/6n9YdM5l1jhJ5fTwqLVRjaC2kWZ9SuphynErDEtFofg9Ku2iet/_apis/distributedtask/pools/1/messages?sessionId=dea9d4e0-ace7-409c-ac72-65a8aef9bb1c&status=Online&runnerVersion=2.304.0 timed out after 60 seconds.
[2023-06-15 23:20:25Z ERR  MessageListener] Catch exception during get next message.
[2023-06-15 23:20:25Z ERR  MessageListener] System.TimeoutException: The HTTP request timed out after 00:01:00.
 ---> System.Threading.Tasks.TaskCanceledException: The operation was canceled.
 ---> System.IO.IOException: Unable to read data from the transport connection: Operation canceled.
 ---> System.Net.Sockets.SocketException (89): Operation canceled
   --- End of inner exception stack trace ---
   at System.Net.Sockets.Socket.AwaitableSocketAsyncEventArgs.ThrowException(SocketError error, CancellationToken cancellationToken)
   at System.Net.Sockets.Socket.AwaitableSocketAsyncEventArgs.System.Threading.Tasks.Sources.IValueTaskSource<System.Int32>.GetResult(Int16 token)
   at System.Net.Security.SslStream.EnsureFullTlsFrameAsync[TIOAdapter](TIOAdapter adapter)
   at System.Net.Security.SslStream.ReadAsyncInternal[TIOAdapter](TIOAdapter adapter, Memory`1 buffer)
   at System.Net.Http.HttpConnection.InitialFillAsync(Boolean async)
   at System.Net.Http.HttpConnection.SendAsyncCore(HttpRequestMessage request, Boolean async, CancellationToken cancellationToken)
   --- End of inner exception stack trace ---
   at System.Net.Http.HttpConnection.SendAsyncCore(HttpRequestMessage request, Boolean async, CancellationToken cancellationToken)
   at System.Net.Http.AuthenticationHelper.SendWithNtAuthAsync(HttpRequestMessage request, Uri authUri, Boolean async, ICredentials credentials, Boolean isProxyAuth, HttpConnection connection, HttpConnectionPool connectionPool, CancellationToken cancellationToken)
   at System.Net.Http.HttpConnectionPool.SendWithVersionDetectionAndRetryAsync(HttpRequestMessage request, Boolean async, Boolean doRequestAuth, CancellationToken cancellationToken)
   at System.Net.Http.AuthenticationHelper.SendWithAuthAsync(HttpRequestMessage request, Uri authUri, Boolean async, ICredentials credentials, Boolean preAuthenticate, Boolean isProxyAuth, Boolean doRequestAuth, HttpConnectionPool pool, CancellationToken cancellationToken)
   at System.Net.Http.DecompressionHandler.SendAsync(HttpRequestMessage request, Boolean async, CancellationToken cancellationToken)
   at GitHub.Services.Common.VssHttpMessageHandler.SendAsync(HttpRequestMessage request, CancellationToken cancellationToken)
   --- End of inner exception stack trace ---
   at GitHub.Services.Common.VssHttpMessageHandler.SendAsync(HttpRequestMessage request, CancellationToken cancellationToken)
   at GitHub.Services.Common.VssHttpRetryMessageHandler.SendAsync(HttpRequestMessage request, CancellationToken cancellationToken)
   at System.Net.Http.HttpClient.<SendAsync>g__Core|83_0(HttpRequestMessage request, HttpCompletionOption completionOption, CancellationTokenSource cts, Boolean disposeCts, CancellationTokenSource pendingRequestsCts, CancellationToken originalCancellationToken)
   at GitHub.Services.WebApi.VssHttpClientBase.SendAsync(HttpRequestMessage message, HttpCompletionOption completionOption, Object userState, CancellationToken cancellationToken)
   at GitHub.Services.WebApi.VssHttpClientBase.SendAsync[T](HttpRequestMessage message, Object userState, CancellationToken cancellationToken)
   at GitHub.Services.WebApi.VssHttpClientBase.SendAsync[T](HttpMethod method, IEnumerable`1 additionalHeaders, Guid locationId, Object routeValues, ApiResourceVersion version, HttpContent content, IEnumerable`1 queryParameters, Object userState, CancellationToken cancellationToken)
   at GitHub.Runner.Listener.MessageListener.GetNextMessageAsync(CancellationToken token)
[2023-06-15 23:20:25Z ERR  MessageListener] #####################################################
[2023-06-15 23:20:25Z ERR  MessageListener] System.Threading.Tasks.TaskCanceledException: The operation was canceled.
 ---> System.IO.IOException: Unable to read data from the transport connection: Operation canceled.
 ---> System.Net.Sockets.SocketException (89): Operation canceled
   --- End of inner exception stack trace ---
   at System.Net.Sockets.Socket.AwaitableSocketAsyncEventArgs.ThrowException(SocketError error, CancellationToken cancellationToken)
   at System.Net.Sockets.Socket.AwaitableSocketAsyncEventArgs.System.Threading.Tasks.Sources.IValueTaskSource<System.Int32>.GetResult(Int16 token)
   at System.Net.Security.SslStream.EnsureFullTlsFrameAsync[TIOAdapter](TIOAdapter adapter)
   at System.Net.Security.SslStream.ReadAsyncInternal[TIOAdapter](TIOAdapter adapter, Memory`1 buffer)
   at System.Net.Http.HttpConnection.InitialFillAsync(Boolean async)
   at System.Net.Http.HttpConnection.SendAsyncCore(HttpRequestMessage request, Boolean async, CancellationToken cancellationToken)
   --- End of inner exception stack trace ---
   at System.Net.Http.HttpConnection.SendAsyncCore(HttpRequestMessage request, Boolean async, CancellationToken cancellationToken)
   at System.Net.Http.AuthenticationHelper.SendWithNtAuthAsync(HttpRequestMessage request, Uri authUri, Boolean async, ICredentials credentials, Boolean isProxyAuth, HttpConnection connection, HttpConnectionPool connectionPool, CancellationToken cancellationToken)
   at System.Net.Http.HttpConnectionPool.SendWithVersionDetectionAndRetryAsync(HttpRequestMessage request, Boolean async, Boolean doRequestAuth, CancellationToken cancellationToken)
   at System.Net.Http.AuthenticationHelper.SendWithAuthAsync(HttpRequestMessage request, Uri authUri, Boolean async, ICredentials credentials, Boolean preAuthenticate, Boolean isProxyAuth, Boolean doRequestAuth, HttpConnectionPool pool, CancellationToken cancellationToken)
   at System.Net.Http.DecompressionHandler.SendAsync(HttpRequestMessage request, Boolean async, CancellationToken cancellationToken)
   at GitHub.Services.Common.VssHttpMessageHandler.SendAsync(HttpRequestMessage request, CancellationToken cancellationToken)
[2023-06-15 23:20:25Z ERR  MessageListener] #####################################################
[2023-06-15 23:20:25Z ERR  MessageListener] System.IO.IOException: Unable to read data from the transport connection: Operation canceled.
 ---> System.Net.Sockets.SocketException (89): Operation canceled
   --- End of inner exception stack trace ---
   at System.Net.Sockets.Socket.AwaitableSocketAsyncEventArgs.ThrowException(SocketError error, CancellationToken cancellationToken)
   at System.Net.Sockets.Socket.AwaitableSocketAsyncEventArgs.System.Threading.Tasks.Sources.IValueTaskSource<System.Int32>.GetResult(Int16 token)
   at System.Net.Security.SslStream.EnsureFullTlsFrameAsync[TIOAdapter](TIOAdapter adapter)
   at System.Net.Security.SslStream.ReadAsyncInternal[TIOAdapter](TIOAdapter adapter, Memory`1 buffer)
   at System.Net.Http.HttpConnection.InitialFillAsync(Boolean async)
   at System.Net.Http.HttpConnection.SendAsyncCore(HttpRequestMessage request, Boolean async, CancellationToken cancellationToken)
[2023-06-15 23:20:25Z ERR  MessageListener] #####################################################
[2023-06-15 23:20:25Z ERR  MessageListener] System.Net.Sockets.SocketException (89): Operation canceled
[2023-06-15 23:20:25Z INFO MessageListener] Retriable exception: The HTTP request timed out after 00:01:00.
[2023-06-15 23:20:25Z INFO RunnerServer] Refresh MessageQueue VssConnection to get on a different AFD node.
[2023-06-15 23:20:25Z INFO RunnerServer] EstablishVssConnection
[2023-06-15 23:20:25Z INFO RunnerServer] Establish connection with 60 seconds timeout.
[2023-06-15 23:20:25Z INFO GitHubActionsService] Starting operation Location.GetConnectionData
[2023-06-15 23:20:25Z INFO GitHubActionsService] Finished operation Location.GetConnectionData
[2023-06-15 23:20:25Z INFO MessageListener] Sleeping for 28.923 seconds before retrying.
[2023-06-15 23:42:17Z WARN GitHubActionsService] Attempt 1 of GET request to https://pipelines.actions.githubusercontent.com/6n9YdM5l1jhJ5fTwqLVRjaC2kWZ9SuphynErDEtFofg9Ku2iet/_apis/distributedtask/pools/1/messages?sessionId=dea9d4e0-ace7-409c-ac72-65a8aef9bb1c&status=Online&runnerVersion=2.304.0 failed (Socket Error: ConnectionReset). The operation will be retried in 10.959 seconds.
[2023-06-15 23:57:19Z INFO RSAFileKeyManager] Loading RSA key parameters from file /Users/peter/School/Advanced Embedded Linux Development Specialization/ECEA 5305 Linux System Programming and Introduction to Buildroot/Assignment 1/actions-runner/.credentials_rsaparams
[2023-06-15 23:57:19Z INFO GitHubActionsService] AAD Correlation ID for this token request: Unknown
[2023-06-16 01:11:53Z WARN GitHubActionsService] GET request to https://pipelines.actions.githubusercontent.com/6n9YdM5l1jhJ5fTwqLVRjaC2kWZ9SuphynErDEtFofg9Ku2iet/_apis/distributedtask/pools/1/messages?sessionId=dea9d4e0-ace7-409c-ac72-65a8aef9bb1c&status=Online&runnerVersion=2.304.0 timed out after 60 seconds.
[2023-06-16 01:11:53Z ERR  MessageListener] Catch exception during get next message.
[2023-06-16 01:11:53Z ERR  MessageListener] System.TimeoutException: The HTTP request timed out after 00:01:00.
 ---> System.Threading.Tasks.TaskCanceledException: The operation was canceled.
 ---> System.IO.IOException: Unable to read data from the transport connection: Operation canceled.
 ---> System.Net.Sockets.SocketException (89): Operation canceled
   --- End of inner exception stack trace ---
   at System.Net.Sockets.Socket.AwaitableSocketAsyncEventArgs.ThrowException(SocketError error, CancellationToken cancellationToken)
   at System.Net.Sockets.Socket.AwaitableSocketAsyncEventArgs.System.Threading.Tasks.Sources.IValueTaskSource<System.Int32>.GetResult(Int16 token)
   at System.Net.Security.SslStream.EnsureFullTlsFrameAsync[TIOAdapter](TIOAdapter adapter)
   at System.Net.Security.SslStream.ReadAsyncInternal[TIOAdapter](TIOAdapter adapter, Memory`1 buffer)
   at System.Net.Http.HttpConnection.SendAsyncCore(HttpRequestMessage request, Boolean async, CancellationToken cancellationToken)
   --- End of inner exception stack trace ---
   at System.Net.Http.HttpConnection.SendAsyncCore(HttpRequestMessage request, Boolean async, CancellationToken cancellationToken)
   at System.Net.Http.AuthenticationHelper.SendWithNtAuthAsync(HttpRequestMessage request, Uri authUri, Boolean async, ICredentials credentials, Boolean isProxyAuth, HttpConnection connection, HttpConnectionPool connectionPool, CancellationToken cancellationToken)
   at System.Net.Http.HttpConnectionPool.SendWithVersionDetectionAndRetryAsync(HttpRequestMessage request, Boolean async, Boolean doRequestAuth, CancellationToken cancellationToken)
   at System.Net.Http.AuthenticationHelper.SendWithAuthAsync(HttpRequestMessage request, Uri authUri, Boolean async, ICredentials credentials, Boolean preAuthenticate, Boolean isProxyAuth, Boolean doRequestAuth, HttpConnectionPool pool, CancellationToken cancellationToken)
   at System.Net.Http.DecompressionHandler.SendAsync(HttpRequestMessage request, Boolean async, CancellationToken cancellationToken)
   at GitHub.Services.Common.VssHttpMessageHandler.SendAsync(HttpRequestMessage request, CancellationToken cancellationToken)
   --- End of inner exception stack trace ---
   at GitHub.Services.Common.VssHttpMessageHandler.SendAsync(HttpRequestMessage request, CancellationToken cancellationToken)
   at GitHub.Services.Common.VssHttpRetryMessageHandler.SendAsync(HttpRequestMessage request, CancellationToken cancellationToken)
   at System.Net.Http.HttpClient.<SendAsync>g__Core|83_0(HttpRequestMessage request, HttpCompletionOption completionOption, CancellationTokenSource cts, Boolean disposeCts, CancellationTokenSource pendingRequestsCts, CancellationToken originalCancellationToken)
   at GitHub.Services.WebApi.VssHttpClientBase.SendAsync(HttpRequestMessage message, HttpCompletionOption completionOption, Object userState, CancellationToken cancellationToken)
   at GitHub.Services.WebApi.VssHttpClientBase.SendAsync[T](HttpRequestMessage message, Object userState, CancellationToken cancellationToken)
   at GitHub.Services.WebApi.VssHttpClientBase.SendAsync[T](HttpMethod method, IEnumerable`1 additionalHeaders, Guid locationId, Object routeValues, ApiResourceVersion version, HttpContent content, IEnumerable`1 queryParameters, Object userState, CancellationToken cancellationToken)
   at GitHub.Runner.Listener.MessageListener.GetNextMessageAsync(CancellationToken token)
[2023-06-16 01:11:53Z ERR  MessageListener] #####################################################
[2023-06-16 01:11:53Z ERR  MessageListener] System.Threading.Tasks.TaskCanceledException: The operation was canceled.
 ---> System.IO.IOException: Unable to read data from the transport connection: Operation canceled.
 ---> System.Net.Sockets.SocketException (89): Operation canceled
   --- End of inner exception stack trace ---
   at System.Net.Sockets.Socket.AwaitableSocketAsyncEventArgs.ThrowException(SocketError error, CancellationToken cancellationToken)
   at System.Net.Sockets.Socket.AwaitableSocketAsyncEventArgs.System.Threading.Tasks.Sources.IValueTaskSource<System.Int32>.GetResult(Int16 token)
   at System.Net.Security.SslStream.EnsureFullTlsFrameAsync[TIOAdapter](TIOAdapter adapter)
   at System.Net.Security.SslStream.ReadAsyncInternal[TIOAdapter](TIOAdapter adapter, Memory`1 buffer)
   at System.Net.Http.HttpConnection.SendAsyncCore(HttpRequestMessage request, Boolean async, CancellationToken cancellationToken)
   --- End of inner exception stack trace ---
   at System.Net.Http.HttpConnection.SendAsyncCore(HttpRequestMessage request, Boolean async, CancellationToken cancellationToken)
   at System.Net.Http.AuthenticationHelper.SendWithNtAuthAsync(HttpRequestMessage request, Uri authUri, Boolean async, ICredentials credentials, Boolean isProxyAuth, HttpConnection connection, HttpConnectionPool connectionPool, CancellationToken cancellationToken)
   at System.Net.Http.HttpConnectionPool.SendWithVersionDetectionAndRetryAsync(HttpRequestMessage request, Boolean async, Boolean doRequestAuth, CancellationToken cancellationToken)
   at System.Net.Http.AuthenticationHelper.SendWithAuthAsync(HttpRequestMessage request, Uri authUri, Boolean async, ICredentials credentials, Boolean preAuthenticate, Boolean isProxyAuth, Boolean doRequestAuth, HttpConnectionPool pool, CancellationToken cancellationToken)
   at System.Net.Http.DecompressionHandler.SendAsync(HttpRequestMessage request, Boolean async, CancellationToken cancellationToken)
   at GitHub.Services.Common.VssHttpMessageHandler.SendAsync(HttpRequestMessage request, CancellationToken cancellationToken)
[2023-06-16 01:11:53Z ERR  MessageListener] #####################################################
[2023-06-16 01:11:53Z ERR  MessageListener] System.IO.IOException: Unable to read data from the transport connection: Operation canceled.
 ---> System.Net.Sockets.SocketException (89): Operation canceled
   --- End of inner exception stack trace ---
   at System.Net.Sockets.Socket.AwaitableSocketAsyncEventArgs.ThrowException(SocketError error, CancellationToken cancellationToken)
   at System.Net.Sockets.Socket.AwaitableSocketAsyncEventArgs.System.Threading.Tasks.Sources.IValueTaskSource<System.Int32>.GetResult(Int16 token)
   at System.Net.Security.SslStream.EnsureFullTlsFrameAsync[TIOAdapter](TIOAdapter adapter)
   at System.Net.Security.SslStream.ReadAsyncInternal[TIOAdapter](TIOAdapter adapter, Memory`1 buffer)
   at System.Net.Http.HttpConnection.SendAsyncCore(HttpRequestMessage request, Boolean async, CancellationToken cancellationToken)
[2023-06-16 01:11:53Z ERR  MessageListener] #####################################################
[2023-06-16 01:11:53Z ERR  MessageListener] System.Net.Sockets.SocketException (89): Operation canceled
[2023-06-16 01:11:53Z INFO MessageListener] Retriable exception: The HTTP request timed out after 00:01:00.
[2023-06-16 01:11:53Z INFO RunnerServer] Refresh MessageQueue VssConnection to get on a different AFD node.
[2023-06-16 01:11:53Z INFO RunnerServer] EstablishVssConnection
[2023-06-16 01:11:53Z INFO RunnerServer] Establish connection with 60 seconds timeout.
[2023-06-16 01:11:53Z INFO GitHubActionsService] Starting operation Location.GetConnectionData
[2023-06-16 01:11:53Z INFO GitHubActionsService] Finished operation Location.GetConnectionData
[2023-06-16 01:11:53Z INFO MessageListener] Sleeping for 27.504 seconds before retrying.
[2023-06-16 01:27:19Z WARN GitHubActionsService] Attempt 1 of GET request to https://pipelines.actions.githubusercontent.com/6n9YdM5l1jhJ5fTwqLVRjaC2kWZ9SuphynErDEtFofg9Ku2iet/_apis/distributedtask/pools/1/messages?sessionId=dea9d4e0-ace7-409c-ac72-65a8aef9bb1c&status=Online&runnerVersion=2.304.0 failed (Socket Error: ConnectionReset). The operation will be retried in 11.117 seconds.
[2023-06-16 01:29:30Z INFO RSAFileKeyManager] Loading RSA key parameters from file /Users/peter/School/Advanced Embedded Linux Development Specialization/ECEA 5305 Linux System Programming and Introduction to Buildroot/Assignment 1/actions-runner/.credentials_rsaparams
[2023-06-16 01:29:30Z INFO GitHubActionsService] AAD Correlation ID for this token request: Unknown
[2023-06-16 01:30:21Z INFO Terminal] WRITE LINE: 2023-06-16 01:30:21Z: Runner reconnected.
[2023-06-16 01:34:31Z INFO MessageListener] No message retrieved from session 'dea9d4e0-ace7-409c-ac72-65a8aef9bb1c' within last 30 minutes.
[2023-06-16 02:04:37Z INFO MessageListener] No message retrieved from session 'dea9d4e0-ace7-409c-ac72-65a8aef9bb1c' within last 30 minutes.
[2023-06-16 02:24:41Z INFO RSAFileKeyManager] Loading RSA key parameters from file /Users/peter/School/Advanced Embedded Linux Development Specialization/ECEA 5305 Linux System Programming and Introduction to Buildroot/Assignment 1/actions-runner/.credentials_rsaparams
[2023-06-16 02:24:41Z INFO GitHubActionsService] AAD Correlation ID for this token request: Unknown
[2023-06-16 02:34:43Z INFO MessageListener] No message retrieved from session 'dea9d4e0-ace7-409c-ac72-65a8aef9bb1c' within last 30 minutes.
[2023-06-16 03:04:49Z INFO MessageListener] No message retrieved from session 'dea9d4e0-ace7-409c-ac72-65a8aef9bb1c' within last 30 minutes.
