[2023-06-17 02:43:16Z INFO HostContext] No proxy settings were found based on environmental variables (http_proxy/https_proxy/HTTP_PROXY/HTTPS_PROXY)
[2023-06-17 02:43:16Z INFO HostContext] Well known directory 'Bin': '/usr/src/app/actions-runner/bin'
[2023-06-17 02:43:16Z INFO HostContext] Well known directory 'Root': '/usr/src/app/actions-runner'
[2023-06-17 02:43:16Z INFO HostContext] Well known config file 'Credentials': '/usr/src/app/actions-runner/.credentials'
[2023-06-17 02:43:17Z INFO HostContext] Well known directory 'Bin': '/usr/src/app/actions-runner/bin'
[2023-06-17 02:43:17Z INFO HostContext] Well known directory 'Root': '/usr/src/app/actions-runner'
[2023-06-17 02:43:17Z INFO HostContext] Well known config file 'Runner': '/usr/src/app/actions-runner/.runner'
[2023-06-17 02:43:17Z INFO Listener] Runner is built for Linux (X64) - linux-x64.
[2023-06-17 02:43:17Z INFO Listener] RuntimeInformation: Linux 5.15.49-linuxkit #1 SMP PREEMPT Tue Sep 13 07:51:32 UTC 2022.
[2023-06-17 02:43:17Z INFO Listener] Version: 2.305.0
[2023-06-17 02:43:17Z INFO Listener] Commit: 6cbe663c239dba8a109c6ac2801b25f1ed7c51e9
[2023-06-17 02:43:17Z INFO Listener] Culture: 
[2023-06-17 02:43:17Z INFO Listener] UI Culture: 
[2023-06-17 02:43:17Z INFO HostContext] Well known directory 'Bin': '/usr/src/app/actions-runner/bin'
[2023-06-17 02:43:17Z INFO HostContext] Well known directory 'Root': '/usr/src/app/actions-runner'
[2023-06-17 02:43:17Z INFO Listener] Validating directory permissions for: '/usr/src/app/actions-runner'
[2023-06-17 02:43:17Z INFO CommandLineParser] Parse
[2023-06-17 02:43:17Z INFO CommandLineParser] Parsing 1 args
[2023-06-17 02:43:17Z INFO CommandLineParser] parsing argument
[2023-06-17 02:43:17Z INFO CommandLineParser] HasArgs: False
[2023-06-17 02:43:17Z INFO CommandLineParser] Adding Command: run
[2023-06-17 02:43:17Z INFO Listener] Arguments parsed
[2023-06-17 02:43:17Z INFO Runner] ExecuteCommand
[2023-06-17 02:43:17Z INFO ConfigurationStore] currentAssemblyLocation: /usr/src/app/actions-runner/bin/Runner.Listener.dll
[2023-06-17 02:43:17Z INFO HostContext] Well known directory 'Bin': '/usr/src/app/actions-runner/bin'
[2023-06-17 02:43:17Z INFO ConfigurationStore] binPath: /usr/src/app/actions-runner/bin
[2023-06-17 02:43:17Z INFO HostContext] Well known directory 'Bin': '/usr/src/app/actions-runner/bin'
[2023-06-17 02:43:17Z INFO HostContext] Well known directory 'Root': '/usr/src/app/actions-runner'
[2023-06-17 02:43:17Z INFO ConfigurationStore] RootFolder: /usr/src/app/actions-runner
[2023-06-17 02:43:17Z INFO HostContext] Well known directory 'Bin': '/usr/src/app/actions-runner/bin'
[2023-06-17 02:43:17Z INFO HostContext] Well known directory 'Root': '/usr/src/app/actions-runner'
[2023-06-17 02:43:17Z INFO HostContext] Well known config file 'Runner': '/usr/src/app/actions-runner/.runner'
[2023-06-17 02:43:17Z INFO ConfigurationStore] ConfigFilePath: /usr/src/app/actions-runner/.runner
[2023-06-17 02:43:17Z INFO HostContext] Well known directory 'Bin': '/usr/src/app/actions-runner/bin'
[2023-06-17 02:43:17Z INFO HostContext] Well known directory 'Root': '/usr/src/app/actions-runner'
[2023-06-17 02:43:17Z INFO HostContext] Well known config file 'Credentials': '/usr/src/app/actions-runner/.credentials'
[2023-06-17 02:43:17Z INFO ConfigurationStore] CredFilePath: /usr/src/app/actions-runner/.credentials
[2023-06-17 02:43:17Z INFO HostContext] Well known directory 'Bin': '/usr/src/app/actions-runner/bin'
[2023-06-17 02:43:17Z INFO HostContext] Well known directory 'Root': '/usr/src/app/actions-runner'
[2023-06-17 02:43:17Z INFO HostContext] Well known config file 'MigratedCredentials': '/usr/src/app/actions-runner/.credentials_migrated'
[2023-06-17 02:43:17Z INFO ConfigurationStore] MigratedCredFilePath: /usr/src/app/actions-runner/.credentials_migrated
[2023-06-17 02:43:17Z INFO HostContext] Well known directory 'Bin': '/usr/src/app/actions-runner/bin'
[2023-06-17 02:43:17Z INFO HostContext] Well known directory 'Root': '/usr/src/app/actions-runner'
[2023-06-17 02:43:17Z INFO HostContext] Well known config file 'Service': '/usr/src/app/actions-runner/.service'
[2023-06-17 02:43:17Z INFO ConfigurationStore] ServiceConfigFilePath: /usr/src/app/actions-runner/.service
[2023-06-17 02:43:17Z INFO CommandSettings] Flag 'help': 'False'
[2023-06-17 02:43:17Z INFO CommandSettings] Flag 'version': 'False'
[2023-06-17 02:43:17Z INFO CommandSettings] Flag 'commit': 'False'
[2023-06-17 02:43:17Z INFO CommandSettings] Flag 'check': 'False'
[2023-06-17 02:43:17Z INFO CommandSettings] Command 'configure': 'False'
[2023-06-17 02:43:17Z INFO CommandSettings] Command 'remove': 'False'
[2023-06-17 02:43:17Z INFO CommandSettings] Command 'warmup': 'False'
[2023-06-17 02:43:17Z INFO ConfigurationManager] LoadSettings
[2023-06-17 02:43:17Z INFO ConfigurationStore] IsConfigured()
[2023-06-17 02:43:17Z INFO ConfigurationStore] IsConfigured: True
[2023-06-17 02:43:17Z INFO ConfigurationManager] Is configured: True
[2023-06-17 02:43:17Z INFO ConfigurationStore] Read setting file: 307 chars
[2023-06-17 02:43:17Z INFO ConfigurationManager] Settings Loaded
[2023-06-17 02:43:17Z INFO ConfigurationStore] IsServiceConfigured()
[2023-06-17 02:43:17Z INFO ConfigurationStore] IsServiceConfigured: False
[2023-06-17 02:43:17Z INFO CommandSettings] Command 'run': 'True'
[2023-06-17 02:43:17Z INFO ConfigurationStore] IsConfigured()
[2023-06-17 02:43:17Z INFO ConfigurationStore] IsConfigured: True
[2023-06-17 02:43:17Z INFO ConfigurationManager] Is configured: True
[2023-06-17 02:43:17Z INFO Runner] Could not parse the argument value '' for StartupType. Defaulting to Manual
[2023-06-17 02:43:17Z INFO Runner] Set runner startup type - Manual
[2023-06-17 02:43:17Z INFO CommandSettings] Flag 'once': 'False'
[2023-06-17 02:43:17Z INFO CommandSettings] Flag 'once': 'False'
[2023-06-17 02:43:18Z INFO Runner] RunAsync
[2023-06-17 02:43:18Z INFO ConfigurationManager] LoadSettings
[2023-06-17 02:43:18Z INFO ConfigurationStore] IsConfigured()
[2023-06-17 02:43:18Z INFO ConfigurationStore] IsConfigured: True
[2023-06-17 02:43:18Z INFO ConfigurationManager] Is configured: True
[2023-06-17 02:43:18Z INFO ConfigurationManager] Settings Loaded
[2023-06-17 02:43:18Z INFO MessageListener] {
  "AgentId": 24,
  "AgentName": "5398ccb646be",
  "PoolId": 1,
  "PoolName": "Default",
  "ServerUrl": "https://pipelines.actions.githubusercontent.com/6n9YdM5l1jhJ5fTwqLVRjaC2kWZ9SuphynErDEtFofg9Ku2iet",
  "GitHubUrl": "https://github.com/cu-ecen-aeld/assignment-1-petercorrea",
  "WorkFolder": "_work"
}
[2023-06-17 02:43:18Z INFO MessageListener] Loading Credentials
[2023-06-17 02:43:18Z INFO ConfigurationStore] HasCredentials()
[2023-06-17 02:43:18Z INFO ConfigurationStore] stored True
[2023-06-17 02:43:18Z INFO CredentialManager] GetCredentialProvider
[2023-06-17 02:43:18Z INFO CredentialManager] Creating type OAuth
[2023-06-17 02:43:18Z INFO CredentialManager] Creating credential type: OAuth
[2023-06-17 02:43:18Z INFO HostContext] Well known directory 'Bin': '/usr/src/app/actions-runner/bin'
[2023-06-17 02:43:18Z INFO HostContext] Well known directory 'Root': '/usr/src/app/actions-runner'
[2023-06-17 02:43:18Z INFO HostContext] Well known config file 'RSACredentials': '/usr/src/app/actions-runner/.credentials_rsaparams'
[2023-06-17 02:43:18Z INFO RSAFileKeyManager] Loading RSA key parameters from file /usr/src/app/actions-runner/.credentials_rsaparams
[2023-06-17 02:43:18Z INFO MessageListener] Attempt to create session.
[2023-06-17 02:43:18Z INFO MessageListener] Connecting to the Runner Server...
[2023-06-17 02:43:18Z INFO RunnerServer] EstablishVssConnection
[2023-06-17 02:43:18Z INFO RunnerServer] Establish connection with 100 seconds timeout.
[2023-06-17 02:43:18Z INFO GitHubActionsService] Starting operation Location.GetConnectionData
[2023-06-17 02:43:18Z INFO RunnerServer] EstablishVssConnection
[2023-06-17 02:43:18Z INFO RunnerServer] Establish connection with 60 seconds timeout.
[2023-06-17 02:43:18Z INFO GitHubActionsService] Starting operation Location.GetConnectionData
[2023-06-17 02:43:18Z INFO RunnerServer] EstablishVssConnection
[2023-06-17 02:43:18Z INFO RunnerServer] Establish connection with 60 seconds timeout.
[2023-06-17 02:43:18Z INFO GitHubActionsService] Starting operation Location.GetConnectionData
[2023-06-17 02:43:20Z INFO GitHubActionsService] Finished operation Location.GetConnectionData
[2023-06-17 02:43:20Z INFO GitHubActionsService] Finished operation Location.GetConnectionData
[2023-06-17 02:43:20Z INFO GitHubActionsService] Finished operation Location.GetConnectionData
[2023-06-17 02:43:20Z INFO MessageListener] VssConnection created
[2023-06-17 02:43:20Z INFO Terminal] WRITE LINE: 
[2023-06-17 02:43:20Z INFO Terminal] WRITE LINE: 
[2023-06-17 02:43:20Z INFO RSAFileKeyManager] Loading RSA key parameters from file /usr/src/app/actions-runner/.credentials_rsaparams
[2023-06-17 02:43:20Z INFO RSAFileKeyManager] Loading RSA key parameters from file /usr/src/app/actions-runner/.credentials_rsaparams
[2023-06-17 02:43:21Z INFO GitHubActionsService] AAD Correlation ID for this token request: Unknown
[2023-06-17 02:43:21Z INFO MessageListener] Session created.
[2023-06-17 02:43:21Z INFO Terminal] WRITE LINE: Current runner version: '2.305.0'
[2023-06-17 02:43:21Z INFO Terminal] WRITE LINE: 2023-06-17 02:43:21Z: Listening for Jobs
[2023-06-17 02:43:21Z INFO JobDispatcher] Set runner/worker IPC timeout to 30 seconds.
[2023-06-17 02:43:36Z INFO RSAFileKeyManager] Loading RSA key parameters from file /usr/src/app/actions-runner/.credentials_rsaparams
[2023-06-17 02:43:36Z INFO MessageListener] Message '31' received from session '6be3a017-1d5f-43af-bb82-b28a531e5f52'.
[2023-06-17 02:43:36Z INFO Runner] Received job message of length 23034 from service, with hash '59a9455a0f45f26f81df74fe604aad390928a1d2e63a8f3c9763e0d3a24d1dae'
[2023-06-17 02:43:37Z INFO JobDispatcher] Job request 33 for plan bcda4184-2907-45f7-b35a-1249fa9c8f95 job 0e10f8dd-85b5-5bee-19c6-47fc7db6f171 received.
[2023-06-17 02:43:37Z INFO JobDispatcher] Pull OrchestrationId bcda4184-2907-45f7-b35a-1249fa9c8f95.unit-test.__default from JWT claims
[2023-06-17 02:43:37Z INFO Terminal] WRITE LINE: 2023-06-17 02:43:37Z: Running job: unit-test
[2023-06-17 02:43:37Z INFO JobDispatcher] Start renew job request 33 for job 0e10f8dd-85b5-5bee-19c6-47fc7db6f171.
[2023-06-17 02:43:37Z INFO JobDispatcher] Successfully renew job request 33, job is valid till 06/17/2023 02:53:37
[2023-06-17 02:43:37Z INFO HostContext] Well known directory 'Bin': '/usr/src/app/actions-runner/bin'
[2023-06-17 02:43:37Z INFO ProcessInvokerWrapper] Starting process:
[2023-06-17 02:43:37Z INFO ProcessInvokerWrapper]   File name: '/usr/src/app/actions-runner/bin/Runner.Worker'
[2023-06-17 02:43:37Z INFO ProcessInvokerWrapper]   Arguments: 'spawnclient 106 109'
[2023-06-17 02:43:37Z INFO ProcessInvokerWrapper]   Working directory: '/usr/src/app/actions-runner/bin'
[2023-06-17 02:43:37Z INFO ProcessInvokerWrapper]   Require exit code zero: 'False'
[2023-06-17 02:43:37Z INFO ProcessInvokerWrapper]   Encoding web name:  ; code page: ''
[2023-06-17 02:43:37Z INFO ProcessInvokerWrapper]   Force kill process on cancellation: 'True'
[2023-06-17 02:43:37Z INFO ProcessInvokerWrapper]   Redirected STDIN: 'False'
[2023-06-17 02:43:37Z INFO ProcessInvokerWrapper]   Persist current code page: 'False'
[2023-06-17 02:43:37Z INFO ProcessInvokerWrapper]   Keep redirected STDIN open: 'False'
[2023-06-17 02:43:37Z INFO ProcessInvokerWrapper]   High priority process: 'True'
[2023-06-17 02:43:37Z INFO ProcessInvokerWrapper] Process started with process id 4242, waiting for process exit.
[2023-06-17 02:43:37Z INFO JobDispatcher] Send job request message to worker for job 0e10f8dd-85b5-5bee-19c6-47fc7db6f171.
[2023-06-17 02:43:37Z INFO ProcessChannel] Sending message of length 23034, with hash '59a9455a0f45f26f81df74fe604aad390928a1d2e63a8f3c9763e0d3a24d1dae'
[2023-06-17 02:43:37Z INFO JobNotification] Entering JobStarted Notification
[2023-06-17 02:43:37Z INFO JobNotification] Entering StartMonitor
[2023-06-17 02:44:03Z INFO ProcessInvokerWrapper] STDOUT/STDERR stream read finished.
[2023-06-17 02:44:03Z INFO ProcessInvokerWrapper] STDOUT/STDERR stream read finished.
[2023-06-17 02:44:03Z INFO ProcessInvokerWrapper] Finished process 4242 with exit code 102, and elapsed time 00:00:26.2443010.
[2023-06-17 02:44:03Z INFO JobDispatcher] Worker finished for job 0e10f8dd-85b5-5bee-19c6-47fc7db6f171. Code: 102
[2023-06-17 02:44:03Z INFO JobDispatcher] finish job request for job 0e10f8dd-85b5-5bee-19c6-47fc7db6f171 with result: Failed
[2023-06-17 02:44:03Z INFO Terminal] WRITE LINE: 2023-06-17 02:44:03Z: Job unit-test completed with result: Failed
[2023-06-17 02:44:03Z INFO JobDispatcher] Stop renew job request for job 0e10f8dd-85b5-5bee-19c6-47fc7db6f171.
[2023-06-17 02:44:03Z INFO JobDispatcher] job renew has been cancelled, stop renew job request 33.
[2023-06-17 02:44:03Z INFO JobNotification] Entering JobCompleted Notification
[2023-06-17 02:44:03Z INFO JobNotification] Entering EndMonitor
[2023-06-17 02:44:05Z INFO RSAFileKeyManager] Loading RSA key parameters from file /usr/src/app/actions-runner/.credentials_rsaparams
[2023-06-17 02:44:05Z INFO MessageListener] Message '32' received from session '6be3a017-1d5f-43af-bb82-b28a531e5f52'.
[2023-06-17 02:44:05Z INFO Runner] Received job message of length 23036 from service, with hash '6a44d5921f7cc177b9897f98e3d2da9905e33844d309b628757e668e31205b25'
[2023-06-17 02:44:05Z INFO JobDispatcher] Job request 34 for plan bcda4184-2907-45f7-b35a-1249fa9c8f95 job a047640a-23da-5e9b-1ef8-917a09b3753a received.
[2023-06-17 02:44:05Z INFO JobDispatcher] Pull OrchestrationId bcda4184-2907-45f7-b35a-1249fa9c8f95.full-test.__default from JWT claims
[2023-06-17 02:44:05Z INFO JobDispatcher] Job request 0e10f8dd-85b5-5bee-19c6-47fc7db6f171 processed succeed.
[2023-06-17 02:44:05Z INFO Terminal] WRITE LINE: 2023-06-17 02:44:05Z: Running job: full-test
[2023-06-17 02:44:05Z INFO JobDispatcher] Start renew job request 34 for job a047640a-23da-5e9b-1ef8-917a09b3753a.
[2023-06-17 02:44:05Z INFO JobDispatcher] Successfully renew job request 34, job is valid till 06/17/2023 02:54:05
[2023-06-17 02:44:05Z INFO HostContext] Well known directory 'Bin': '/usr/src/app/actions-runner/bin'
[2023-06-17 02:44:05Z INFO ProcessInvokerWrapper] Starting process:
[2023-06-17 02:44:05Z INFO ProcessInvokerWrapper]   File name: '/usr/src/app/actions-runner/bin/Runner.Worker'
[2023-06-17 02:44:05Z INFO ProcessInvokerWrapper]   Arguments: 'spawnclient 106 109'
[2023-06-17 02:44:05Z INFO ProcessInvokerWrapper]   Working directory: '/usr/src/app/actions-runner/bin'
[2023-06-17 02:44:05Z INFO ProcessInvokerWrapper]   Require exit code zero: 'False'
[2023-06-17 02:44:05Z INFO ProcessInvokerWrapper]   Encoding web name:  ; code page: ''
[2023-06-17 02:44:05Z INFO ProcessInvokerWrapper]   Force kill process on cancellation: 'True'
[2023-06-17 02:44:05Z INFO ProcessInvokerWrapper]   Redirected STDIN: 'False'
[2023-06-17 02:44:05Z INFO ProcessInvokerWrapper]   Persist current code page: 'False'
[2023-06-17 02:44:05Z INFO ProcessInvokerWrapper]   Keep redirected STDIN open: 'False'
[2023-06-17 02:44:05Z INFO ProcessInvokerWrapper]   High priority process: 'True'
[2023-06-17 02:44:05Z INFO ProcessInvokerWrapper] Process started with process id 4474, waiting for process exit.
[2023-06-17 02:44:05Z INFO JobDispatcher] Send job request message to worker for job a047640a-23da-5e9b-1ef8-917a09b3753a.
[2023-06-17 02:44:05Z INFO ProcessChannel] Sending message of length 23036, with hash '6a44d5921f7cc177b9897f98e3d2da9905e33844d309b628757e668e31205b25'
[2023-06-17 02:44:05Z INFO JobNotification] Entering JobStarted Notification
[2023-06-17 02:44:05Z INFO JobNotification] Entering StartMonitor
[2023-06-17 02:44:23Z INFO ProcessInvokerWrapper] STDOUT/STDERR stream read finished.
[2023-06-17 02:44:23Z INFO ProcessInvokerWrapper] STDOUT/STDERR stream read finished.
[2023-06-17 02:44:23Z INFO ProcessInvokerWrapper] Finished process 4474 with exit code 102, and elapsed time 00:00:17.9696574.
[2023-06-17 02:44:23Z INFO JobDispatcher] Worker finished for job a047640a-23da-5e9b-1ef8-917a09b3753a. Code: 102
[2023-06-17 02:44:23Z INFO JobDispatcher] finish job request for job a047640a-23da-5e9b-1ef8-917a09b3753a with result: Failed
[2023-06-17 02:44:23Z INFO Terminal] WRITE LINE: 2023-06-17 02:44:23Z: Job full-test completed with result: Failed
[2023-06-17 02:44:23Z INFO JobDispatcher] Stop renew job request for job a047640a-23da-5e9b-1ef8-917a09b3753a.
[2023-06-17 02:44:23Z INFO JobDispatcher] job renew has been cancelled, stop renew job request 34.
[2023-06-17 02:44:23Z INFO JobNotification] Entering JobCompleted Notification
[2023-06-17 02:44:23Z INFO JobNotification] Entering EndMonitor
