[2023-06-15 18:31:00Z INFO HostContext] No proxy settings were found based on environmental variables (http_proxy/https_proxy/HTTP_PROXY/HTTPS_PROXY)
[2023-06-15 18:31:00Z INFO HostContext] Well known directory 'Bin': '/Users/peter/School/Advanced Embedded Linux Development Specialization/ECEA 5305 Linux System Programming and Introduction to Buildroot/Assignment 1/actions-runner/bin'
[2023-06-15 18:31:00Z INFO HostContext] Well known directory 'Root': '/Users/peter/School/Advanced Embedded Linux Development Specialization/ECEA 5305 Linux System Programming and Introduction to Buildroot/Assignment 1/actions-runner'
[2023-06-15 18:31:00Z INFO HostContext] Well known config file 'Credentials': '/Users/peter/School/Advanced Embedded Linux Development Specialization/ECEA 5305 Linux System Programming and Introduction to Buildroot/Assignment 1/actions-runner/.credentials'
[2023-06-15 18:31:00Z INFO HostContext] Well known directory 'Bin': '/Users/peter/School/Advanced Embedded Linux Development Specialization/ECEA 5305 Linux System Programming and Introduction to Buildroot/Assignment 1/actions-runner/bin'
[2023-06-15 18:31:00Z INFO HostContext] Well known directory 'Root': '/Users/peter/School/Advanced Embedded Linux Development Specialization/ECEA 5305 Linux System Programming and Introduction to Buildroot/Assignment 1/actions-runner'
[2023-06-15 18:31:00Z INFO HostContext] Well known config file 'Runner': '/Users/peter/School/Advanced Embedded Linux Development Specialization/ECEA 5305 Linux System Programming and Introduction to Buildroot/Assignment 1/actions-runner/.runner'
[2023-06-15 18:31:00Z INFO Listener] Runner is built for OSX (X64) - osx-x64.
[2023-06-15 18:31:00Z INFO Listener] RuntimeInformation: Darwin 22.4.0 Darwin Kernel Version 22.4.0: Mon Mar  6 20:59:58 PST 2023; root:xnu-8796.101.5~3/RELEASE_ARM64_T6020.
[2023-06-15 18:31:00Z INFO Listener] Version: 2.304.0
[2023-06-15 18:31:00Z INFO Listener] Commit: 9ef4121b5b31ee5c03b7770288213d741081f747
[2023-06-15 18:31:00Z INFO Listener] Culture: en-US
[2023-06-15 18:31:00Z INFO Listener] UI Culture: en-US
[2023-06-15 18:31:00Z INFO HostContext] Well known directory 'Bin': '/Users/peter/School/Advanced Embedded Linux Development Specialization/ECEA 5305 Linux System Programming and Introduction to Buildroot/Assignment 1/actions-runner/bin'
[2023-06-15 18:31:00Z INFO HostContext] Well known directory 'Root': '/Users/peter/School/Advanced Embedded Linux Development Specialization/ECEA 5305 Linux System Programming and Introduction to Buildroot/Assignment 1/actions-runner'
[2023-06-15 18:31:00Z INFO Listener] Validating directory permissions for: '/Users/peter/School/Advanced Embedded Linux Development Specialization/ECEA 5305 Linux System Programming and Introduction to Buildroot/Assignment 1/actions-runner'
[2023-06-15 18:31:00Z INFO CommandLineParser] Parse
[2023-06-15 18:31:00Z INFO CommandLineParser] Parsing 5 args
[2023-06-15 18:31:00Z INFO CommandLineParser] parsing argument
[2023-06-15 18:31:00Z INFO CommandLineParser] HasArgs: False
[2023-06-15 18:31:00Z INFO CommandLineParser] Adding Command: configure
[2023-06-15 18:31:00Z INFO CommandLineParser] parsing argument
[2023-06-15 18:31:00Z INFO CommandLineParser] HasArgs: True
[2023-06-15 18:31:00Z INFO CommandLineParser] arg: url
[2023-06-15 18:31:00Z INFO CommandLineParser] parsing argument
[2023-06-15 18:31:00Z INFO CommandLineParser] HasArgs: True
[2023-06-15 18:31:00Z INFO CommandLineParser] Adding option 'url': 'https://github.com/cu-ecen-aeld/assignment-1-petercorrea'
[2023-06-15 18:31:00Z INFO CommandLineParser] parsing argument
[2023-06-15 18:31:00Z INFO CommandLineParser] HasArgs: True
[2023-06-15 18:31:00Z INFO CommandLineParser] arg: token
[2023-06-15 18:31:00Z INFO CommandLineParser] parsing argument
[2023-06-15 18:31:00Z INFO CommandLineParser] HasArgs: True
[2023-06-15 18:31:00Z INFO CommandLineParser] Adding option 'token': '***'
[2023-06-15 18:31:00Z INFO Listener] Arguments parsed
[2023-06-15 18:31:00Z INFO Runner] ExecuteCommand
[2023-06-15 18:31:00Z INFO ConfigurationStore] currentAssemblyLocation: /Users/peter/School/Advanced Embedded Linux Development Specialization/ECEA 5305 Linux System Programming and Introduction to Buildroot/Assignment 1/actions-runner/bin/Runner.Listener.dll
[2023-06-15 18:31:00Z INFO HostContext] Well known directory 'Bin': '/Users/peter/School/Advanced Embedded Linux Development Specialization/ECEA 5305 Linux System Programming and Introduction to Buildroot/Assignment 1/actions-runner/bin'
[2023-06-15 18:31:00Z INFO ConfigurationStore] binPath: /Users/peter/School/Advanced Embedded Linux Development Specialization/ECEA 5305 Linux System Programming and Introduction to Buildroot/Assignment 1/actions-runner/bin
[2023-06-15 18:31:00Z INFO HostContext] Well known directory 'Bin': '/Users/peter/School/Advanced Embedded Linux Development Specialization/ECEA 5305 Linux System Programming and Introduction to Buildroot/Assignment 1/actions-runner/bin'
[2023-06-15 18:31:00Z INFO HostContext] Well known directory 'Root': '/Users/peter/School/Advanced Embedded Linux Development Specialization/ECEA 5305 Linux System Programming and Introduction to Buildroot/Assignment 1/actions-runner'
[2023-06-15 18:31:00Z INFO ConfigurationStore] RootFolder: /Users/peter/School/Advanced Embedded Linux Development Specialization/ECEA 5305 Linux System Programming and Introduction to Buildroot/Assignment 1/actions-runner
[2023-06-15 18:31:00Z INFO HostContext] Well known directory 'Bin': '/Users/peter/School/Advanced Embedded Linux Development Specialization/ECEA 5305 Linux System Programming and Introduction to Buildroot/Assignment 1/actions-runner/bin'
[2023-06-15 18:31:00Z INFO HostContext] Well known directory 'Root': '/Users/peter/School/Advanced Embedded Linux Development Specialization/ECEA 5305 Linux System Programming and Introduction to Buildroot/Assignment 1/actions-runner'
[2023-06-15 18:31:00Z INFO HostContext] Well known config file 'Runner': '/Users/peter/School/Advanced Embedded Linux Development Specialization/ECEA 5305 Linux System Programming and Introduction to Buildroot/Assignment 1/actions-runner/.runner'
[2023-06-15 18:31:00Z INFO ConfigurationStore] ConfigFilePath: /Users/peter/School/Advanced Embedded Linux Development Specialization/ECEA 5305 Linux System Programming and Introduction to Buildroot/Assignment 1/actions-runner/.runner
[2023-06-15 18:31:00Z INFO HostContext] Well known directory 'Bin': '/Users/peter/School/Advanced Embedded Linux Development Specialization/ECEA 5305 Linux System Programming and Introduction to Buildroot/Assignment 1/actions-runner/bin'
[2023-06-15 18:31:00Z INFO HostContext] Well known directory 'Root': '/Users/peter/School/Advanced Embedded Linux Development Specialization/ECEA 5305 Linux System Programming and Introduction to Buildroot/Assignment 1/actions-runner'
[2023-06-15 18:31:00Z INFO HostContext] Well known config file 'Credentials': '/Users/peter/School/Advanced Embedded Linux Development Specialization/ECEA 5305 Linux System Programming and Introduction to Buildroot/Assignment 1/actions-runner/.credentials'
[2023-06-15 18:31:00Z INFO ConfigurationStore] CredFilePath: /Users/peter/School/Advanced Embedded Linux Development Specialization/ECEA 5305 Linux System Programming and Introduction to Buildroot/Assignment 1/actions-runner/.credentials
[2023-06-15 18:31:00Z INFO HostContext] Well known directory 'Bin': '/Users/peter/School/Advanced Embedded Linux Development Specialization/ECEA 5305 Linux System Programming and Introduction to Buildroot/Assignment 1/actions-runner/bin'
[2023-06-15 18:31:00Z INFO HostContext] Well known directory 'Root': '/Users/peter/School/Advanced Embedded Linux Development Specialization/ECEA 5305 Linux System Programming and Introduction to Buildroot/Assignment 1/actions-runner'
[2023-06-15 18:31:00Z INFO HostContext] Well known config file 'MigratedCredentials': '/Users/peter/School/Advanced Embedded Linux Development Specialization/ECEA 5305 Linux System Programming and Introduction to Buildroot/Assignment 1/actions-runner/.credentials_migrated'
[2023-06-15 18:31:00Z INFO ConfigurationStore] MigratedCredFilePath: /Users/peter/School/Advanced Embedded Linux Development Specialization/ECEA 5305 Linux System Programming and Introduction to Buildroot/Assignment 1/actions-runner/.credentials_migrated
[2023-06-15 18:31:00Z INFO HostContext] Well known directory 'Bin': '/Users/peter/School/Advanced Embedded Linux Development Specialization/ECEA 5305 Linux System Programming and Introduction to Buildroot/Assignment 1/actions-runner/bin'
[2023-06-15 18:31:00Z INFO HostContext] Well known directory 'Root': '/Users/peter/School/Advanced Embedded Linux Development Specialization/ECEA 5305 Linux System Programming and Introduction to Buildroot/Assignment 1/actions-runner'
[2023-06-15 18:31:00Z INFO HostContext] Well known config file 'Service': '/Users/peter/School/Advanced Embedded Linux Development Specialization/ECEA 5305 Linux System Programming and Introduction to Buildroot/Assignment 1/actions-runner/.service'
[2023-06-15 18:31:00Z INFO ConfigurationStore] ServiceConfigFilePath: /Users/peter/School/Advanced Embedded Linux Development Specialization/ECEA 5305 Linux System Programming and Introduction to Buildroot/Assignment 1/actions-runner/.service
[2023-06-15 18:31:00Z INFO CommandSettings] Flag 'help': 'False'
[2023-06-15 18:31:00Z INFO CommandSettings] Flag 'version': 'False'
[2023-06-15 18:31:00Z INFO CommandSettings] Flag 'commit': 'False'
[2023-06-15 18:31:00Z INFO CommandSettings] Flag 'check': 'False'
[2023-06-15 18:31:00Z INFO CommandSettings] Command 'configure': 'True'
[2023-06-15 18:31:01Z INFO Terminal] WRITE LINE: 
[2023-06-15 18:31:01Z INFO Terminal] WRITE LINE: --------------------------------------------------------------------------------
[2023-06-15 18:31:01Z INFO Terminal] WRITE LINE: |        ____ _ _   _   _       _          _        _   _                      |
[2023-06-15 18:31:01Z INFO Terminal] WRITE LINE: |       / ___(_) |_| | | |_   _| |__      / \   ___| |_(_) ___  _ __  ___      |
[2023-06-15 18:31:01Z INFO Terminal] WRITE LINE: |      | |  _| | __| |_| | | | | '_ \    / _ \ / __| __| |/ _ \| '_ \/ __|     |
[2023-06-15 18:31:01Z INFO Terminal] WRITE LINE: |      | |_| | | |_|  _  | |_| | |_) |  / ___ \ (__| |_| | (_) | | | \__ \     |
[2023-06-15 18:31:01Z INFO Terminal] WRITE LINE: |       \____|_|\__|_| |_|\__,_|_.__/  /_/   \_\___|\__|_|\___/|_| |_|___/     |
[2023-06-15 18:31:01Z INFO Terminal] WRITE LINE: |                                                                              |
[2023-06-15 18:31:01Z INFO Terminal] WRITE: |                       
[2023-06-15 18:31:01Z INFO Terminal] WRITE: Self-hosted runner registration
[2023-06-15 18:31:01Z INFO Terminal] WRITE LINE:                         |
[2023-06-15 18:31:01Z INFO Terminal] WRITE LINE: |                                                                              |
[2023-06-15 18:31:01Z INFO Terminal] WRITE LINE: --------------------------------------------------------------------------------
[2023-06-15 18:31:01Z INFO ConfigurationManager] ConfigureAsync
[2023-06-15 18:31:01Z INFO CommandSettings] Flag 'generateServiceConfig': 'False'
[2023-06-15 18:31:01Z INFO ConfigurationStore] IsConfigured()
[2023-06-15 18:31:01Z INFO ConfigurationStore] IsConfigured: False
[2023-06-15 18:31:01Z INFO ConfigurationManager] Is configured: False
[2023-06-15 18:31:01Z INFO CommandSettings] Arg 'url': 'https://github.com/cu-ecen-aeld/assignment-1-petercorrea'
[2023-06-15 18:31:01Z INFO CommandSettings] Remove url from Arg dictionary.
[2023-06-15 18:31:01Z INFO CommandSettings] Arg 'token': '***'
[2023-06-15 18:31:01Z INFO CommandSettings] Remove token from Arg dictionary.
[2023-06-15 18:31:02Z INFO ConfigurationManager] Http response code: OK from 'POST https://api.github.com/actions/runner-registration' (D82F:1612:2F53D8:605669:648B58E6)
[2023-06-15 18:31:02Z INFO Terminal] WRITE LINE: Using V2 flow: False
[2023-06-15 18:31:02Z INFO ConfigurationManager] cred retrieved via GitHub auth
[2023-06-15 18:31:02Z INFO RunnerServer] EstablishVssConnection
[2023-06-15 18:31:02Z INFO RunnerServer] Establish connection with 100 seconds timeout.
[2023-06-15 18:31:03Z INFO GitHubActionsService] Starting operation Location.GetConnectionData
[2023-06-15 18:31:03Z INFO RunnerServer] EstablishVssConnection
[2023-06-15 18:31:03Z INFO RunnerServer] Establish connection with 60 seconds timeout.
[2023-06-15 18:31:03Z INFO GitHubActionsService] Starting operation Location.GetConnectionData
[2023-06-15 18:31:03Z INFO RunnerServer] EstablishVssConnection
[2023-06-15 18:31:03Z INFO RunnerServer] Establish connection with 60 seconds timeout.
[2023-06-15 18:31:03Z INFO GitHubActionsService] Starting operation Location.GetConnectionData
[2023-06-15 18:31:03Z INFO GitHubActionsService] Finished operation Location.GetConnectionData
[2023-06-15 18:31:03Z INFO GitHubActionsService] Finished operation Location.GetConnectionData
[2023-06-15 18:31:03Z INFO GitHubActionsService] Finished operation Location.GetConnectionData
[2023-06-15 18:31:04Z INFO Terminal] WRITE LINE: 
[2023-06-15 18:31:04Z INFO ConfigurationManager] Test Connection complete.
[2023-06-15 18:31:04Z INFO HostContext] Well known directory 'Bin': '/Users/peter/School/Advanced Embedded Linux Development Specialization/ECEA 5305 Linux System Programming and Introduction to Buildroot/Assignment 1/actions-runner/bin'
[2023-06-15 18:31:04Z INFO HostContext] Well known directory 'Root': '/Users/peter/School/Advanced Embedded Linux Development Specialization/ECEA 5305 Linux System Programming and Introduction to Buildroot/Assignment 1/actions-runner'
[2023-06-15 18:31:04Z INFO HostContext] Well known config file 'RSACredentials': '/Users/peter/School/Advanced Embedded Linux Development Specialization/ECEA 5305 Linux System Programming and Introduction to Buildroot/Assignment 1/actions-runner/.credentials_rsaparams'
[2023-06-15 18:31:04Z INFO RSAFileKeyManager] Creating new RSA key using 2048-bit key length
[2023-06-15 18:31:04Z INFO RSAFileKeyManager] Successfully saved RSA key parameters to file /Users/peter/School/Advanced Embedded Linux Development Specialization/ECEA 5305 Linux System Programming and Introduction to Buildroot/Assignment 1/actions-runner/.credentials_rsaparams
[2023-06-15 18:31:04Z INFO RSAFileKeyManager] Which: 'chmod'
[2023-06-15 18:31:04Z INFO RSAFileKeyManager] Location: '/bin/chmod'
[2023-06-15 18:31:04Z INFO HostContext] Well known directory 'Bin': '/Users/peter/School/Advanced Embedded Linux Development Specialization/ECEA 5305 Linux System Programming and Introduction to Buildroot/Assignment 1/actions-runner/bin'
[2023-06-15 18:31:04Z INFO HostContext] Well known directory 'Root': '/Users/peter/School/Advanced Embedded Linux Development Specialization/ECEA 5305 Linux System Programming and Introduction to Buildroot/Assignment 1/actions-runner'
[2023-06-15 18:31:04Z INFO ProcessInvokerWrapper] Starting process:
[2023-06-15 18:31:04Z INFO ProcessInvokerWrapper]   File name: '/bin/chmod'
[2023-06-15 18:31:04Z INFO ProcessInvokerWrapper]   Arguments: '600 /Users/peter/School/Advanced Embedded Linux Development Specialization/ECEA 5305 Linux System Programming and Introduction to Buildroot/Assignment 1/actions-runner/.credentials_rsaparams'
[2023-06-15 18:31:04Z INFO ProcessInvokerWrapper]   Working directory: '/Users/peter/School/Advanced Embedded Linux Development Specialization/ECEA 5305 Linux System Programming and Introduction to Buildroot/Assignment 1/actions-runner'
[2023-06-15 18:31:04Z INFO ProcessInvokerWrapper]   Require exit code zero: 'False'
[2023-06-15 18:31:04Z INFO ProcessInvokerWrapper]   Encoding web name:  ; code page: ''
[2023-06-15 18:31:04Z INFO ProcessInvokerWrapper]   Force kill process on cancellation: 'False'
[2023-06-15 18:31:04Z INFO ProcessInvokerWrapper]   Redirected STDIN: 'False'
[2023-06-15 18:31:04Z INFO ProcessInvokerWrapper]   Persist current code page: 'False'
[2023-06-15 18:31:04Z INFO ProcessInvokerWrapper]   Keep redirected STDIN open: 'False'
[2023-06-15 18:31:04Z INFO ProcessInvokerWrapper]   High priority process: 'False'
[2023-06-15 18:31:04Z INFO ProcessInvokerWrapper] Process started with process id 92723, waiting for process exit.
[2023-06-15 18:31:04Z INFO ProcessInvokerWrapper] STDOUT/STDERR stream read finished.
[2023-06-15 18:31:04Z INFO ProcessInvokerWrapper] STDOUT/STDERR stream read finished.
[2023-06-15 18:31:04Z INFO ProcessInvokerWrapper] Finished process 92723 with exit code 1, and elapsed time 00:00:00.1259961.
[2023-06-15 18:31:04Z WARN RSAFileKeyManager] Unable to succesfully set permissions for RSA key parameters file /Users/peter/School/Advanced Embedded Linux Development Specialization/ECEA 5305 Linux System Programming and Introduction to Buildroot/Assignment 1/actions-runner/.credentials_rsaparams. Received exit code 1 from /bin/chmod
[2023-06-15 18:31:04Z INFO CommandSettings] Arg 'runnergroup': ''
[2023-06-15 18:31:04Z INFO CommandSettings] Flag 'unattended': 'False'
[2023-06-15 18:31:04Z INFO PromptManager] ReadValue
[2023-06-15 18:31:04Z INFO Terminal] WRITE: Enter the name of the runner group to add this runner to: 
[2023-06-15 18:31:04Z INFO Terminal] WRITE: [press Enter for Default] 
[2023-06-15 18:31:04Z INFO Terminal] READ LINE
[2023-06-15 18:31:08Z INFO Terminal] Read value: ''
[2023-06-15 18:31:08Z INFO PromptManager] Falling back to the default: 'Default'
[2023-06-15 18:31:08Z INFO Terminal] WRITE LINE: 
[2023-06-15 18:31:08Z INFO ConfigurationManager] Found a self-hosted runner group with id 1 and name Default
[2023-06-15 18:31:08Z INFO CommandSettings] Flag 'disableupdate': 'False'
[2023-06-15 18:31:08Z INFO CommandSettings] Flag 'ephemeral': 'False'
[2023-06-15 18:31:08Z INFO CommandSettings] Arg 'name': ''
[2023-06-15 18:31:08Z INFO CommandSettings] Flag 'unattended': 'False'
[2023-06-15 18:31:08Z INFO PromptManager] ReadValue
[2023-06-15 18:31:08Z INFO Terminal] WRITE: Enter the name of runner: 
[2023-06-15 18:31:08Z INFO Terminal] WRITE: [press Enter for Pedros-MBP] 
[2023-06-15 18:31:08Z INFO Terminal] READ LINE
[2023-06-15 18:31:11Z INFO Terminal] Read value: ''
[2023-06-15 18:31:11Z INFO PromptManager] Falling back to the default: 'Pedros-MBP'
[2023-06-15 18:31:11Z INFO Terminal] WRITE LINE: 
[2023-06-15 18:31:11Z INFO CommandSettings] Arg 'labels': ''
[2023-06-15 18:31:11Z INFO CommandSettings] Flag 'unattended': 'False'
[2023-06-15 18:31:11Z INFO PromptManager] ReadValue
[2023-06-15 18:31:11Z INFO Terminal] WRITE: This runner will have the following labels: 'self-hosted', 'macOS', 'X64' 
Enter any additional labels (ex. label-1,label-2): 
[2023-06-15 18:31:11Z INFO Terminal] WRITE: [press Enter to skip] 
[2023-06-15 18:31:11Z INFO Terminal] READ LINE
[2023-06-15 18:31:17Z INFO Terminal] Read value: ''
[2023-06-15 18:31:17Z INFO Terminal] WRITE LINE: 
[2023-06-15 18:31:17Z INFO CommandSettings] Flag 'disableupdate': 'False'
[2023-06-15 18:31:18Z INFO CommandSettings] Flag 'disableupdate': 'False'
[2023-06-15 18:31:18Z INFO CommandSettings] Flag 'ephemeral': 'False'
[2023-06-15 18:31:18Z INFO ConfigurationStore] Saving OAuth credential @ /Users/peter/School/Advanced Embedded Linux Development Specialization/ECEA 5305 Linux System Programming and Introduction to Buildroot/Assignment 1/actions-runner/.credentials
[2023-06-15 18:31:18Z INFO ConfigurationStore] Credentials Saved.
[2023-06-15 18:31:18Z INFO ConfigurationStore] HasCredentials()
[2023-06-15 18:31:18Z INFO ConfigurationStore] stored True
[2023-06-15 18:31:18Z INFO CredentialManager] GetCredentialProvider
[2023-06-15 18:31:18Z INFO CredentialManager] Creating type OAuth
[2023-06-15 18:31:18Z INFO CredentialManager] Creating credential type: OAuth
[2023-06-15 18:31:18Z INFO RSAFileKeyManager] Loading RSA key parameters from file /Users/peter/School/Advanced Embedded Linux Development Specialization/ECEA 5305 Linux System Programming and Introduction to Buildroot/Assignment 1/actions-runner/.credentials_rsaparams
[2023-06-15 18:31:18Z INFO RunnerServer] EstablishVssConnection
[2023-06-15 18:31:18Z INFO RunnerServer] Establish connection with 100 seconds timeout.
[2023-06-15 18:31:18Z INFO GitHubActionsService] Starting operation Location.GetConnectionData
[2023-06-15 18:31:18Z INFO RunnerServer] EstablishVssConnection
[2023-06-15 18:31:18Z INFO RunnerServer] Establish connection with 60 seconds timeout.
[2023-06-15 18:31:18Z INFO GitHubActionsService] Starting operation Location.GetConnectionData
[2023-06-15 18:31:18Z INFO RunnerServer] EstablishVssConnection
[2023-06-15 18:31:18Z INFO RunnerServer] Establish connection with 60 seconds timeout.
[2023-06-15 18:31:18Z INFO GitHubActionsService] Starting operation Location.GetConnectionData
[2023-06-15 18:31:18Z INFO GitHubActionsService] Finished operation Location.GetConnectionData
[2023-06-15 18:31:18Z INFO GitHubActionsService] Finished operation Location.GetConnectionData
[2023-06-15 18:31:18Z INFO GitHubActionsService] Finished operation Location.GetConnectionData
[2023-06-15 18:31:18Z INFO RSAFileKeyManager] Loading RSA key parameters from file /Users/peter/School/Advanced Embedded Linux Development Specialization/ECEA 5305 Linux System Programming and Introduction to Buildroot/Assignment 1/actions-runner/.credentials_rsaparams
[2023-06-15 18:31:18Z INFO RSAFileKeyManager] Loading RSA key parameters from file /Users/peter/School/Advanced Embedded Linux Development Specialization/ECEA 5305 Linux System Programming and Introduction to Buildroot/Assignment 1/actions-runner/.credentials_rsaparams
[2023-06-15 18:31:19Z INFO GitHubActionsService] AAD Correlation ID for this token request: Unknown
[2023-06-15 18:31:19Z INFO CommandSettings] Arg 'work': ''
[2023-06-15 18:31:19Z INFO CommandSettings] Flag 'unattended': 'False'
[2023-06-15 18:31:19Z INFO PromptManager] ReadValue
[2023-06-15 18:31:19Z INFO Terminal] WRITE: Enter name of work folder: 
[2023-06-15 18:31:19Z INFO Terminal] WRITE: [press Enter for _work] 
[2023-06-15 18:31:19Z INFO Terminal] READ LINE
[2023-06-15 18:31:21Z INFO Terminal] Read value: ''
[2023-06-15 18:31:21Z INFO PromptManager] Falling back to the default: '_work'
[2023-06-15 18:31:21Z INFO ConfigurationStore] Saving runner settings.
[2023-06-15 18:31:21Z INFO ConfigurationStore] Settings Saved.
[2023-06-15 18:31:21Z INFO Terminal] WRITE LINE: 
[2023-06-15 18:31:21Z INFO Terminal] WRITE LINE: 
[2023-06-15 18:31:21Z INFO OsxServiceControlManager] Service name 'actions.runner.cu-ecen-aeld-assignment-1-petercorrea.Pedros-MBP' display name 'GitHub Actions Runner (cu-ecen-aeld-assignment-1-petercorrea.Pedros-MBP)' will be used for service configuration.
[2023-06-15 18:31:21Z INFO HostContext] Well known directory 'Bin': '/Users/peter/School/Advanced Embedded Linux Development Specialization/ECEA 5305 Linux System Programming and Introduction to Buildroot/Assignment 1/actions-runner/bin'
[2023-06-15 18:31:21Z INFO HostContext] Well known directory 'Root': '/Users/peter/School/Advanced Embedded Linux Development Specialization/ECEA 5305 Linux System Programming and Introduction to Buildroot/Assignment 1/actions-runner'
[2023-06-15 18:31:21Z INFO HostContext] Well known directory 'Bin': '/Users/peter/School/Advanced Embedded Linux Development Specialization/ECEA 5305 Linux System Programming and Introduction to Buildroot/Assignment 1/actions-runner/bin'
[2023-06-15 18:31:21Z INFO HostContext] Well known directory 'Bin': '/Users/peter/School/Advanced Embedded Linux Development Specialization/ECEA 5305 Linux System Programming and Introduction to Buildroot/Assignment 1/actions-runner/bin'
[2023-06-15 18:31:21Z INFO HostContext] Well known directory 'Root': '/Users/peter/School/Advanced Embedded Linux Development Specialization/ECEA 5305 Linux System Programming and Introduction to Buildroot/Assignment 1/actions-runner'
[2023-06-15 18:31:21Z INFO UnixUtil] Which: 'chmod'
[2023-06-15 18:31:21Z INFO UnixUtil] Location: '/bin/chmod'
[2023-06-15 18:31:21Z INFO UnixUtil] Running /bin/chmod 755 "/Users/peter/School/Advanced Embedded Linux Development Specialization/ECEA 5305 Linux System Programming and Introduction to Buildroot/Assignment 1/actions-runner/svc.sh"
[2023-06-15 18:31:21Z INFO ProcessInvokerWrapper] Starting process:
[2023-06-15 18:31:21Z INFO ProcessInvokerWrapper]   File name: '/bin/chmod'
[2023-06-15 18:31:21Z INFO ProcessInvokerWrapper]   Arguments: '755 "/Users/peter/School/Advanced Embedded Linux Development Specialization/ECEA 5305 Linux System Programming and Introduction to Buildroot/Assignment 1/actions-runner/svc.sh"'
[2023-06-15 18:31:21Z INFO ProcessInvokerWrapper]   Working directory: '/Users/peter/School/Advanced Embedded Linux Development Specialization/ECEA 5305 Linux System Programming and Introduction to Buildroot/Assignment 1/actions-runner'
[2023-06-15 18:31:21Z INFO ProcessInvokerWrapper]   Require exit code zero: 'True'
[2023-06-15 18:31:21Z INFO ProcessInvokerWrapper]   Encoding web name:  ; code page: ''
[2023-06-15 18:31:21Z INFO ProcessInvokerWrapper]   Force kill process on cancellation: 'False'
[2023-06-15 18:31:21Z INFO ProcessInvokerWrapper]   Redirected STDIN: 'False'
[2023-06-15 18:31:21Z INFO ProcessInvokerWrapper]   Persist current code page: 'False'
[2023-06-15 18:31:21Z INFO ProcessInvokerWrapper]   Keep redirected STDIN open: 'False'
[2023-06-15 18:31:21Z INFO ProcessInvokerWrapper]   High priority process: 'False'
[2023-06-15 18:31:22Z INFO ProcessInvokerWrapper] Process started with process id 92889, waiting for process exit.
[2023-06-15 18:31:22Z INFO ProcessInvokerWrapper] STDOUT/STDERR stream read finished.
[2023-06-15 18:31:22Z INFO ProcessInvokerWrapper] STDOUT/STDERR stream read finished.
[2023-06-15 18:31:22Z INFO ProcessInvokerWrapper] Finished process 92889 with exit code 0, and elapsed time 00:00:00.0255050.
[2023-06-15 18:31:22Z INFO Listener] Runner execution has finished with return code 0
