[2023-06-16 20:14:43Z INFO HostContext] No proxy settings were found based on environmental variables (http_proxy/https_proxy/HTTP_PROXY/HTTPS_PROXY)
[2023-06-16 20:14:43Z INFO HostContext] Well known directory 'Bin': '/usr/src/app/actions-runner/bin'
[2023-06-16 20:14:43Z INFO HostContext] Well known directory 'Root': '/usr/src/app/actions-runner'
[2023-06-16 20:14:43Z INFO HostContext] Well known config file 'Credentials': '/usr/src/app/actions-runner/.credentials'
[2023-06-16 20:14:43Z INFO HostContext] Well known directory 'Bin': '/usr/src/app/actions-runner/bin'
[2023-06-16 20:14:43Z INFO HostContext] Well known directory 'Root': '/usr/src/app/actions-runner'
[2023-06-16 20:14:43Z INFO HostContext] Well known config file 'Runner': '/usr/src/app/actions-runner/.runner'
[2023-06-16 20:14:43Z INFO Listener] Runner is built for Linux (X64) - linux-x64.
[2023-06-16 20:14:43Z INFO Listener] RuntimeInformation: Linux 5.15.49-linuxkit #1 SMP PREEMPT Tue Sep 13 07:51:32 UTC 2022.
[2023-06-16 20:14:43Z INFO Listener] Version: 2.305.0
[2023-06-16 20:14:43Z INFO Listener] Commit: 6cbe663c239dba8a109c6ac2801b25f1ed7c51e9
[2023-06-16 20:14:43Z INFO Listener] Culture: 
[2023-06-16 20:14:43Z INFO Listener] UI Culture: 
[2023-06-16 20:14:43Z INFO HostContext] Well known directory 'Bin': '/usr/src/app/actions-runner/bin'
[2023-06-16 20:14:43Z INFO HostContext] Well known directory 'Root': '/usr/src/app/actions-runner'
[2023-06-16 20:14:43Z INFO Listener] Validating directory permissions for: '/usr/src/app/actions-runner'
[2023-06-16 20:14:43Z INFO CommandLineParser] Parse
[2023-06-16 20:14:43Z INFO CommandLineParser] Parsing 5 args
[2023-06-16 20:14:43Z INFO CommandLineParser] parsing argument
[2023-06-16 20:14:43Z INFO CommandLineParser] HasArgs: False
[2023-06-16 20:14:43Z INFO CommandLineParser] Adding Command: configure
[2023-06-16 20:14:43Z INFO CommandLineParser] parsing argument
[2023-06-16 20:14:43Z INFO CommandLineParser] HasArgs: True
[2023-06-16 20:14:43Z INFO CommandLineParser] arg: url
[2023-06-16 20:14:43Z INFO CommandLineParser] parsing argument
[2023-06-16 20:14:43Z INFO CommandLineParser] HasArgs: True
[2023-06-16 20:14:43Z INFO CommandLineParser] Adding option 'url': 'https://github.com/cu-ecen-aeld/assignment-1-petercorrea'
[2023-06-16 20:14:43Z INFO CommandLineParser] parsing argument
[2023-06-16 20:14:43Z INFO CommandLineParser] HasArgs: True
[2023-06-16 20:14:43Z INFO CommandLineParser] arg: token
[2023-06-16 20:14:43Z INFO CommandLineParser] parsing argument
[2023-06-16 20:14:43Z INFO CommandLineParser] HasArgs: True
[2023-06-16 20:14:43Z INFO CommandLineParser] Adding option 'token': '***'
[2023-06-16 20:14:43Z INFO Listener] Arguments parsed
[2023-06-16 20:14:43Z INFO Runner] ExecuteCommand
[2023-06-16 20:14:43Z INFO ConfigurationStore] currentAssemblyLocation: /usr/src/app/actions-runner/bin/Runner.Listener.dll
[2023-06-16 20:14:43Z INFO HostContext] Well known directory 'Bin': '/usr/src/app/actions-runner/bin'
[2023-06-16 20:14:43Z INFO ConfigurationStore] binPath: /usr/src/app/actions-runner/bin
[2023-06-16 20:14:43Z INFO HostContext] Well known directory 'Bin': '/usr/src/app/actions-runner/bin'
[2023-06-16 20:14:43Z INFO HostContext] Well known directory 'Root': '/usr/src/app/actions-runner'
[2023-06-16 20:14:43Z INFO ConfigurationStore] RootFolder: /usr/src/app/actions-runner
[2023-06-16 20:14:43Z INFO HostContext] Well known directory 'Bin': '/usr/src/app/actions-runner/bin'
[2023-06-16 20:14:43Z INFO HostContext] Well known directory 'Root': '/usr/src/app/actions-runner'
[2023-06-16 20:14:43Z INFO HostContext] Well known config file 'Runner': '/usr/src/app/actions-runner/.runner'
[2023-06-16 20:14:43Z INFO ConfigurationStore] ConfigFilePath: /usr/src/app/actions-runner/.runner
[2023-06-16 20:14:43Z INFO HostContext] Well known directory 'Bin': '/usr/src/app/actions-runner/bin'
[2023-06-16 20:14:43Z INFO HostContext] Well known directory 'Root': '/usr/src/app/actions-runner'
[2023-06-16 20:14:43Z INFO HostContext] Well known config file 'Credentials': '/usr/src/app/actions-runner/.credentials'
[2023-06-16 20:14:43Z INFO ConfigurationStore] CredFilePath: /usr/src/app/actions-runner/.credentials
[2023-06-16 20:14:43Z INFO HostContext] Well known directory 'Bin': '/usr/src/app/actions-runner/bin'
[2023-06-16 20:14:43Z INFO HostContext] Well known directory 'Root': '/usr/src/app/actions-runner'
[2023-06-16 20:14:43Z INFO HostContext] Well known config file 'MigratedCredentials': '/usr/src/app/actions-runner/.credentials_migrated'
[2023-06-16 20:14:43Z INFO ConfigurationStore] MigratedCredFilePath: /usr/src/app/actions-runner/.credentials_migrated
[2023-06-16 20:14:43Z INFO HostContext] Well known directory 'Bin': '/usr/src/app/actions-runner/bin'
[2023-06-16 20:14:43Z INFO HostContext] Well known directory 'Root': '/usr/src/app/actions-runner'
[2023-06-16 20:14:43Z INFO HostContext] Well known config file 'Service': '/usr/src/app/actions-runner/.service'
[2023-06-16 20:14:43Z INFO ConfigurationStore] ServiceConfigFilePath: /usr/src/app/actions-runner/.service
[2023-06-16 20:14:43Z INFO CommandSettings] Flag 'help': 'False'
[2023-06-16 20:14:43Z INFO CommandSettings] Flag 'version': 'False'
[2023-06-16 20:14:43Z INFO CommandSettings] Flag 'commit': 'False'
[2023-06-16 20:14:43Z INFO CommandSettings] Flag 'check': 'False'
[2023-06-16 20:14:43Z INFO CommandSettings] Command 'configure': 'True'
[2023-06-16 20:14:43Z INFO Terminal] WRITE LINE: 
[2023-06-16 20:14:43Z INFO Terminal] WRITE LINE: --------------------------------------------------------------------------------
[2023-06-16 20:14:43Z INFO Terminal] WRITE LINE: |        ____ _ _   _   _       _          _        _   _                      |
[2023-06-16 20:14:43Z INFO Terminal] WRITE LINE: |       / ___(_) |_| | | |_   _| |__      / \   ___| |_(_) ___  _ __  ___      |
[2023-06-16 20:14:43Z INFO Terminal] WRITE LINE: |      | |  _| | __| |_| | | | | '_ \    / _ \ / __| __| |/ _ \| '_ \/ __|     |
[2023-06-16 20:14:43Z INFO Terminal] WRITE LINE: |      | |_| | | |_|  _  | |_| | |_) |  / ___ \ (__| |_| | (_) | | | \__ \     |
[2023-06-16 20:14:43Z INFO Terminal] WRITE LINE: |       \____|_|\__|_| |_|\__,_|_.__/  /_/   \_\___|\__|_|\___/|_| |_|___/     |
[2023-06-16 20:14:43Z INFO Terminal] WRITE LINE: |                                                                              |
[2023-06-16 20:14:43Z INFO Terminal] WRITE: |                       
[2023-06-16 20:14:43Z INFO Terminal] WRITE: Self-hosted runner registration
[2023-06-16 20:14:43Z INFO Terminal] WRITE LINE:                         |
[2023-06-16 20:14:43Z INFO Terminal] WRITE LINE: |                                                                              |
[2023-06-16 20:14:43Z INFO Terminal] WRITE LINE: --------------------------------------------------------------------------------
[2023-06-16 20:14:43Z INFO ConfigurationManager] ConfigureAsync
[2023-06-16 20:14:43Z INFO CommandSettings] Flag 'generateServiceConfig': 'False'
[2023-06-16 20:14:43Z INFO ConfigurationStore] IsConfigured()
[2023-06-16 20:14:43Z INFO ConfigurationStore] IsConfigured: False
[2023-06-16 20:14:43Z INFO ConfigurationManager] Is configured: False
[2023-06-16 20:14:43Z INFO CommandSettings] Arg 'url': 'https://github.com/cu-ecen-aeld/assignment-1-petercorrea'
[2023-06-16 20:14:43Z INFO CommandSettings] Remove url from Arg dictionary.
[2023-06-16 20:14:43Z INFO CommandSettings] Arg 'token': '***'
[2023-06-16 20:14:43Z INFO CommandSettings] Remove token from Arg dictionary.
[2023-06-16 20:14:44Z ERR  ConfigurationManager] Failed to get tenant credentials -- Atempt: 1
[2023-06-16 20:14:45Z ERR  ConfigurationManager] System.Net.Http.HttpRequestException: The SSL connection could not be established, see inner exception.
 ---> System.Security.Authentication.AuthenticationException: The remote certificate is invalid because of errors in the certificate chain: UntrustedRoot
   at System.Net.Security.SslStream.SendAuthResetSignal(ProtocolToken message, ExceptionDispatchInfo exception)
   at System.Net.Security.SslStream.CompleteHandshake(SslAuthenticationOptions sslAuthenticationOptions)
   at System.Net.Security.SslStream.ForceAuthenticationAsync[TIOAdapter](TIOAdapter adapter, Boolean receiveFirst, Byte[] reAuthenticationData, Boolean isApm)
   at System.Net.Http.ConnectHelper.EstablishSslConnectionAsync(SslClientAuthenticationOptions sslOptions, HttpRequestMessage request, Boolean async, Stream stream, CancellationToken cancellationToken)
   --- End of inner exception stack trace ---
   at System.Net.Http.ConnectHelper.EstablishSslConnectionAsync(SslClientAuthenticationOptions sslOptions, HttpRequestMessage request, Boolean async, Stream stream, CancellationToken cancellationToken)
   at System.Net.Http.HttpConnectionPool.ConnectAsync(HttpRequestMessage request, Boolean async, CancellationToken cancellationToken)
   at System.Net.Http.HttpConnectionPool.CreateHttp11ConnectionAsync(HttpRequestMessage request, Boolean async, CancellationToken cancellationToken)
   at System.Net.Http.HttpConnectionPool.AddHttp11ConnectionAsync(HttpRequestMessage request)
   at System.Threading.Tasks.TaskCompletionSourceWithCancellation`1.WaitWithCancellationAsync(CancellationToken cancellationToken)
   at System.Net.Http.HttpConnectionPool.GetHttp11ConnectionAsync(HttpRequestMessage request, Boolean async, CancellationToken cancellationToken)
   at System.Net.Http.HttpConnectionPool.SendWithVersionDetectionAndRetryAsync(HttpRequestMessage request, Boolean async, Boolean doRequestAuth, CancellationToken cancellationToken)
   at System.Net.Http.RedirectHandler.SendAsync(HttpRequestMessage request, Boolean async, CancellationToken cancellationToken)
   at System.Net.Http.HttpClient.<SendAsync>g__Core|83_0(HttpRequestMessage request, HttpCompletionOption completionOption, CancellationTokenSource cts, Boolean disposeCts, CancellationTokenSource pendingRequestsCts, CancellationToken originalCancellationToken)
   at GitHub.Runner.Listener.Configuration.ConfigurationManager.GetTenantCredential(String githubUrl, String githubToken, String runnerEvent)
[2023-06-16 20:14:45Z ERR  ConfigurationManager] #####################################################
[2023-06-16 20:14:45Z ERR  ConfigurationManager] System.Security.Authentication.AuthenticationException: The remote certificate is invalid because of errors in the certificate chain: UntrustedRoot
   at System.Net.Security.SslStream.SendAuthResetSignal(ProtocolToken message, ExceptionDispatchInfo exception)
   at System.Net.Security.SslStream.CompleteHandshake(SslAuthenticationOptions sslAuthenticationOptions)
   at System.Net.Security.SslStream.ForceAuthenticationAsync[TIOAdapter](TIOAdapter adapter, Boolean receiveFirst, Byte[] reAuthenticationData, Boolean isApm)
   at System.Net.Http.ConnectHelper.EstablishSslConnectionAsync(SslClientAuthenticationOptions sslOptions, HttpRequestMessage request, Boolean async, Stream stream, CancellationToken cancellationToken)
[2023-06-16 20:14:45Z INFO ConfigurationManager] Retrying in 2 seconds
[2023-06-16 20:14:47Z ERR  ConfigurationManager] Failed to get tenant credentials -- Atempt: 2
[2023-06-16 20:14:47Z ERR  ConfigurationManager] System.Net.Http.HttpRequestException: The SSL connection could not be established, see inner exception.
 ---> System.Security.Authentication.AuthenticationException: The remote certificate is invalid because of errors in the certificate chain: UntrustedRoot
   at System.Net.Security.SslStream.SendAuthResetSignal(ProtocolToken message, ExceptionDispatchInfo exception)
   at System.Net.Security.SslStream.CompleteHandshake(SslAuthenticationOptions sslAuthenticationOptions)
   at System.Net.Security.SslStream.ForceAuthenticationAsync[TIOAdapter](TIOAdapter adapter, Boolean receiveFirst, Byte[] reAuthenticationData, Boolean isApm)
   at System.Net.Http.ConnectHelper.EstablishSslConnectionAsync(SslClientAuthenticationOptions sslOptions, HttpRequestMessage request, Boolean async, Stream stream, CancellationToken cancellationToken)
   --- End of inner exception stack trace ---
   at System.Net.Http.ConnectHelper.EstablishSslConnectionAsync(SslClientAuthenticationOptions sslOptions, HttpRequestMessage request, Boolean async, Stream stream, CancellationToken cancellationToken)
   at System.Net.Http.HttpConnectionPool.ConnectAsync(HttpRequestMessage request, Boolean async, CancellationToken cancellationToken)
   at System.Net.Http.HttpConnectionPool.CreateHttp11ConnectionAsync(HttpRequestMessage request, Boolean async, CancellationToken cancellationToken)
   at System.Net.Http.HttpConnectionPool.AddHttp11ConnectionAsync(HttpRequestMessage request)
   at System.Threading.Tasks.TaskCompletionSourceWithCancellation`1.WaitWithCancellationAsync(CancellationToken cancellationToken)
   at System.Net.Http.HttpConnectionPool.GetHttp11ConnectionAsync(HttpRequestMessage request, Boolean async, CancellationToken cancellationToken)
   at System.Net.Http.HttpConnectionPool.SendWithVersionDetectionAndRetryAsync(HttpRequestMessage request, Boolean async, Boolean doRequestAuth, CancellationToken cancellationToken)
   at System.Net.Http.RedirectHandler.SendAsync(HttpRequestMessage request, Boolean async, CancellationToken cancellationToken)
   at System.Net.Http.HttpClient.<SendAsync>g__Core|83_0(HttpRequestMessage request, HttpCompletionOption completionOption, CancellationTokenSource cts, Boolean disposeCts, CancellationTokenSource pendingRequestsCts, CancellationToken originalCancellationToken)
   at GitHub.Runner.Listener.Configuration.ConfigurationManager.GetTenantCredential(String githubUrl, String githubToken, String runnerEvent)
[2023-06-16 20:14:47Z ERR  ConfigurationManager] #####################################################
[2023-06-16 20:14:47Z ERR  ConfigurationManager] System.Security.Authentication.AuthenticationException: The remote certificate is invalid because of errors in the certificate chain: UntrustedRoot
   at System.Net.Security.SslStream.SendAuthResetSignal(ProtocolToken message, ExceptionDispatchInfo exception)
   at System.Net.Security.SslStream.CompleteHandshake(SslAuthenticationOptions sslAuthenticationOptions)
   at System.Net.Security.SslStream.ForceAuthenticationAsync[TIOAdapter](TIOAdapter adapter, Boolean receiveFirst, Byte[] reAuthenticationData, Boolean isApm)
   at System.Net.Http.ConnectHelper.EstablishSslConnectionAsync(SslClientAuthenticationOptions sslOptions, HttpRequestMessage request, Boolean async, Stream stream, CancellationToken cancellationToken)
[2023-06-16 20:14:47Z INFO ConfigurationManager] Retrying in 4 seconds
[2023-06-16 20:14:52Z ERR  Runner] System.Net.Http.HttpRequestException: The SSL connection could not be established, see inner exception.
 ---> System.Security.Authentication.AuthenticationException: The remote certificate is invalid because of errors in the certificate chain: UntrustedRoot
   at System.Net.Security.SslStream.SendAuthResetSignal(ProtocolToken message, ExceptionDispatchInfo exception)
   at System.Net.Security.SslStream.CompleteHandshake(SslAuthenticationOptions sslAuthenticationOptions)
   at System.Net.Security.SslStream.ForceAuthenticationAsync[TIOAdapter](TIOAdapter adapter, Boolean receiveFirst, Byte[] reAuthenticationData, Boolean isApm)
   at System.Net.Http.ConnectHelper.EstablishSslConnectionAsync(SslClientAuthenticationOptions sslOptions, HttpRequestMessage request, Boolean async, Stream stream, CancellationToken cancellationToken)
   --- End of inner exception stack trace ---
   at System.Net.Http.ConnectHelper.EstablishSslConnectionAsync(SslClientAuthenticationOptions sslOptions, HttpRequestMessage request, Boolean async, Stream stream, CancellationToken cancellationToken)
   at System.Net.Http.HttpConnectionPool.ConnectAsync(HttpRequestMessage request, Boolean async, CancellationToken cancellationToken)
   at System.Net.Http.HttpConnectionPool.CreateHttp11ConnectionAsync(HttpRequestMessage request, Boolean async, CancellationToken cancellationToken)
   at System.Net.Http.HttpConnectionPool.AddHttp11ConnectionAsync(HttpRequestMessage request)
   at System.Threading.Tasks.TaskCompletionSourceWithCancellation`1.WaitWithCancellationAsync(CancellationToken cancellationToken)
   at System.Net.Http.HttpConnectionPool.GetHttp11ConnectionAsync(HttpRequestMessage request, Boolean async, CancellationToken cancellationToken)
   at System.Net.Http.HttpConnectionPool.SendWithVersionDetectionAndRetryAsync(HttpRequestMessage request, Boolean async, Boolean doRequestAuth, CancellationToken cancellationToken)
   at System.Net.Http.RedirectHandler.SendAsync(HttpRequestMessage request, Boolean async, CancellationToken cancellationToken)
   at System.Net.Http.HttpClient.<SendAsync>g__Core|83_0(HttpRequestMessage request, HttpCompletionOption completionOption, CancellationTokenSource cts, Boolean disposeCts, CancellationTokenSource pendingRequestsCts, CancellationToken originalCancellationToken)
   at GitHub.Runner.Listener.Configuration.ConfigurationManager.GetTenantCredential(String githubUrl, String githubToken, String runnerEvent)
   at GitHub.Runner.Listener.Configuration.ConfigurationManager.ConfigureAsync(CommandSettings command)
   at GitHub.Runner.Listener.Runner.ExecuteCommand(CommandSettings command)
[2023-06-16 20:14:52Z ERR  Runner] #####################################################
[2023-06-16 20:14:52Z ERR  Runner] System.Security.Authentication.AuthenticationException: The remote certificate is invalid because of errors in the certificate chain: UntrustedRoot
   at System.Net.Security.SslStream.SendAuthResetSignal(ProtocolToken message, ExceptionDispatchInfo exception)
   at System.Net.Security.SslStream.CompleteHandshake(SslAuthenticationOptions sslAuthenticationOptions)
   at System.Net.Security.SslStream.ForceAuthenticationAsync[TIOAdapter](TIOAdapter adapter, Boolean receiveFirst, Byte[] reAuthenticationData, Boolean isApm)
   at System.Net.Http.ConnectHelper.EstablishSslConnectionAsync(SslClientAuthenticationOptions sslOptions, HttpRequestMessage request, Boolean async, Stream stream, CancellationToken cancellationToken)
[2023-06-16 20:14:52Z ERR  Terminal] WRITE ERROR: The SSL connection could not be established, see inner exception.
[2023-06-16 20:14:52Z INFO Listener] Runner execution has finished with return code 1
