[2023-06-17 03:00:37Z INFO HostContext] No proxy settings were found based on environmental variables (http_proxy/https_proxy/HTTP_PROXY/HTTPS_PROXY)
[2023-06-17 03:00:37Z INFO HostContext] Well known directory 'Bin': '/usr/src/app/actions-runner/bin'
[2023-06-17 03:00:37Z INFO HostContext] Well known directory 'Root': '/usr/src/app/actions-runner'
[2023-06-17 03:00:37Z INFO HostContext] Well known config file 'Credentials': '/usr/src/app/actions-runner/.credentials'
[2023-06-17 03:00:38Z INFO HostContext] Well known directory 'Bin': '/usr/src/app/actions-runner/bin'
[2023-06-17 03:00:38Z INFO HostContext] Well known directory 'Root': '/usr/src/app/actions-runner'
[2023-06-17 03:00:38Z INFO HostContext] Well known config file 'Runner': '/usr/src/app/actions-runner/.runner'
[2023-06-17 03:00:38Z INFO Listener] Runner is built for Linux (X64) - linux-x64.
[2023-06-17 03:00:38Z INFO Listener] RuntimeInformation: Linux 5.15.49-linuxkit #1 SMP PREEMPT Tue Sep 13 07:51:32 UTC 2022.
[2023-06-17 03:00:38Z INFO Listener] Version: 2.305.0
[2023-06-17 03:00:38Z INFO Listener] Commit: 6cbe663c239dba8a109c6ac2801b25f1ed7c51e9
[2023-06-17 03:00:38Z INFO Listener] Culture: 
[2023-06-17 03:00:38Z INFO Listener] UI Culture: 
[2023-06-17 03:00:38Z INFO HostContext] Well known directory 'Bin': '/usr/src/app/actions-runner/bin'
[2023-06-17 03:00:38Z INFO HostContext] Well known directory 'Root': '/usr/src/app/actions-runner'
[2023-06-17 03:00:38Z INFO Listener] Validating directory permissions for: '/usr/src/app/actions-runner'
[2023-06-17 03:00:38Z INFO CommandLineParser] Parse
[2023-06-17 03:00:38Z INFO CommandLineParser] Parsing 1 args
[2023-06-17 03:00:38Z INFO CommandLineParser] parsing argument
[2023-06-17 03:00:38Z INFO CommandLineParser] HasArgs: False
[2023-06-17 03:00:38Z INFO CommandLineParser] Adding Command: run
[2023-06-17 03:00:38Z INFO Listener] Arguments parsed
[2023-06-17 03:00:38Z INFO Runner] ExecuteCommand
[2023-06-17 03:00:38Z INFO ConfigurationStore] currentAssemblyLocation: /usr/src/app/actions-runner/bin/Runner.Listener.dll
[2023-06-17 03:00:38Z INFO HostContext] Well known directory 'Bin': '/usr/src/app/actions-runner/bin'
[2023-06-17 03:00:38Z INFO ConfigurationStore] binPath: /usr/src/app/actions-runner/bin
[2023-06-17 03:00:38Z INFO HostContext] Well known directory 'Bin': '/usr/src/app/actions-runner/bin'
[2023-06-17 03:00:38Z INFO HostContext] Well known directory 'Root': '/usr/src/app/actions-runner'
[2023-06-17 03:00:38Z INFO ConfigurationStore] RootFolder: /usr/src/app/actions-runner
[2023-06-17 03:00:38Z INFO HostContext] Well known directory 'Bin': '/usr/src/app/actions-runner/bin'
[2023-06-17 03:00:38Z INFO HostContext] Well known directory 'Root': '/usr/src/app/actions-runner'
[2023-06-17 03:00:38Z INFO HostContext] Well known config file 'Runner': '/usr/src/app/actions-runner/.runner'
[2023-06-17 03:00:38Z INFO ConfigurationStore] ConfigFilePath: /usr/src/app/actions-runner/.runner
[2023-06-17 03:00:38Z INFO HostContext] Well known directory 'Bin': '/usr/src/app/actions-runner/bin'
[2023-06-17 03:00:38Z INFO HostContext] Well known directory 'Root': '/usr/src/app/actions-runner'
[2023-06-17 03:00:38Z INFO HostContext] Well known config file 'Credentials': '/usr/src/app/actions-runner/.credentials'
[2023-06-17 03:00:38Z INFO ConfigurationStore] CredFilePath: /usr/src/app/actions-runner/.credentials
[2023-06-17 03:00:38Z INFO HostContext] Well known directory 'Bin': '/usr/src/app/actions-runner/bin'
[2023-06-17 03:00:38Z INFO HostContext] Well known directory 'Root': '/usr/src/app/actions-runner'
[2023-06-17 03:00:38Z INFO HostContext] Well known config file 'MigratedCredentials': '/usr/src/app/actions-runner/.credentials_migrated'
[2023-06-17 03:00:38Z INFO ConfigurationStore] MigratedCredFilePath: /usr/src/app/actions-runner/.credentials_migrated
[2023-06-17 03:00:38Z INFO HostContext] Well known directory 'Bin': '/usr/src/app/actions-runner/bin'
[2023-06-17 03:00:38Z INFO HostContext] Well known directory 'Root': '/usr/src/app/actions-runner'
[2023-06-17 03:00:38Z INFO HostContext] Well known config file 'Service': '/usr/src/app/actions-runner/.service'
[2023-06-17 03:00:38Z INFO ConfigurationStore] ServiceConfigFilePath: /usr/src/app/actions-runner/.service
[2023-06-17 03:00:38Z INFO CommandSettings] Flag 'help': 'False'
[2023-06-17 03:00:38Z INFO CommandSettings] Flag 'version': 'False'
[2023-06-17 03:00:38Z INFO CommandSettings] Flag 'commit': 'False'
[2023-06-17 03:00:38Z INFO CommandSettings] Flag 'check': 'False'
[2023-06-17 03:00:38Z INFO CommandSettings] Command 'configure': 'False'
[2023-06-17 03:00:38Z INFO CommandSettings] Command 'remove': 'False'
[2023-06-17 03:00:38Z INFO CommandSettings] Command 'warmup': 'False'
[2023-06-17 03:00:38Z INFO ConfigurationManager] LoadSettings
[2023-06-17 03:00:38Z INFO ConfigurationStore] IsConfigured()
[2023-06-17 03:00:38Z INFO ConfigurationStore] IsConfigured: True
[2023-06-17 03:00:38Z INFO ConfigurationManager] Is configured: True
[2023-06-17 03:00:38Z INFO ConfigurationStore] Read setting file: 307 chars
[2023-06-17 03:00:38Z INFO ConfigurationManager] Settings Loaded
[2023-06-17 03:00:38Z INFO ConfigurationStore] IsServiceConfigured()
[2023-06-17 03:00:38Z INFO ConfigurationStore] IsServiceConfigured: False
[2023-06-17 03:00:38Z INFO CommandSettings] Command 'run': 'True'
[2023-06-17 03:00:38Z INFO ConfigurationStore] IsConfigured()
[2023-06-17 03:00:38Z INFO ConfigurationStore] IsConfigured: True
[2023-06-17 03:00:38Z INFO ConfigurationManager] Is configured: True
[2023-06-17 03:00:38Z INFO Runner] Could not parse the argument value '' for StartupType. Defaulting to Manual
[2023-06-17 03:00:38Z INFO Runner] Set runner startup type - Manual
[2023-06-17 03:00:38Z INFO CommandSettings] Flag 'once': 'False'
[2023-06-17 03:00:38Z INFO CommandSettings] Flag 'once': 'False'
[2023-06-17 03:00:38Z INFO Runner] RunAsync
[2023-06-17 03:00:39Z INFO ConfigurationManager] LoadSettings
[2023-06-17 03:00:39Z INFO ConfigurationStore] IsConfigured()
[2023-06-17 03:00:39Z INFO ConfigurationStore] IsConfigured: True
[2023-06-17 03:00:39Z INFO ConfigurationManager] Is configured: True
[2023-06-17 03:00:39Z INFO ConfigurationManager] Settings Loaded
[2023-06-17 03:00:39Z INFO MessageListener] {
  "AgentId": 24,
  "AgentName": "5398ccb646be",
  "PoolId": 1,
  "PoolName": "Default",
  "ServerUrl": "https://pipelines.actions.githubusercontent.com/6n9YdM5l1jhJ5fTwqLVRjaC2kWZ9SuphynErDEtFofg9Ku2iet",
  "GitHubUrl": "https://github.com/cu-ecen-aeld/assignment-1-petercorrea",
  "WorkFolder": "_work"
}
[2023-06-17 03:00:39Z INFO MessageListener] Loading Credentials
[2023-06-17 03:00:39Z INFO ConfigurationStore] HasCredentials()
[2023-06-17 03:00:39Z INFO ConfigurationStore] stored True
[2023-06-17 03:00:39Z INFO CredentialManager] GetCredentialProvider
[2023-06-17 03:00:39Z INFO CredentialManager] Creating type OAuth
[2023-06-17 03:00:39Z INFO CredentialManager] Creating credential type: OAuth
[2023-06-17 03:00:39Z INFO HostContext] Well known directory 'Bin': '/usr/src/app/actions-runner/bin'
[2023-06-17 03:00:39Z INFO HostContext] Well known directory 'Root': '/usr/src/app/actions-runner'
[2023-06-17 03:00:39Z INFO HostContext] Well known config file 'RSACredentials': '/usr/src/app/actions-runner/.credentials_rsaparams'
[2023-06-17 03:00:39Z INFO RSAFileKeyManager] Loading RSA key parameters from file /usr/src/app/actions-runner/.credentials_rsaparams
[2023-06-17 03:00:39Z INFO MessageListener] Attempt to create session.
[2023-06-17 03:00:39Z INFO MessageListener] Connecting to the Runner Server...
[2023-06-17 03:00:39Z INFO RunnerServer] EstablishVssConnection
[2023-06-17 03:00:39Z INFO RunnerServer] Establish connection with 100 seconds timeout.
[2023-06-17 03:00:39Z INFO GitHubActionsService] Starting operation Location.GetConnectionData
[2023-06-17 03:00:39Z INFO RunnerServer] EstablishVssConnection
[2023-06-17 03:00:39Z INFO RunnerServer] Establish connection with 60 seconds timeout.
[2023-06-17 03:00:39Z INFO GitHubActionsService] Starting operation Location.GetConnectionData
[2023-06-17 03:00:39Z INFO RunnerServer] EstablishVssConnection
[2023-06-17 03:00:39Z INFO RunnerServer] Establish connection with 60 seconds timeout.
[2023-06-17 03:00:39Z INFO GitHubActionsService] Starting operation Location.GetConnectionData
[2023-06-17 03:00:40Z INFO GitHubActionsService] Finished operation Location.GetConnectionData
[2023-06-17 03:00:40Z INFO GitHubActionsService] Finished operation Location.GetConnectionData
[2023-06-17 03:00:41Z INFO GitHubActionsService] Finished operation Location.GetConnectionData
[2023-06-17 03:00:41Z INFO MessageListener] VssConnection created
[2023-06-17 03:00:41Z INFO Terminal] WRITE LINE: 
[2023-06-17 03:00:41Z INFO Terminal] WRITE LINE: 
[2023-06-17 03:00:41Z INFO RSAFileKeyManager] Loading RSA key parameters from file /usr/src/app/actions-runner/.credentials_rsaparams
[2023-06-17 03:00:41Z INFO RSAFileKeyManager] Loading RSA key parameters from file /usr/src/app/actions-runner/.credentials_rsaparams
[2023-06-17 03:00:41Z INFO GitHubActionsService] AAD Correlation ID for this token request: Unknown
[2023-06-17 03:00:41Z INFO MessageListener] Session created.
[2023-06-17 03:00:41Z INFO Terminal] WRITE LINE: Current runner version: '2.305.0'
[2023-06-17 03:00:41Z INFO Terminal] WRITE LINE: 2023-06-17 03:00:41Z: Listening for Jobs
[2023-06-17 03:00:41Z INFO JobDispatcher] Set runner/worker IPC timeout to 30 seconds.
[2023-06-17 03:01:20Z INFO RSAFileKeyManager] Loading RSA key parameters from file /usr/src/app/actions-runner/.credentials_rsaparams
[2023-06-17 03:01:20Z INFO MessageListener] Message '37' received from session '1f9719e3-ace7-44eb-a880-ab1a0d8c5300'.
[2023-06-17 03:01:20Z INFO Runner] Received job message of length 23036 from service, with hash 'c8d346ea8c0100120b5761e0efd161fd32b21314993d10d172de3f09af101272'
[2023-06-17 03:01:20Z INFO JobDispatcher] Job request 39 for plan 3148bb2e-9133-41c7-8a2f-9f85129d7cfd job a047640a-23da-5e9b-1ef8-917a09b3753a received.
[2023-06-17 03:01:20Z INFO JobDispatcher] Pull OrchestrationId 3148bb2e-9133-41c7-8a2f-9f85129d7cfd.full-test.__default from JWT claims
[2023-06-17 03:01:20Z INFO Terminal] WRITE LINE: 2023-06-17 03:01:20Z: Running job: full-test
[2023-06-17 03:01:20Z INFO JobDispatcher] Start renew job request 39 for job a047640a-23da-5e9b-1ef8-917a09b3753a.
[2023-06-17 03:01:21Z INFO JobDispatcher] Successfully renew job request 39, job is valid till 06/17/2023 03:11:21
[2023-06-17 03:01:21Z INFO HostContext] Well known directory 'Bin': '/usr/src/app/actions-runner/bin'
[2023-06-17 03:01:21Z INFO ProcessInvokerWrapper] Starting process:
[2023-06-17 03:01:21Z INFO ProcessInvokerWrapper]   File name: '/usr/src/app/actions-runner/bin/Runner.Worker'
[2023-06-17 03:01:21Z INFO ProcessInvokerWrapper]   Arguments: 'spawnclient 106 109'
[2023-06-17 03:01:21Z INFO ProcessInvokerWrapper]   Working directory: '/usr/src/app/actions-runner/bin'
[2023-06-17 03:01:21Z INFO ProcessInvokerWrapper]   Require exit code zero: 'False'
[2023-06-17 03:01:21Z INFO ProcessInvokerWrapper]   Encoding web name:  ; code page: ''
[2023-06-17 03:01:21Z INFO ProcessInvokerWrapper]   Force kill process on cancellation: 'True'
[2023-06-17 03:01:21Z INFO ProcessInvokerWrapper]   Redirected STDIN: 'False'
[2023-06-17 03:01:21Z INFO ProcessInvokerWrapper]   Persist current code page: 'False'
[2023-06-17 03:01:21Z INFO ProcessInvokerWrapper]   Keep redirected STDIN open: 'False'
[2023-06-17 03:01:21Z INFO ProcessInvokerWrapper]   High priority process: 'True'
[2023-06-17 03:01:21Z INFO ProcessInvokerWrapper] Process started with process id 504, waiting for process exit.
[2023-06-17 03:01:21Z INFO JobDispatcher] Send job request message to worker for job a047640a-23da-5e9b-1ef8-917a09b3753a.
[2023-06-17 03:01:21Z INFO ProcessChannel] Sending message of length 23036, with hash 'c8d346ea8c0100120b5761e0efd161fd32b21314993d10d172de3f09af101272'
[2023-06-17 03:01:21Z INFO JobNotification] Entering JobStarted Notification
[2023-06-17 03:01:21Z INFO JobNotification] Entering StartMonitor
[2023-06-17 03:01:38Z INFO ProcessInvokerWrapper] STDOUT/STDERR stream read finished.
[2023-06-17 03:01:38Z INFO ProcessInvokerWrapper] STDOUT/STDERR stream read finished.
[2023-06-17 03:01:38Z INFO ProcessInvokerWrapper] Finished process 504 with exit code 102, and elapsed time 00:00:17.0356092.
[2023-06-17 03:01:38Z INFO JobDispatcher] Worker finished for job a047640a-23da-5e9b-1ef8-917a09b3753a. Code: 102
[2023-06-17 03:01:38Z INFO JobDispatcher] finish job request for job a047640a-23da-5e9b-1ef8-917a09b3753a with result: Failed
[2023-06-17 03:01:38Z INFO Terminal] WRITE LINE: 2023-06-17 03:01:38Z: Job full-test completed with result: Failed
[2023-06-17 03:01:38Z INFO JobDispatcher] Stop renew job request for job a047640a-23da-5e9b-1ef8-917a09b3753a.
[2023-06-17 03:01:38Z INFO JobDispatcher] job renew has been cancelled, stop renew job request 39.
[2023-06-17 03:01:38Z INFO JobNotification] Entering JobCompleted Notification
[2023-06-17 03:01:38Z INFO JobNotification] Entering EndMonitor
[2023-06-17 03:01:41Z INFO RSAFileKeyManager] Loading RSA key parameters from file /usr/src/app/actions-runner/.credentials_rsaparams
[2023-06-17 03:01:41Z INFO MessageListener] Message '38' received from session '1f9719e3-ace7-44eb-a880-ab1a0d8c5300'.
[2023-06-17 03:01:41Z INFO Runner] Received job message of length 23034 from service, with hash 'e973a370d85e6728ac3f15eb53eca81adf71ba2e828856c2b28a01cef993b2c1'
[2023-06-17 03:01:41Z INFO JobDispatcher] Job request 40 for plan 3148bb2e-9133-41c7-8a2f-9f85129d7cfd job 0e10f8dd-85b5-5bee-19c6-47fc7db6f171 received.
[2023-06-17 03:01:41Z INFO JobDispatcher] Pull OrchestrationId 3148bb2e-9133-41c7-8a2f-9f85129d7cfd.unit-test.__default from JWT claims
[2023-06-17 03:01:41Z INFO JobDispatcher] Job request a047640a-23da-5e9b-1ef8-917a09b3753a processed succeed.
[2023-06-17 03:01:41Z INFO Terminal] WRITE LINE: 2023-06-17 03:01:41Z: Running job: unit-test
[2023-06-17 03:01:41Z INFO JobDispatcher] Start renew job request 40 for job 0e10f8dd-85b5-5bee-19c6-47fc7db6f171.
[2023-06-17 03:01:41Z INFO JobDispatcher] Successfully renew job request 40, job is valid till 06/17/2023 03:11:41
[2023-06-17 03:01:41Z INFO HostContext] Well known directory 'Bin': '/usr/src/app/actions-runner/bin'
[2023-06-17 03:01:41Z INFO ProcessInvokerWrapper] Starting process:
[2023-06-17 03:01:41Z INFO ProcessInvokerWrapper]   File name: '/usr/src/app/actions-runner/bin/Runner.Worker'
[2023-06-17 03:01:41Z INFO ProcessInvokerWrapper]   Arguments: 'spawnclient 106 109'
[2023-06-17 03:01:41Z INFO ProcessInvokerWrapper]   Working directory: '/usr/src/app/actions-runner/bin'
[2023-06-17 03:01:41Z INFO ProcessInvokerWrapper]   Require exit code zero: 'False'
[2023-06-17 03:01:41Z INFO ProcessInvokerWrapper]   Encoding web name:  ; code page: ''
[2023-06-17 03:01:41Z INFO ProcessInvokerWrapper]   Force kill process on cancellation: 'True'
[2023-06-17 03:01:41Z INFO ProcessInvokerWrapper]   Redirected STDIN: 'False'
[2023-06-17 03:01:41Z INFO ProcessInvokerWrapper]   Persist current code page: 'False'
[2023-06-17 03:01:41Z INFO ProcessInvokerWrapper]   Keep redirected STDIN open: 'False'
[2023-06-17 03:01:41Z INFO ProcessInvokerWrapper]   High priority process: 'True'
[2023-06-17 03:01:41Z INFO ProcessInvokerWrapper] Process started with process id 734, waiting for process exit.
[2023-06-17 03:01:41Z INFO JobDispatcher] Send job request message to worker for job 0e10f8dd-85b5-5bee-19c6-47fc7db6f171.
[2023-06-17 03:01:41Z INFO ProcessChannel] Sending message of length 23034, with hash 'e973a370d85e6728ac3f15eb53eca81adf71ba2e828856c2b28a01cef993b2c1'
[2023-06-17 03:01:41Z INFO JobNotification] Entering JobStarted Notification
[2023-06-17 03:01:41Z INFO JobNotification] Entering StartMonitor
[2023-06-17 03:01:58Z INFO ProcessInvokerWrapper] STDOUT/STDERR stream read finished.
[2023-06-17 03:01:58Z INFO ProcessInvokerWrapper] STDOUT/STDERR stream read finished.
[2023-06-17 03:01:58Z INFO ProcessInvokerWrapper] Finished process 734 with exit code 102, and elapsed time 00:00:17.0038779.
[2023-06-17 03:01:58Z INFO JobDispatcher] Worker finished for job 0e10f8dd-85b5-5bee-19c6-47fc7db6f171. Code: 102
[2023-06-17 03:01:58Z INFO JobDispatcher] finish job request for job 0e10f8dd-85b5-5bee-19c6-47fc7db6f171 with result: Failed
[2023-06-17 03:01:58Z INFO Terminal] WRITE LINE: 2023-06-17 03:01:58Z: Job unit-test completed with result: Failed
[2023-06-17 03:01:58Z INFO JobDispatcher] Stop renew job request for job 0e10f8dd-85b5-5bee-19c6-47fc7db6f171.
[2023-06-17 03:01:58Z INFO JobDispatcher] job renew has been cancelled, stop renew job request 40.
[2023-06-17 03:01:58Z INFO JobNotification] Entering JobCompleted Notification
[2023-06-17 03:01:58Z INFO JobNotification] Entering EndMonitor
[2023-06-17 03:31:48Z INFO MessageListener] No message retrieved from session '1f9719e3-ace7-44eb-a880-ab1a0d8c5300' within last 30 minutes.
