[2023-06-16 20:49:49Z INFO HostContext] No proxy settings were found based on environmental variables (http_proxy/https_proxy/HTTP_PROXY/HTTPS_PROXY)
[2023-06-16 20:49:49Z WARN HostContext] Runner is running under insecure mode: HTTPS server certifcate validation has been turned off by GITHUB_ACTIONS_RUNNER_TLS_NO_VERIFY environment variable.
[2023-06-16 20:49:49Z INFO HostContext] Well known directory 'Bin': '/usr/src/app/actions-runner/bin'
[2023-06-16 20:49:49Z INFO HostContext] Well known directory 'Root': '/usr/src/app/actions-runner'
[2023-06-16 20:49:49Z INFO HostContext] Well known config file 'Credentials': '/usr/src/app/actions-runner/.credentials'
[2023-06-16 20:49:50Z INFO HostContext] Well known directory 'Bin': '/usr/src/app/actions-runner/bin'
[2023-06-16 20:49:50Z INFO HostContext] Well known directory 'Root': '/usr/src/app/actions-runner'
[2023-06-16 20:49:50Z INFO HostContext] Well known config file 'Runner': '/usr/src/app/actions-runner/.runner'
[2023-06-16 20:49:50Z INFO Listener] Runner is built for Linux (X64) - linux-x64.
[2023-06-16 20:49:50Z INFO Listener] RuntimeInformation: Linux 5.15.49-linuxkit #1 SMP PREEMPT Tue Sep 13 07:51:32 UTC 2022.
[2023-06-16 20:49:50Z INFO Listener] Version: 2.305.0
[2023-06-16 20:49:50Z INFO Listener] Commit: 6cbe663c239dba8a109c6ac2801b25f1ed7c51e9
[2023-06-16 20:49:50Z INFO Listener] Culture: 
[2023-06-16 20:49:50Z INFO Listener] UI Culture: 
[2023-06-16 20:49:50Z INFO HostContext] Well known directory 'Bin': '/usr/src/app/actions-runner/bin'
[2023-06-16 20:49:50Z INFO HostContext] Well known directory 'Root': '/usr/src/app/actions-runner'
[2023-06-16 20:49:50Z INFO Listener] Validating directory permissions for: '/usr/src/app/actions-runner'
[2023-06-16 20:49:50Z INFO CommandLineParser] Parse
[2023-06-16 20:49:50Z INFO CommandLineParser] Parsing 5 args
[2023-06-16 20:49:50Z INFO CommandLineParser] parsing argument
[2023-06-16 20:49:50Z INFO CommandLineParser] HasArgs: False
[2023-06-16 20:49:50Z INFO CommandLineParser] Adding Command: configure
[2023-06-16 20:49:50Z INFO CommandLineParser] parsing argument
[2023-06-16 20:49:50Z INFO CommandLineParser] HasArgs: True
[2023-06-16 20:49:50Z INFO CommandLineParser] arg: url
[2023-06-16 20:49:50Z INFO CommandLineParser] parsing argument
[2023-06-16 20:49:50Z INFO CommandLineParser] HasArgs: True
[2023-06-16 20:49:50Z INFO CommandLineParser] Adding option 'url': 'https://github.com/cu-ecen-aeld/assignment-1-petercorrea'
[2023-06-16 20:49:50Z INFO CommandLineParser] parsing argument
[2023-06-16 20:49:50Z INFO CommandLineParser] HasArgs: True
[2023-06-16 20:49:50Z INFO CommandLineParser] arg: token
[2023-06-16 20:49:50Z INFO CommandLineParser] parsing argument
[2023-06-16 20:49:50Z INFO CommandLineParser] HasArgs: True
[2023-06-16 20:49:50Z INFO CommandLineParser] Adding option 'token': '***'
[2023-06-16 20:49:50Z INFO Listener] Arguments parsed
[2023-06-16 20:49:50Z INFO Runner] ExecuteCommand
[2023-06-16 20:49:50Z INFO ConfigurationStore] currentAssemblyLocation: /usr/src/app/actions-runner/bin/Runner.Listener.dll
[2023-06-16 20:49:50Z INFO HostContext] Well known directory 'Bin': '/usr/src/app/actions-runner/bin'
[2023-06-16 20:49:50Z INFO ConfigurationStore] binPath: /usr/src/app/actions-runner/bin
[2023-06-16 20:49:50Z INFO HostContext] Well known directory 'Bin': '/usr/src/app/actions-runner/bin'
[2023-06-16 20:49:50Z INFO HostContext] Well known directory 'Root': '/usr/src/app/actions-runner'
[2023-06-16 20:49:50Z INFO ConfigurationStore] RootFolder: /usr/src/app/actions-runner
[2023-06-16 20:49:50Z INFO HostContext] Well known directory 'Bin': '/usr/src/app/actions-runner/bin'
[2023-06-16 20:49:50Z INFO HostContext] Well known directory 'Root': '/usr/src/app/actions-runner'
[2023-06-16 20:49:50Z INFO HostContext] Well known config file 'Runner': '/usr/src/app/actions-runner/.runner'
[2023-06-16 20:49:50Z INFO ConfigurationStore] ConfigFilePath: /usr/src/app/actions-runner/.runner
[2023-06-16 20:49:50Z INFO HostContext] Well known directory 'Bin': '/usr/src/app/actions-runner/bin'
[2023-06-16 20:49:50Z INFO HostContext] Well known directory 'Root': '/usr/src/app/actions-runner'
[2023-06-16 20:49:50Z INFO HostContext] Well known config file 'Credentials': '/usr/src/app/actions-runner/.credentials'
[2023-06-16 20:49:50Z INFO ConfigurationStore] CredFilePath: /usr/src/app/actions-runner/.credentials
[2023-06-16 20:49:50Z INFO HostContext] Well known directory 'Bin': '/usr/src/app/actions-runner/bin'
[2023-06-16 20:49:50Z INFO HostContext] Well known directory 'Root': '/usr/src/app/actions-runner'
[2023-06-16 20:49:50Z INFO HostContext] Well known config file 'MigratedCredentials': '/usr/src/app/actions-runner/.credentials_migrated'
[2023-06-16 20:49:50Z INFO ConfigurationStore] MigratedCredFilePath: /usr/src/app/actions-runner/.credentials_migrated
[2023-06-16 20:49:50Z INFO HostContext] Well known directory 'Bin': '/usr/src/app/actions-runner/bin'
[2023-06-16 20:49:50Z INFO HostContext] Well known directory 'Root': '/usr/src/app/actions-runner'
[2023-06-16 20:49:50Z INFO HostContext] Well known config file 'Service': '/usr/src/app/actions-runner/.service'
[2023-06-16 20:49:50Z INFO ConfigurationStore] ServiceConfigFilePath: /usr/src/app/actions-runner/.service
[2023-06-16 20:49:50Z INFO CommandSettings] Flag 'help': 'False'
[2023-06-16 20:49:50Z INFO CommandSettings] Flag 'version': 'False'
[2023-06-16 20:49:50Z INFO CommandSettings] Flag 'commit': 'False'
[2023-06-16 20:49:50Z INFO CommandSettings] Flag 'check': 'False'
[2023-06-16 20:49:50Z INFO CommandSettings] Command 'configure': 'True'
[2023-06-16 20:49:50Z INFO Terminal] WRITE LINE: 
[2023-06-16 20:49:50Z INFO Terminal] WRITE LINE: --------------------------------------------------------------------------------
[2023-06-16 20:49:50Z INFO Terminal] WRITE LINE: |        ____ _ _   _   _       _          _        _   _                      |
[2023-06-16 20:49:50Z INFO Terminal] WRITE LINE: |       / ___(_) |_| | | |_   _| |__      / \   ___| |_(_) ___  _ __  ___      |
[2023-06-16 20:49:50Z INFO Terminal] WRITE LINE: |      | |  _| | __| |_| | | | | '_ \    / _ \ / __| __| |/ _ \| '_ \/ __|     |
[2023-06-16 20:49:50Z INFO Terminal] WRITE LINE: |      | |_| | | |_|  _  | |_| | |_) |  / ___ \ (__| |_| | (_) | | | \__ \     |
[2023-06-16 20:49:50Z INFO Terminal] WRITE LINE: |       \____|_|\__|_| |_|\__,_|_.__/  /_/   \_\___|\__|_|\___/|_| |_|___/     |
[2023-06-16 20:49:50Z INFO Terminal] WRITE LINE: |                                                                              |
[2023-06-16 20:49:50Z INFO Terminal] WRITE: |                       
[2023-06-16 20:49:50Z INFO Terminal] WRITE: Self-hosted runner registration
[2023-06-16 20:49:50Z INFO Terminal] WRITE LINE:                         |
[2023-06-16 20:49:50Z INFO Terminal] WRITE LINE: |                                                                              |
[2023-06-16 20:49:50Z INFO Terminal] WRITE LINE: --------------------------------------------------------------------------------
[2023-06-16 20:49:50Z INFO ConfigurationManager] ConfigureAsync
[2023-06-16 20:49:50Z INFO CommandSettings] Flag 'generateServiceConfig': 'False'
[2023-06-16 20:49:50Z INFO ConfigurationStore] IsConfigured()
[2023-06-16 20:49:50Z INFO ConfigurationStore] IsConfigured: True
[2023-06-16 20:49:50Z INFO ConfigurationManager] Is configured: True
[2023-06-16 20:49:50Z ERR  Runner] System.InvalidOperationException: Cannot configure the runner because it is already configured. To reconfigure the runner, run 'config.cmd remove' or './config.sh remove' first.
   at GitHub.Runner.Listener.Configuration.ConfigurationManager.ConfigureAsync(CommandSettings command)
   at GitHub.Runner.Listener.Runner.ExecuteCommand(CommandSettings command)
[2023-06-16 20:49:50Z ERR  Terminal] WRITE ERROR: Cannot configure the runner because it is already configured. To reconfigure the runner, run 'config.cmd remove' or './config.sh remove' first.
[2023-06-16 20:49:50Z INFO Listener] Runner execution has finished with return code 1
