[2023-06-16 23:05:17Z INFO HostContext] No proxy settings were found based on environmental variables (http_proxy/https_proxy/HTTP_PROXY/HTTPS_PROXY)
[2023-06-16 23:05:17Z INFO HostContext] Well known directory 'Bin': '/usr/src/app/actions-runner/bin'
[2023-06-16 23:05:17Z INFO HostContext] Well known directory 'Root': '/usr/src/app/actions-runner'
[2023-06-16 23:05:17Z INFO HostContext] Well known config file 'Credentials': '/usr/src/app/actions-runner/.credentials'
[2023-06-16 23:05:18Z INFO HostContext] Well known directory 'Bin': '/usr/src/app/actions-runner/bin'
[2023-06-16 23:05:18Z INFO HostContext] Well known directory 'Root': '/usr/src/app/actions-runner'
[2023-06-16 23:05:18Z INFO HostContext] Well known config file 'Runner': '/usr/src/app/actions-runner/.runner'
[2023-06-16 23:05:18Z INFO Listener] Runner is built for Linux (X64) - linux-x64.
[2023-06-16 23:05:18Z INFO Listener] RuntimeInformation: Linux 5.15.49-linuxkit #1 SMP PREEMPT Tue Sep 13 07:51:32 UTC 2022.
[2023-06-16 23:05:18Z INFO Listener] Version: 2.305.0
[2023-06-16 23:05:18Z INFO Listener] Commit: 6cbe663c239dba8a109c6ac2801b25f1ed7c51e9
[2023-06-16 23:05:18Z INFO Listener] Culture: 
[2023-06-16 23:05:18Z INFO Listener] UI Culture: 
[2023-06-16 23:05:18Z INFO HostContext] Well known directory 'Bin': '/usr/src/app/actions-runner/bin'
[2023-06-16 23:05:18Z INFO HostContext] Well known directory 'Root': '/usr/src/app/actions-runner'
[2023-06-16 23:05:18Z INFO Listener] Validating directory permissions for: '/usr/src/app/actions-runner'
[2023-06-16 23:05:18Z INFO CommandLineParser] Parse
[2023-06-16 23:05:18Z INFO CommandLineParser] Parsing 1 args
[2023-06-16 23:05:18Z INFO CommandLineParser] parsing argument
[2023-06-16 23:05:18Z INFO CommandLineParser] HasArgs: False
[2023-06-16 23:05:18Z INFO CommandLineParser] Adding Command: run
[2023-06-16 23:05:18Z INFO Listener] Arguments parsed
[2023-06-16 23:05:18Z INFO Runner] ExecuteCommand
[2023-06-16 23:05:18Z INFO ConfigurationStore] currentAssemblyLocation: /usr/src/app/actions-runner/bin/Runner.Listener.dll
[2023-06-16 23:05:18Z INFO HostContext] Well known directory 'Bin': '/usr/src/app/actions-runner/bin'
[2023-06-16 23:05:18Z INFO ConfigurationStore] binPath: /usr/src/app/actions-runner/bin
[2023-06-16 23:05:18Z INFO HostContext] Well known directory 'Bin': '/usr/src/app/actions-runner/bin'
[2023-06-16 23:05:18Z INFO HostContext] Well known directory 'Root': '/usr/src/app/actions-runner'
[2023-06-16 23:05:18Z INFO ConfigurationStore] RootFolder: /usr/src/app/actions-runner
[2023-06-16 23:05:18Z INFO HostContext] Well known directory 'Bin': '/usr/src/app/actions-runner/bin'
[2023-06-16 23:05:18Z INFO HostContext] Well known directory 'Root': '/usr/src/app/actions-runner'
[2023-06-16 23:05:18Z INFO HostContext] Well known config file 'Runner': '/usr/src/app/actions-runner/.runner'
[2023-06-16 23:05:18Z INFO ConfigurationStore] ConfigFilePath: /usr/src/app/actions-runner/.runner
[2023-06-16 23:05:18Z INFO HostContext] Well known directory 'Bin': '/usr/src/app/actions-runner/bin'
[2023-06-16 23:05:18Z INFO HostContext] Well known directory 'Root': '/usr/src/app/actions-runner'
[2023-06-16 23:05:18Z INFO HostContext] Well known config file 'Credentials': '/usr/src/app/actions-runner/.credentials'
[2023-06-16 23:05:18Z INFO ConfigurationStore] CredFilePath: /usr/src/app/actions-runner/.credentials
[2023-06-16 23:05:18Z INFO HostContext] Well known directory 'Bin': '/usr/src/app/actions-runner/bin'
[2023-06-16 23:05:18Z INFO HostContext] Well known directory 'Root': '/usr/src/app/actions-runner'
[2023-06-16 23:05:18Z INFO HostContext] Well known config file 'MigratedCredentials': '/usr/src/app/actions-runner/.credentials_migrated'
[2023-06-16 23:05:18Z INFO ConfigurationStore] MigratedCredFilePath: /usr/src/app/actions-runner/.credentials_migrated
[2023-06-16 23:05:18Z INFO HostContext] Well known directory 'Bin': '/usr/src/app/actions-runner/bin'
[2023-06-16 23:05:18Z INFO HostContext] Well known directory 'Root': '/usr/src/app/actions-runner'
[2023-06-16 23:05:18Z INFO HostContext] Well known config file 'Service': '/usr/src/app/actions-runner/.service'
[2023-06-16 23:05:18Z INFO ConfigurationStore] ServiceConfigFilePath: /usr/src/app/actions-runner/.service
[2023-06-16 23:05:18Z INFO CommandSettings] Flag 'help': 'False'
[2023-06-16 23:05:18Z INFO CommandSettings] Flag 'version': 'False'
[2023-06-16 23:05:18Z INFO CommandSettings] Flag 'commit': 'False'
[2023-06-16 23:05:18Z INFO CommandSettings] Flag 'check': 'False'
[2023-06-16 23:05:18Z INFO CommandSettings] Command 'configure': 'False'
[2023-06-16 23:05:18Z INFO CommandSettings] Command 'remove': 'False'
[2023-06-16 23:05:18Z INFO CommandSettings] Command 'warmup': 'False'
[2023-06-16 23:05:18Z INFO ConfigurationManager] LoadSettings
[2023-06-16 23:05:18Z INFO ConfigurationStore] IsConfigured()
[2023-06-16 23:05:18Z INFO ConfigurationStore] IsConfigured: True
[2023-06-16 23:05:18Z INFO ConfigurationManager] Is configured: True
[2023-06-16 23:05:18Z INFO ConfigurationStore] Read setting file: 307 chars
[2023-06-16 23:05:18Z INFO ConfigurationManager] Settings Loaded
[2023-06-16 23:05:18Z INFO ConfigurationStore] IsServiceConfigured()
[2023-06-16 23:05:18Z INFO ConfigurationStore] IsServiceConfigured: False
[2023-06-16 23:05:18Z INFO CommandSettings] Command 'run': 'True'
[2023-06-16 23:05:18Z INFO ConfigurationStore] IsConfigured()
[2023-06-16 23:05:18Z INFO ConfigurationStore] IsConfigured: True
[2023-06-16 23:05:18Z INFO ConfigurationManager] Is configured: True
[2023-06-16 23:05:18Z INFO Runner] Could not parse the argument value '' for StartupType. Defaulting to Manual
[2023-06-16 23:05:18Z INFO Runner] Set runner startup type - Manual
[2023-06-16 23:05:18Z INFO CommandSettings] Flag 'once': 'False'
[2023-06-16 23:05:18Z INFO CommandSettings] Flag 'once': 'False'
[2023-06-16 23:05:18Z INFO Runner] RunAsync
[2023-06-16 23:05:18Z INFO ConfigurationManager] LoadSettings
[2023-06-16 23:05:18Z INFO ConfigurationStore] IsConfigured()
[2023-06-16 23:05:18Z INFO ConfigurationStore] IsConfigured: True
[2023-06-16 23:05:18Z INFO ConfigurationManager] Is configured: True
[2023-06-16 23:05:18Z INFO ConfigurationManager] Settings Loaded
[2023-06-16 23:05:18Z INFO MessageListener] {
  "AgentId": 24,
  "AgentName": "5398ccb646be",
  "PoolId": 1,
  "PoolName": "Default",
  "ServerUrl": "https://pipelines.actions.githubusercontent.com/6n9YdM5l1jhJ5fTwqLVRjaC2kWZ9SuphynErDEtFofg9Ku2iet",
  "GitHubUrl": "https://github.com/cu-ecen-aeld/assignment-1-petercorrea",
  "WorkFolder": "_work"
}
[2023-06-16 23:05:18Z INFO MessageListener] Loading Credentials
[2023-06-16 23:05:18Z INFO ConfigurationStore] HasCredentials()
[2023-06-16 23:05:18Z INFO ConfigurationStore] stored True
[2023-06-16 23:05:18Z INFO CredentialManager] GetCredentialProvider
[2023-06-16 23:05:18Z INFO CredentialManager] Creating type OAuth
[2023-06-16 23:05:18Z INFO CredentialManager] Creating credential type: OAuth
[2023-06-16 23:05:18Z INFO HostContext] Well known directory 'Bin': '/usr/src/app/actions-runner/bin'
[2023-06-16 23:05:18Z INFO HostContext] Well known directory 'Root': '/usr/src/app/actions-runner'
[2023-06-16 23:05:18Z INFO HostContext] Well known config file 'RSACredentials': '/usr/src/app/actions-runner/.credentials_rsaparams'
[2023-06-16 23:05:18Z INFO RSAFileKeyManager] Loading RSA key parameters from file /usr/src/app/actions-runner/.credentials_rsaparams
[2023-06-16 23:05:19Z INFO MessageListener] Attempt to create session.
[2023-06-16 23:05:19Z INFO MessageListener] Connecting to the Runner Server...
[2023-06-16 23:05:19Z INFO RunnerServer] EstablishVssConnection
[2023-06-16 23:05:19Z INFO RunnerServer] Establish connection with 100 seconds timeout.
[2023-06-16 23:05:19Z INFO GitHubActionsService] Starting operation Location.GetConnectionData
[2023-06-16 23:05:19Z INFO RunnerServer] EstablishVssConnection
[2023-06-16 23:05:19Z INFO RunnerServer] Establish connection with 60 seconds timeout.
[2023-06-16 23:05:19Z INFO GitHubActionsService] Starting operation Location.GetConnectionData
[2023-06-16 23:05:19Z INFO RunnerServer] EstablishVssConnection
[2023-06-16 23:05:19Z INFO RunnerServer] Establish connection with 60 seconds timeout.
[2023-06-16 23:05:19Z INFO GitHubActionsService] Starting operation Location.GetConnectionData
[2023-06-16 23:05:20Z INFO GitHubActionsService] Finished operation Location.GetConnectionData
[2023-06-16 23:05:20Z INFO GitHubActionsService] Finished operation Location.GetConnectionData
[2023-06-16 23:05:20Z INFO GitHubActionsService] Finished operation Location.GetConnectionData
[2023-06-16 23:05:21Z INFO MessageListener] VssConnection created
[2023-06-16 23:05:21Z INFO Terminal] WRITE LINE: 
[2023-06-16 23:05:21Z INFO Terminal] WRITE LINE: 
[2023-06-16 23:05:21Z INFO RSAFileKeyManager] Loading RSA key parameters from file /usr/src/app/actions-runner/.credentials_rsaparams
[2023-06-16 23:05:21Z INFO RSAFileKeyManager] Loading RSA key parameters from file /usr/src/app/actions-runner/.credentials_rsaparams
[2023-06-16 23:05:21Z INFO GitHubActionsService] AAD Correlation ID for this token request: Unknown
[2023-06-16 23:05:22Z INFO MessageListener] Session created.
[2023-06-16 23:05:22Z INFO Terminal] WRITE LINE: Current runner version: '2.305.0'
[2023-06-16 23:05:22Z INFO Terminal] WRITE LINE: 2023-06-16 23:05:22Z: Listening for Jobs
[2023-06-16 23:05:22Z INFO JobDispatcher] Set runner/worker IPC timeout to 30 seconds.
[2023-06-16 23:05:38Z INFO RSAFileKeyManager] Loading RSA key parameters from file /usr/src/app/actions-runner/.credentials_rsaparams
[2023-06-16 23:05:38Z INFO MessageListener] Message '21' received from session '5a6ec0e7-01b3-46b4-9c0c-589fc5827561'.
[2023-06-16 23:05:38Z INFO Runner] Received job message of length 23036 from service, with hash 'f0b26c3abeacbcfc29461de923be4ebcacd2dc36a8dbd4ba1e902b123317384a'
[2023-06-16 23:05:39Z INFO JobDispatcher] Job request 23 for plan 042092bd-5494-4b3a-b4ea-7c6df4f892c1 job a047640a-23da-5e9b-1ef8-917a09b3753a received.
[2023-06-16 23:05:39Z INFO JobDispatcher] Pull OrchestrationId 042092bd-5494-4b3a-b4ea-7c6df4f892c1.full-test.__default from JWT claims
[2023-06-16 23:05:39Z INFO Terminal] WRITE LINE: 2023-06-16 23:05:39Z: Running job: full-test
[2023-06-16 23:05:39Z INFO JobDispatcher] Start renew job request 23 for job a047640a-23da-5e9b-1ef8-917a09b3753a.
[2023-06-16 23:05:39Z INFO JobDispatcher] Successfully renew job request 23, job is valid till 06/16/2023 23:15:39
[2023-06-16 23:05:39Z INFO HostContext] Well known directory 'Bin': '/usr/src/app/actions-runner/bin'
[2023-06-16 23:05:39Z INFO ProcessInvokerWrapper] Starting process:
[2023-06-16 23:05:39Z INFO ProcessInvokerWrapper]   File name: '/usr/src/app/actions-runner/bin/Runner.Worker'
[2023-06-16 23:05:39Z INFO ProcessInvokerWrapper]   Arguments: 'spawnclient 106 109'
[2023-06-16 23:05:39Z INFO ProcessInvokerWrapper]   Working directory: '/usr/src/app/actions-runner/bin'
[2023-06-16 23:05:39Z INFO ProcessInvokerWrapper]   Require exit code zero: 'False'
[2023-06-16 23:05:39Z INFO ProcessInvokerWrapper]   Encoding web name:  ; code page: ''
[2023-06-16 23:05:39Z INFO ProcessInvokerWrapper]   Force kill process on cancellation: 'True'
[2023-06-16 23:05:39Z INFO ProcessInvokerWrapper]   Redirected STDIN: 'False'
[2023-06-16 23:05:39Z INFO ProcessInvokerWrapper]   Persist current code page: 'False'
[2023-06-16 23:05:39Z INFO ProcessInvokerWrapper]   Keep redirected STDIN open: 'False'
[2023-06-16 23:05:39Z INFO ProcessInvokerWrapper]   High priority process: 'True'
[2023-06-16 23:05:39Z INFO ProcessInvokerWrapper] Process started with process id 2045, waiting for process exit.
[2023-06-16 23:05:39Z INFO JobDispatcher] Send job request message to worker for job a047640a-23da-5e9b-1ef8-917a09b3753a.
[2023-06-16 23:05:39Z INFO ProcessChannel] Sending message of length 23036, with hash 'f0b26c3abeacbcfc29461de923be4ebcacd2dc36a8dbd4ba1e902b123317384a'
[2023-06-16 23:05:39Z INFO JobNotification] Entering JobStarted Notification
[2023-06-16 23:05:39Z INFO JobNotification] Entering StartMonitor
[2023-06-16 23:05:51Z INFO ProcessInvokerWrapper] STDOUT/STDERR stream read finished.
[2023-06-16 23:05:51Z INFO ProcessInvokerWrapper] STDOUT/STDERR stream read finished.
[2023-06-16 23:05:51Z INFO ProcessInvokerWrapper] Finished process 2045 with exit code 102, and elapsed time 00:00:12.1343878.
[2023-06-16 23:05:51Z INFO JobDispatcher] Worker finished for job a047640a-23da-5e9b-1ef8-917a09b3753a. Code: 102
[2023-06-16 23:05:51Z INFO JobDispatcher] finish job request for job a047640a-23da-5e9b-1ef8-917a09b3753a with result: Failed
[2023-06-16 23:05:51Z INFO Terminal] WRITE LINE: 2023-06-16 23:05:51Z: Job full-test completed with result: Failed
[2023-06-16 23:05:51Z INFO JobDispatcher] Stop renew job request for job a047640a-23da-5e9b-1ef8-917a09b3753a.
[2023-06-16 23:05:51Z INFO JobDispatcher] job renew has been cancelled, stop renew job request 23.
[2023-06-16 23:05:51Z INFO JobNotification] Entering JobCompleted Notification
[2023-06-16 23:05:51Z INFO JobNotification] Entering EndMonitor
[2023-06-16 23:05:53Z INFO RSAFileKeyManager] Loading RSA key parameters from file /usr/src/app/actions-runner/.credentials_rsaparams
[2023-06-16 23:05:53Z INFO MessageListener] Message '22' received from session '5a6ec0e7-01b3-46b4-9c0c-589fc5827561'.
[2023-06-16 23:05:53Z INFO Runner] Received job message of length 23034 from service, with hash 'e7603a86d3854b48379cd07f51467715294d3be8e620294f25e1589b08d5d96a'
[2023-06-16 23:05:53Z INFO JobDispatcher] Job request 24 for plan 042092bd-5494-4b3a-b4ea-7c6df4f892c1 job 0e10f8dd-85b5-5bee-19c6-47fc7db6f171 received.
[2023-06-16 23:05:53Z INFO JobDispatcher] Pull OrchestrationId 042092bd-5494-4b3a-b4ea-7c6df4f892c1.unit-test.__default from JWT claims
[2023-06-16 23:05:53Z INFO JobDispatcher] Job request a047640a-23da-5e9b-1ef8-917a09b3753a processed succeed.
[2023-06-16 23:05:53Z INFO Terminal] WRITE LINE: 2023-06-16 23:05:53Z: Running job: unit-test
[2023-06-16 23:05:53Z INFO JobDispatcher] Start renew job request 24 for job 0e10f8dd-85b5-5bee-19c6-47fc7db6f171.
[2023-06-16 23:05:53Z INFO JobDispatcher] Successfully renew job request 24, job is valid till 06/16/2023 23:15:53
[2023-06-16 23:05:53Z INFO HostContext] Well known directory 'Bin': '/usr/src/app/actions-runner/bin'
[2023-06-16 23:05:53Z INFO ProcessInvokerWrapper] Starting process:
[2023-06-16 23:05:53Z INFO ProcessInvokerWrapper]   File name: '/usr/src/app/actions-runner/bin/Runner.Worker'
[2023-06-16 23:05:53Z INFO ProcessInvokerWrapper]   Arguments: 'spawnclient 106 109'
[2023-06-16 23:05:53Z INFO ProcessInvokerWrapper]   Working directory: '/usr/src/app/actions-runner/bin'
[2023-06-16 23:05:53Z INFO ProcessInvokerWrapper]   Require exit code zero: 'False'
[2023-06-16 23:05:53Z INFO ProcessInvokerWrapper]   Encoding web name:  ; code page: ''
[2023-06-16 23:05:53Z INFO ProcessInvokerWrapper]   Force kill process on cancellation: 'True'
[2023-06-16 23:05:53Z INFO ProcessInvokerWrapper]   Redirected STDIN: 'False'
[2023-06-16 23:05:53Z INFO ProcessInvokerWrapper]   Persist current code page: 'False'
[2023-06-16 23:05:53Z INFO ProcessInvokerWrapper]   Keep redirected STDIN open: 'False'
[2023-06-16 23:05:53Z INFO ProcessInvokerWrapper]   High priority process: 'True'
[2023-06-16 23:05:53Z INFO ProcessInvokerWrapper] Process started with process id 2094, waiting for process exit.
[2023-06-16 23:05:53Z INFO JobDispatcher] Send job request message to worker for job 0e10f8dd-85b5-5bee-19c6-47fc7db6f171.
[2023-06-16 23:05:53Z INFO ProcessChannel] Sending message of length 23034, with hash 'e7603a86d3854b48379cd07f51467715294d3be8e620294f25e1589b08d5d96a'
[2023-06-16 23:05:53Z INFO JobNotification] Entering JobStarted Notification
[2023-06-16 23:05:53Z INFO JobNotification] Entering StartMonitor
[2023-06-16 23:06:05Z INFO ProcessInvokerWrapper] STDOUT/STDERR stream read finished.
[2023-06-16 23:06:05Z INFO ProcessInvokerWrapper] STDOUT/STDERR stream read finished.
[2023-06-16 23:06:05Z INFO ProcessInvokerWrapper] Finished process 2094 with exit code 102, and elapsed time 00:00:11.4132987.
[2023-06-16 23:06:05Z INFO JobDispatcher] Worker finished for job 0e10f8dd-85b5-5bee-19c6-47fc7db6f171. Code: 102
[2023-06-16 23:06:05Z INFO JobDispatcher] finish job request for job 0e10f8dd-85b5-5bee-19c6-47fc7db6f171 with result: Failed
[2023-06-16 23:06:05Z INFO Terminal] WRITE LINE: 2023-06-16 23:06:05Z: Job unit-test completed with result: Failed
[2023-06-16 23:06:05Z INFO JobDispatcher] Stop renew job request for job 0e10f8dd-85b5-5bee-19c6-47fc7db6f171.
[2023-06-16 23:06:05Z INFO JobDispatcher] job renew has been cancelled, stop renew job request 24.
[2023-06-16 23:06:05Z INFO JobNotification] Entering JobCompleted Notification
[2023-06-16 23:06:05Z INFO JobNotification] Entering EndMonitor
[2023-06-16 23:10:53Z INFO RSAFileKeyManager] Loading RSA key parameters from file /usr/src/app/actions-runner/.credentials_rsaparams
[2023-06-16 23:10:53Z INFO MessageListener] Message '23' received from session '5a6ec0e7-01b3-46b4-9c0c-589fc5827561'.
[2023-06-16 23:10:53Z INFO Runner] Received job message of length 23036 from service, with hash '23a72a4585a9b3a74fdebd4e6e7fa30e3882e468e43561837763023213499dc9'
[2023-06-16 23:10:53Z INFO JobDispatcher] Job request 25 for plan 9e291630-6d19-480d-8b6e-35befcd502f5 job a047640a-23da-5e9b-1ef8-917a09b3753a received.
[2023-06-16 23:10:53Z INFO JobDispatcher] Pull OrchestrationId 9e291630-6d19-480d-8b6e-35befcd502f5.full-test.__default from JWT claims
[2023-06-16 23:10:53Z INFO JobDispatcher] Job request 0e10f8dd-85b5-5bee-19c6-47fc7db6f171 processed succeed.
[2023-06-16 23:10:53Z INFO Terminal] WRITE LINE: 2023-06-16 23:10:53Z: Running job: full-test
[2023-06-16 23:10:53Z INFO JobDispatcher] Start renew job request 25 for job a047640a-23da-5e9b-1ef8-917a09b3753a.
[2023-06-16 23:10:54Z INFO JobDispatcher] Successfully renew job request 25, job is valid till 06/16/2023 23:20:54
[2023-06-16 23:10:54Z INFO HostContext] Well known directory 'Bin': '/usr/src/app/actions-runner/bin'
[2023-06-16 23:10:54Z INFO ProcessInvokerWrapper] Starting process:
[2023-06-16 23:10:54Z INFO ProcessInvokerWrapper]   File name: '/usr/src/app/actions-runner/bin/Runner.Worker'
[2023-06-16 23:10:54Z INFO ProcessInvokerWrapper]   Arguments: 'spawnclient 98 109'
[2023-06-16 23:10:54Z INFO ProcessInvokerWrapper]   Working directory: '/usr/src/app/actions-runner/bin'
[2023-06-16 23:10:54Z INFO ProcessInvokerWrapper]   Require exit code zero: 'False'
[2023-06-16 23:10:54Z INFO ProcessInvokerWrapper]   Encoding web name:  ; code page: ''
[2023-06-16 23:10:54Z INFO ProcessInvokerWrapper]   Force kill process on cancellation: 'True'
[2023-06-16 23:10:54Z INFO ProcessInvokerWrapper]   Redirected STDIN: 'False'
[2023-06-16 23:10:54Z INFO ProcessInvokerWrapper]   Persist current code page: 'False'
[2023-06-16 23:10:54Z INFO ProcessInvokerWrapper]   Keep redirected STDIN open: 'False'
[2023-06-16 23:10:54Z INFO ProcessInvokerWrapper]   High priority process: 'True'
[2023-06-16 23:10:54Z INFO ProcessInvokerWrapper] Process started with process id 2439, waiting for process exit.
[2023-06-16 23:10:54Z INFO JobDispatcher] Send job request message to worker for job a047640a-23da-5e9b-1ef8-917a09b3753a.
[2023-06-16 23:10:54Z INFO ProcessChannel] Sending message of length 23036, with hash '23a72a4585a9b3a74fdebd4e6e7fa30e3882e468e43561837763023213499dc9'
[2023-06-16 23:10:54Z INFO JobNotification] Entering JobStarted Notification
[2023-06-16 23:10:54Z INFO JobNotification] Entering StartMonitor
[2023-06-16 23:11:06Z INFO ProcessInvokerWrapper] STDOUT/STDERR stream read finished.
[2023-06-16 23:11:06Z INFO ProcessInvokerWrapper] STDOUT/STDERR stream read finished.
[2023-06-16 23:11:06Z INFO ProcessInvokerWrapper] Finished process 2439 with exit code 102, and elapsed time 00:00:12.1248262.
[2023-06-16 23:11:06Z INFO JobDispatcher] Worker finished for job a047640a-23da-5e9b-1ef8-917a09b3753a. Code: 102
[2023-06-16 23:11:06Z INFO JobDispatcher] finish job request for job a047640a-23da-5e9b-1ef8-917a09b3753a with result: Failed
[2023-06-16 23:11:06Z INFO Terminal] WRITE LINE: 2023-06-16 23:11:06Z: Job full-test completed with result: Failed
[2023-06-16 23:11:06Z INFO JobDispatcher] Stop renew job request for job a047640a-23da-5e9b-1ef8-917a09b3753a.
[2023-06-16 23:11:06Z INFO JobDispatcher] job renew has been cancelled, stop renew job request 25.
[2023-06-16 23:11:06Z INFO JobNotification] Entering JobCompleted Notification
[2023-06-16 23:11:06Z INFO JobNotification] Entering EndMonitor
[2023-06-16 23:11:08Z INFO RSAFileKeyManager] Loading RSA key parameters from file /usr/src/app/actions-runner/.credentials_rsaparams
[2023-06-16 23:11:08Z INFO MessageListener] Message '24' received from session '5a6ec0e7-01b3-46b4-9c0c-589fc5827561'.
[2023-06-16 23:11:08Z INFO Runner] Received job message of length 23034 from service, with hash '2a19513bfa0f42baea8e4c08052956390940e9b290d339b69b7c55a6f14d0596'
[2023-06-16 23:11:08Z INFO JobDispatcher] Job request 26 for plan 9e291630-6d19-480d-8b6e-35befcd502f5 job 0e10f8dd-85b5-5bee-19c6-47fc7db6f171 received.
[2023-06-16 23:11:08Z INFO JobDispatcher] Pull OrchestrationId 9e291630-6d19-480d-8b6e-35befcd502f5.unit-test.__default from JWT claims
[2023-06-16 23:11:08Z INFO JobDispatcher] Job request a047640a-23da-5e9b-1ef8-917a09b3753a processed succeed.
[2023-06-16 23:11:08Z INFO Terminal] WRITE LINE: 2023-06-16 23:11:08Z: Running job: unit-test
[2023-06-16 23:11:08Z INFO JobDispatcher] Start renew job request 26 for job 0e10f8dd-85b5-5bee-19c6-47fc7db6f171.
[2023-06-16 23:11:08Z INFO JobDispatcher] Successfully renew job request 26, job is valid till 06/16/2023 23:21:08
[2023-06-16 23:11:08Z INFO HostContext] Well known directory 'Bin': '/usr/src/app/actions-runner/bin'
[2023-06-16 23:11:08Z INFO ProcessInvokerWrapper] Starting process:
[2023-06-16 23:11:08Z INFO ProcessInvokerWrapper]   File name: '/usr/src/app/actions-runner/bin/Runner.Worker'
[2023-06-16 23:11:08Z INFO ProcessInvokerWrapper]   Arguments: 'spawnclient 98 109'
[2023-06-16 23:11:08Z INFO ProcessInvokerWrapper]   Working directory: '/usr/src/app/actions-runner/bin'
[2023-06-16 23:11:08Z INFO ProcessInvokerWrapper]   Require exit code zero: 'False'
[2023-06-16 23:11:08Z INFO ProcessInvokerWrapper]   Encoding web name:  ; code page: ''
[2023-06-16 23:11:08Z INFO ProcessInvokerWrapper]   Force kill process on cancellation: 'True'
[2023-06-16 23:11:08Z INFO ProcessInvokerWrapper]   Redirected STDIN: 'False'
[2023-06-16 23:11:08Z INFO ProcessInvokerWrapper]   Persist current code page: 'False'
[2023-06-16 23:11:08Z INFO ProcessInvokerWrapper]   Keep redirected STDIN open: 'False'
[2023-06-16 23:11:08Z INFO ProcessInvokerWrapper]   High priority process: 'True'
[2023-06-16 23:11:08Z INFO ProcessInvokerWrapper] Process started with process id 2489, waiting for process exit.
[2023-06-16 23:11:08Z INFO JobDispatcher] Send job request message to worker for job 0e10f8dd-85b5-5bee-19c6-47fc7db6f171.
[2023-06-16 23:11:08Z INFO ProcessChannel] Sending message of length 23034, with hash '2a19513bfa0f42baea8e4c08052956390940e9b290d339b69b7c55a6f14d0596'
[2023-06-16 23:11:08Z INFO JobNotification] Entering JobStarted Notification
[2023-06-16 23:11:08Z INFO JobNotification] Entering StartMonitor
[2023-06-16 23:11:20Z INFO ProcessInvokerWrapper] STDOUT/STDERR stream read finished.
[2023-06-16 23:11:20Z INFO ProcessInvokerWrapper] STDOUT/STDERR stream read finished.
[2023-06-16 23:11:20Z INFO ProcessInvokerWrapper] Finished process 2489 with exit code 102, and elapsed time 00:00:11.9356035.
[2023-06-16 23:11:20Z INFO JobDispatcher] Worker finished for job 0e10f8dd-85b5-5bee-19c6-47fc7db6f171. Code: 102
[2023-06-16 23:11:20Z INFO JobDispatcher] finish job request for job 0e10f8dd-85b5-5bee-19c6-47fc7db6f171 with result: Failed
[2023-06-16 23:11:20Z INFO Terminal] WRITE LINE: 2023-06-16 23:11:20Z: Job unit-test completed with result: Failed
[2023-06-16 23:11:20Z INFO JobDispatcher] Stop renew job request for job 0e10f8dd-85b5-5bee-19c6-47fc7db6f171.
[2023-06-16 23:11:20Z INFO JobDispatcher] job renew has been cancelled, stop renew job request 26.
[2023-06-16 23:11:20Z INFO JobNotification] Entering JobCompleted Notification
[2023-06-16 23:11:20Z INFO JobNotification] Entering EndMonitor
