[2023-06-16 23:35:09Z INFO HostContext] No proxy settings were found based on environmental variables (http_proxy/https_proxy/HTTP_PROXY/HTTPS_PROXY)
[2023-06-16 23:35:09Z INFO HostContext] Well known directory 'Bin': '/usr/src/app/actions-runner/bin'
[2023-06-16 23:35:09Z INFO HostContext] Well known directory 'Root': '/usr/src/app/actions-runner'
[2023-06-16 23:35:09Z INFO HostContext] Well known config file 'Credentials': '/usr/src/app/actions-runner/.credentials'
[2023-06-16 23:35:10Z INFO HostContext] Well known directory 'Bin': '/usr/src/app/actions-runner/bin'
[2023-06-16 23:35:10Z INFO HostContext] Well known directory 'Root': '/usr/src/app/actions-runner'
[2023-06-16 23:35:10Z INFO HostContext] Well known config file 'Runner': '/usr/src/app/actions-runner/.runner'
[2023-06-16 23:35:10Z INFO Worker] Version: 2.305.0
[2023-06-16 23:35:10Z INFO Worker] Commit: 6cbe663c239dba8a109c6ac2801b25f1ed7c51e9
[2023-06-16 23:35:10Z INFO Worker] Culture: en-US
[2023-06-16 23:35:10Z INFO Worker] UI Culture: en-US
[2023-06-16 23:35:10Z INFO Worker] Waiting to receive the job message from the channel.
[2023-06-16 23:35:10Z INFO ProcessChannel] Receiving message of length 23034, with hash 'ac3be0a34d8c071839636e011ef8444d7a0153ba22274676acf7f7746268e3a2'
[2023-06-16 23:35:10Z INFO Worker] Message received.
[2023-06-16 23:35:11Z INFO Worker] Job message:
 {
  "fileTable": [
    ".github/workflows/github-actions.yml"
  ],
  "mask": [
    {
      "type": "regex",
      "value": "***"
    },
    {
      "type": "regex",
      "value": "***"
    },
    {
      "type": "regex",
      "value": "***"
    },
    {
      "type": "regex",
      "value": "***"
    },
    {
      "type": "regex",
      "value": "***"
    },
    {
      "type": "regex",
      "value": "***"
    },
    {
      "type": "regex",
      "value": "***"
    },
    {
      "type": "regex",
      "value": "***"
    },
    {
      "type": "regex",
      "value": "***"
    },
    {
      "type": "regex",
      "value": "***"
    }
  ],
  "steps": [
    {
      "type": "action",
      "reference": {
        "type": "repository",
        "name": "actions/checkout",
        "ref": "v2",
        "repositoryType": "GitHub",
        "path": ""
      },
      "contextName": "__actions_checkout",
      "condition": "success()",
      "id": "a878fecf-9250-57e2-84e0-aae0213d4ecb",
      "name": "__actions_checkout"
    },
    {
      "type": "action",
      "reference": {
        "type": "script"
      },
      "displayNameToken": {
        "type": 0,
        "file": 1,
        "line": 14,
        "col": 19,
        "lit": "Checkout submodules"
      },
      "contextName": "__run",
      "inputs": {
        "type": 2,
        "map": [
          {
            "key": "script",
            "value": {
              "type": 0,
              "file": 1,
              "line": 15,
              "col": 19,
              "lit": "git submodule update --init --recursive"
            }
          }
        ]
      },
      "condition": "success()",
      "id": "145553fb-1baa-5bc7-b18e-5469e21587f7",
      "name": "__run"
    },
    {
      "type": "action",
      "reference": {
        "type": "script"
      },
      "displayNameToken": {
        "type": 0,
        "file": 1,
        "line": 16,
        "col": 19,
        "lit": "Run unit test"
      },
      "contextName": "__run_2",
      "inputs": {
        "type": 2,
        "map": [
          {
            "key": "script",
            "value": {
              "type": 0,
              "file": 1,
              "line": 17,
              "col": 18,
              "lit": "./unit-test.sh"
            }
          }
        ]
      },
      "condition": "success()",
      "id": "8615dfaf-7ef8-510a-52bc-76337457853a",
      "name": "__run_2"
    }
  ],
  "variables": {
    "system.isScheduled": {
      "value": "False"
    },
    "system.servertype": {
      "value": "Hosted"
    },
    "system.culture": {
      "value": ""
    },
    "system.pipelineStartTime": {
      "value": "2023-06-16 23:35:06+00:00"
    },
    "system.runner.lowdiskspacethreshold": {
      "value": "100"
    },
    "DistributedTask.NewActionMetadata": {
      "value": "true"
    },
    "DistributedTask.EnableCompositeActions": {
      "value": "true"
    },
    "DistributedTask.EnhancedAnnotations": {
      "value": "true"
    },
    "DistributedTask.UploadStepSummary": {
      "value": "true"
    },
    "DistributedTask.AddWarningToNode12Action": {
      "value": "true"
    },
    "DistributedTask.AllowRunnerContainerHooks": {
      "value": "true"
    },
    "DistributedTask.DeprecateStepOutputCommands": {
      "value": "true"
    },
    "system.teamProjectId": {
      "value": "00000000-0000-0000-0000-000000000000"
    },
    "build.buildId": {
      "value": "16"
    },
    "build.containerId": {
      "value": "2320137"
    },
    "system.workflowFilePath": {
      "value": ".github/workflows/github-actions.yml"
    },
    "system.phaseDisplayName": {
      "value": "unit-test"
    },
    "system.phaseId": {
      "value": "f9b18aa4-1325-5d63-b757-65b914572d7c"
    },
    "system.phaseName": {
      "value": "unit-test"
    },
    "system.phaseAttempt": {
      "value": "1"
    },
    "system.jobIdentifier": {
      "value": "unit-test.__default"
    },
    "system.jobAttempt": {
      "value": "1"
    },
    "System.JobPositionInPhase": {
      "value": "1"
    },
    "System.TotalJobsInPhase": {
      "value": "1"
    },
    "system.github.job": {
      "value": "unit-test"
    },
    "system.jobDisplayName": {
      "value": "unit-test"
    },
    "system.jobId": {
      "value": "0e10f8dd-85b5-5bee-19c6-47fc7db6f171"
    },
    "system.jobName": {
      "value": "__default"
    },
    "system.github.token.permissions": {
      "value": "{\"Actions\":\"write\",\"Checks\":\"write\",\"Contents\":\"write\",\"Deployments\":\"write\",\"Discussions\":\"write\",\"Issues\":\"write\",\"Metadata\":\"read\",\"Packages\":\"write\",\"Pages\":\"write\",\"PullRequests\":\"write\",\"RepositoryProjects\":\"write\",\"SecurityEvents\":\"write\",\"Statuses\":\"write\"}"
    },
    "system.github.token": {
      "value": "***",
      "isSecret": true
    },
    "system.runnerEnvironment": {
      "value": "self-hosted"
    },
    "system.orchestrationId": {
      "value": "e58f0f67-068a-4115-a2fb-9ca1e56995d8.unit-test.__default"
    },
    "system.runnerGroupName": {
      "value": "Default"
    }
  },
  "messageType": "PipelineAgentJobRequest",
  "plan": {
    "scopeIdentifier": "00000000-0000-0000-0000-000000000000",
    "planType": "Actions",
    "version": 31,
    "planId": "e58f0f67-068a-4115-a2fb-9ca1e56995d8",
    "planGroup": "Actions:00000000-0000-0000-0000-000000000000:1",
    "artifactUri": "vstfs:///Build/Build/16",
    "artifactLocation": null,
    "definition": {
      "_links": {},
      "id": 3,
      "name": "assignment-1-petercorrea"
    },
    "owner": {
      "_links": {},
      "id": 3,
      "name": "cu-ecen-aeld"
    }
  },
  "timeline": {
    "id": "e58f0f67-068a-4115-a2fb-9ca1e56995d8",
    "changeId": 0,
    "location": null
  },
  "jobId": "0e10f8dd-85b5-5bee-19c6-47fc7db6f171",
  "jobDisplayName": "unit-test",
  "jobName": "__default",
  "jobContainer": {
    "type": 0,
    "file": 1,
    "line": 10,
    "col": 20,
    "lit": "cuaesd/aesd-autotest:unit-test"
  },
  "requestId": 29,
  "lockedUntil": "0001-01-01T00:00:00",
  "resources": {
    "endpoints": [
      {
        "data": {
          "ServerId": "74cab714-1d38-459a-b59d-53fa6d3f0e17",
          "ServerName": "6n9YdM5l1jhJ5fTwqLVRjaC2kWZ9SuphynErDEtFofg9Ku2iet",
          "CacheServerUrl": "https://artifactcache.actions.githubusercontent.com/6n9YdM5l1jhJ5fTwqLVRjaC2kWZ9SuphynErDEtFofg9Ku2iet/",
          "FeedStreamUrl": "https://pipelines.actions.githubusercontent.com/6n9YdM5l1jhJ5fTwqLVRjaC2kWZ9SuphynErDEtFofg9Ku2iet/00000000-0000-0000-0000-000000000000/_apis/distributedtask/hubs/Actions/plans/e58f0f67-068a-4115-a2fb-9ca1e56995d8/timelines/e58f0f67-068a-4115-a2fb-9ca1e56995d8/records/0e10f8dd-85b5-5bee-19c6-47fc7db6f171/feedstream?api-version=6.0-preview"
        },
        "name": "SystemVssConnection",
        "url": "https://pipelines.actions.githubusercontent.com/6n9YdM5l1jhJ5fTwqLVRjaC2kWZ9SuphynErDEtFofg9Ku2iet/",
        "authorization": {
          "parameters": {
            "AccessToken": ***
          },
          "scheme": "OAuth"
        },
        "isShared": false,
        "isReady": true
      }
    ]
  },
  "contextData": {
    "github": {
      "t": 2,
      "d": [
        {
          "k": "ref",
          "v": "refs/heads/main"
        },
        {
          "k": "sha",
          "v": "3e4bc5ea615066ba3e431a11e5c854b57626d243"
        },
        {
          "k": "repository",
          "v": "cu-ecen-aeld/assignment-1-petercorrea"
        },
        {
          "k": "repository_owner",
          "v": "cu-ecen-aeld"
        },
        {
          "k": "repository_owner_id",
          "v": "49594950"
        },
        {
          "k": "repositoryUrl",
          "v": "git://github.com/cu-ecen-aeld/assignment-1-petercorrea.git"
        },
        {
          "k": "run_id",
          "v": "5294059808"
        },
        {
          "k": "run_number",
          "v": "2"
        },
        {
          "k": "retention_days",
          "v": "90"
        },
        {
          "k": "run_attempt",
          "v": "15"
        },
        {
          "k": "artifact_cache_size_limit",
          "v": "10"
        },
        {
          "k": "repository_visibility",
          "v": "public"
        },
        {
          "k": "repo-self-hosted-runners-disabled",
          "v": false
        },
        {
          "k": "repository_id",
          "v": "654230419"
        },
        {
          "k": "actor_id",
          "v": "32339993"
        },
        {
          "k": "actor",
          "v": "petercorrea"
        },
        {
          "k": "triggering_actor",
          "v": "petercorrea"
        },
        {
          "k": "workflow",
          "v": "assignment-test"
        },
        {
          "k": "head_ref",
          "v": ""
        },
        {
          "k": "base_ref",
          "v": ""
        },
        {
          "k": "event_name",
          "v": "push"
        },
        {
          "k": "event",
          "v": {
            "t": 2,
            "d": [
              {
                "k": "after",
                "v": "3e4bc5ea615066ba3e431a11e5c854b57626d243"
              },
              {
                "k": "base_ref",
                "v": null
              },
              {
                "k": "before",
                "v": "433d2cd1f138abacbb3929e2d56cd94b3ce4c43e"
              },
              {
                "k": "commits",
                "v": {
                  "t": 1,
                  "a": [
                    {
                      "t": 2,
                      "d": [
                        {
                          "k": "author",
                          "v": {
                            "t": 2,
                            "d": [
                              {
                                "k": "email",
                                "v": "peter@Pedros-MBP.home"
                              },
                              {
                                "k": "name",
                                "v": "Pedro Correa"
                              }
                            ]
                          }
                        },
                        {
                          "k": "committer",
                          "v": {
                            "t": 2,
                            "d": [
                              {
                                "k": "email",
                                "v": "peter@Pedros-MBP.home"
                              },
                              {
                                "k": "name",
                                "v": "Pedro Correa"
                              }
                            ]
                          }
                        },
                        {
                          "k": "distinct",
                          "v": true
                        },
                        {
                          "k": "id",
                          "v": "3e4bc5ea615066ba3e431a11e5c854b57626d243"
                        },
                        {
                          "k": "message",
                          "v": "minor edits"
                        },
                        {
                          "k": "timestamp",
                          "v": "2023-06-16T16:44:59-04:00"
                        },
                        {
                          "k": "tree_id",
                          "v": "edd553f726a0b6af97b43797c641426e30fb8f8b"
                        },
                        {
                          "k": "url",
                          "v": "https://github.com/cu-ecen-aeld/assignment-1-petercorrea/commit/3e4bc5ea615066ba3e431a11e5c854b57626d243"
                        }
                      ]
                    }
                  ]
                }
              },
              {
                "k": "compare",
                "v": "https://github.com/cu-ecen-aeld/assignment-1-petercorrea/compare/433d2cd1f138...3e4bc5ea6150"
              },
              {
                "k": "created",
                "v": false
              },
              {
                "k": "deleted",
                "v": false
              },
              {
                "k": "forced",
                "v": false
              },
              {
                "k": "head_commit",
                "v": {
                  "t": 2,
                  "d": [
                    {
                      "k": "author",
                      "v": {
                        "t": 2,
                        "d": [
                          {
                            "k": "email",
                            "v": "peter@Pedros-MBP.home"
                          },
                          {
                            "k": "name",
                            "v": "Pedro Correa"
                          }
                        ]
                      }
                    },
                    {
                      "k": "committer",
                      "v": {
                        "t": 2,
                        "d": [
                          {
                            "k": "email",
                            "v": "peter@Pedros-MBP.home"
                          },
                          {
                            "k": "name",
                            "v": "Pedro Correa"
                          }
                        ]
                      }
                    },
                    {
                      "k": "distinct",
                      "v": true
                    },
                    {
                      "k": "id",
                      "v": "3e4bc5ea615066ba3e431a11e5c854b57626d243"
                    },
                    {
                      "k": "message",
                      "v": "minor edits"
                    },
                    {
                      "k": "timestamp",
                      "v": "2023-06-16T16:44:59-04:00"
                    },
                    {
                      "k": "tree_id",
                      "v": "edd553f726a0b6af97b43797c641426e30fb8f8b"
                    },
                    {
                      "k": "url",
                      "v": "https://github.com/cu-ecen-aeld/assignment-1-petercorrea/commit/3e4bc5ea615066ba3e431a11e5c854b57626d243"
                    }
                  ]
                }
              },
              {
                "k": "organization",
                "v": {
                  "t": 2,
                  "d": [
                    {
                      "k": "avatar_url",
                      "v": "https://avatars.githubusercontent.com/u/49594950?v=4"
                    },
                    {
                      "k": "description",
                      "v": "Course Github Organization for University of Colorado at Boulder ECEN 5713 Advanced Embedded Software Development (previously 5013-002)"
                    },
                    {
                      "k": "events_url",
                      "v": "https://api.github.com/orgs/cu-ecen-aeld/events"
                    },
                    {
                      "k": "hooks_url",
                      "v": "https://api.github.com/orgs/cu-ecen-aeld/hooks"
                    },
                    {
                      "k": "id",
                      "v": 49594950.0
                    },
                    {
                      "k": "issues_url",
                      "v": "https://api.github.com/orgs/cu-ecen-aeld/issues"
                    },
                    {
                      "k": "login",
                      "v": "cu-ecen-aeld"
                    },
                    {
                      "k": "members_url",
                      "v": "https://api.github.com/orgs/cu-ecen-aeld/members{/member}"
                    },
                    {
                      "k": "node_id",
                      "v": "MDEyOk9yZ2FuaXphdGlvbjQ5NTk0OTUw"
                    },
                    {
                      "k": "public_members_url",
                      "v": "https://api.github.com/orgs/cu-ecen-aeld/public_members{/member}"
                    },
                    {
                      "k": "repos_url",
                      "v": "https://api.github.com/orgs/cu-ecen-aeld/repos"
                    },
                    {
                      "k": "url",
                      "v": "https://api.github.com/orgs/cu-ecen-aeld"
                    }
                  ]
                }
              },
              {
                "k": "pusher",
                "v": {
                  "t": 2,
                  "d": [
                    {
                      "k": "email",
                      "v": "pmcorrea@me.com"
                    },
                    {
                      "k": "name",
                      "v": "petercorrea"
                    }
                  ]
                }
              },
              {
                "k": "ref",
                "v": "refs/heads/main"
              },
              {
                "k": "repository",
                "v": {
                  "t": 2,
                  "d": [
                    {
                      "k": "allow_forking",
                      "v": true
                    },
                    {
                      "k": "archive_url",
                      "v": "https://api.github.com/repos/cu-ecen-aeld/assignment-1-petercorrea/{archive_format}{/ref}"
                    },
                    {
                      "k": "archived",
                      "v": false
                    },
                    {
                      "k": "assignees_url",
                      "v": "https://api.github.com/repos/cu-ecen-aeld/assignment-1-petercorrea/assignees{/user}"
                    },
                    {
                      "k": "blobs_url",
                      "v": "https://api.github.com/repos/cu-ecen-aeld/assignment-1-petercorrea/git/blobs{/sha}"
                    },
                    {
                      "k": "branches_url",
                      "v": "https://api.github.com/repos/cu-ecen-aeld/assignment-1-petercorrea/branches{/branch}"
                    },
                    {
                      "k": "clone_url",
                      "v": "https://github.com/cu-ecen-aeld/assignment-1-petercorrea.git"
                    },
                    {
                      "k": "collaborators_url",
                      "v": "https://api.github.com/repos/cu-ecen-aeld/assignment-1-petercorrea/collaborators{/collaborator}"
                    },
                    {
                      "k": "comments_url",
                      "v": "https://api.github.com/repos/cu-ecen-aeld/assignment-1-petercorrea/comments{/number}"
                    },
                    {
                      "k": "commits_url",
                      "v": "https://api.github.com/repos/cu-ecen-aeld/assignment-1-petercorrea/commits{/sha}"
                    },
                    {
                      "k": "compare_url",
                      "v": "https://api.github.com/repos/cu-ecen-aeld/assignment-1-petercorrea/compare/{base}...{head}"
                    },
                    {
                      "k": "contents_url",
                      "v": "https://api.github.com/repos/cu-ecen-aeld/assignment-1-petercorrea/contents/{+path}"
                    },
                    {
                      "k": "contributors_url",
                      "v": "https://api.github.com/repos/cu-ecen-aeld/assignment-1-petercorrea/contributors"
                    },
                    {
                      "k": "created_at",
                      "v": 1686848363.0
                    },
                    {
                      "k": "default_branch",
                      "v": "main"
                    },
                    {
                      "k": "deployments_url",
                      "v": "https://api.github.com/repos/cu-ecen-aeld/assignment-1-petercorrea/deployments"
                    },
                    {
                      "k": "description",
                      "v": "assignment-1-petercorrea created by GitHub Classroom"
                    },
                    {
                      "k": "disabled",
                      "v": false
                    },
                    {
                      "k": "downloads_url",
                      "v": "https://api.github.com/repos/cu-ecen-aeld/assignment-1-petercorrea/downloads"
                    },
                    {
                      "k": "events_url",
                      "v": "https://api.github.com/repos/cu-ecen-aeld/assignment-1-petercorrea/events"
                    },
                    {
                      "k": "fork",
                      "v": false
                    },
                    {
                      "k": "forks",
                      "v": 0.0
                    },
                    {
                      "k": "forks_count",
                      "v": 0.0
                    },
                    {
                      "k": "forks_url",
                      "v": "https://api.github.com/repos/cu-ecen-aeld/assignment-1-petercorrea/forks"
                    },
                    {
                      "k": "full_name",
                      "v": "cu-ecen-aeld/assignment-1-petercorrea"
                    },
                    {
                      "k": "git_commits_url",
                      "v": "https://api.github.com/repos/cu-ecen-aeld/assignment-1-petercorrea/git/commits{/sha}"
                    },
                    {
                      "k": "git_refs_url",
                      "v": "https://api.github.com/repos/cu-ecen-aeld/assignment-1-petercorrea/git/refs{/sha}"
                    },
                    {
                      "k": "git_tags_url",
                      "v": "https://api.github.com/repos/cu-ecen-aeld/assignment-1-petercorrea/git/tags{/sha}"
                    },
                    {
                      "k": "git_url",
                      "v": "git://github.com/cu-ecen-aeld/assignment-1-petercorrea.git"
                    },
                    {
                      "k": "has_discussions",
                      "v": false
                    },
                    {
                      "k": "has_downloads",
                      "v": true
                    },
                    {
                      "k": "has_issues",
                      "v": true
                    },
                    {
                      "k": "has_pages",
                      "v": false
                    },
                    {
                      "k": "has_projects",
                      "v": true
                    },
                    {
                      "k": "has_wiki",
                      "v": true
                    },
                    {
                      "k": "homepage",
                      "v": null
                    },
                    {
                      "k": "hooks_url",
                      "v": "https://api.github.com/repos/cu-ecen-aeld/assignment-1-petercorrea/hooks"
                    },
                    {
                      "k": "html_url",
                      "v": "https://github.com/cu-ecen-aeld/assignment-1-petercorrea"
                    },
                    {
                      "k": "id",
                      "v": 654230419.0
                    },
                    {
                      "k": "is_template",
                      "v": false
                    },
                    {
                      "k": "issue_comment_url",
                      "v": "https://api.github.com/repos/cu-ecen-aeld/assignment-1-petercorrea/issues/comments{/number}"
                    },
                    {
                      "k": "issue_events_url",
                      "v": "https://api.github.com/repos/cu-ecen-aeld/assignment-1-petercorrea/issues/events{/number}"
                    },
                    {
                      "k": "issues_url",
                      "v": "https://api.github.com/repos/cu-ecen-aeld/assignment-1-petercorrea/issues{/number}"
                    },
                    {
                      "k": "keys_url",
                      "v": "https://api.github.com/repos/cu-ecen-aeld/assignment-1-petercorrea/keys{/key_id}"
                    },
                    {
                      "k": "labels_url",
                      "v": "https://api.github.com/repos/cu-ecen-aeld/assignment-1-petercorrea/labels{/name}"
                    },
                    {
                      "k": "language",
                      "v": "JavaScript"
                    },
                    {
                      "k": "languages_url",
                      "v": "https://api.github.com/repos/cu-ecen-aeld/assignment-1-petercorrea/languages"
                    },
                    {
                      "k": "license",
                      "v": {
                        "t": 2,
                        "d": [
                          {
                            "k": "key",
                            "v": "mit"
                          },
                          {
                            "k": "name",
                            "v": "MIT License"
                          },
                          {
                            "k": "node_id",
                            "v": "MDc6TGljZW5zZTEz"
                          },
                          {
                            "k": "spdx_id",
                            "v": "MIT"
                          },
                          {
                            "k": "url",
                            "v": "https://api.github.com/licenses/mit"
                          }
                        ]
                      }
                    },
                    {
                      "k": "master_branch",
                      "v": "main"
                    },
                    {
                      "k": "merges_url",
                      "v": "https://api.github.com/repos/cu-ecen-aeld/assignment-1-petercorrea/merges"
                    },
                    {
                      "k": "milestones_url",
                      "v": "https://api.github.com/repos/cu-ecen-aeld/assignment-1-petercorrea/milestones{/number}"
                    },
                    {
                      "k": "mirror_url",
                      "v": null
                    },
                    {
                      "k": "name",
                      "v": "assignment-1-petercorrea"
                    },
                    {
                      "k": "node_id",
                      "v": "R_kgDOJv7Dkw"
                    },
                    {
                      "k": "notifications_url",
                      "v": "https://api.github.com/repos/cu-ecen-aeld/assignment-1-petercorrea/notifications{?since,all,participating}"
                    },
                    {
                      "k": "open_issues",
                      "v": 0.0
                    },
                    {
                      "k": "open_issues_count",
                      "v": 0.0
                    },
                    {
                      "k": "organization",
                      "v": "cu-ecen-aeld"
                    },
                    {
                      "k": "owner",
                      "v": {
                        "t": 2,
                        "d": [
                          {
                            "k": "avatar_url",
                            "v": "https://avatars.githubusercontent.com/u/49594950?v=4"
                          },
                          {
                            "k": "email",
                            "v": null
                          },
                          {
                            "k": "events_url",
                            "v": "https://api.github.com/users/cu-ecen-aeld/events{/privacy}"
                          },
                          {
                            "k": "followers_url",
                            "v": "https://api.github.com/users/cu-ecen-aeld/followers"
                          },
                          {
                            "k": "following_url",
                            "v": "https://api.github.com/users/cu-ecen-aeld/following{/other_user}"
                          },
                          {
                            "k": "gists_url",
                            "v": "https://api.github.com/users/cu-ecen-aeld/gists{/gist_id}"
                          },
                          {
                            "k": "gravatar_id",
                            "v": ""
                          },
                          {
                            "k": "html_url",
                            "v": "https://github.com/cu-ecen-aeld"
                          },
                          {
                            "k": "id",
                            "v": 49594950.0
                          },
                          {
                            "k": "login",
                            "v": "cu-ecen-aeld"
                          },
                          {
                            "k": "name",
                            "v": "cu-ecen-aeld"
                          },
                          {
                            "k": "node_id",
                            "v": "MDEyOk9yZ2FuaXphdGlvbjQ5NTk0OTUw"
                          },
                          {
                            "k": "organizations_url",
                            "v": "https://api.github.com/users/cu-ecen-aeld/orgs"
                          },
                          {
                            "k": "received_events_url",
                            "v": "https://api.github.com/users/cu-ecen-aeld/received_events"
                          },
                          {
                            "k": "repos_url",
                            "v": "https://api.github.com/users/cu-ecen-aeld/repos"
                          },
                          {
                            "k": "site_admin",
                            "v": false
                          },
                          {
                            "k": "starred_url",
                            "v": "https://api.github.com/users/cu-ecen-aeld/starred{/owner}{/repo}"
                          },
                          {
                            "k": "subscriptions_url",
                            "v": "https://api.github.com/users/cu-ecen-aeld/subscriptions"
                          },
                          {
                            "k": "type",
                            "v": "Organization"
                          },
                          {
                            "k": "url",
                            "v": "https://api.github.com/users/cu-ecen-aeld"
                          }
                        ]
                      }
                    },
                    {
                      "k": "private",
                      "v": false
                    },
                    {
                      "k": "pulls_url",
                      "v": "https://api.github.com/repos/cu-ecen-aeld/assignment-1-petercorrea/pulls{/number}"
                    },
                    {
                      "k": "pushed_at",
                      "v": 1686948303.0
                    },
                    {
                      "k": "releases_url",
                      "v": "https://api.github.com/repos/cu-ecen-aeld/assignment-1-petercorrea/releases{/id}"
                    },
                    {
                      "k": "size",
                      "v": 157128.0
                    },
                    {
                      "k": "ssh_url",
                      "v": "git@github.com:cu-ecen-aeld/assignment-1-petercorrea.git"
                    },
                    {
                      "k": "stargazers",
                      "v": 1.0
                    },
                    {
                      "k": "stargazers_count",
                      "v": 1.0
                    },
                    {
                      "k": "stargazers_url",
                      "v": "https://api.github.com/repos/cu-ecen-aeld/assignment-1-petercorrea/stargazers"
                    },
                    {
                      "k": "statuses_url",
                      "v": "https://api.github.com/repos/cu-ecen-aeld/assignment-1-petercorrea/statuses/{sha}"
                    },
                    {
                      "k": "subscribers_url",
                      "v": "https://api.github.com/repos/cu-ecen-aeld/assignment-1-petercorrea/subscribers"
                    },
                    {
                      "k": "subscription_url",
                      "v": "https://api.github.com/repos/cu-ecen-aeld/assignment-1-petercorrea/subscription"
                    },
                    {
                      "k": "svn_url",
                      "v": "https://github.com/cu-ecen-aeld/assignment-1-petercorrea"
                    },
                    {
                      "k": "tags_url",
                      "v": "https://api.github.com/repos/cu-ecen-aeld/assignment-1-petercorrea/tags"
                    },
                    {
                      "k": "teams_url",
                      "v": "https://api.github.com/repos/cu-ecen-aeld/assignment-1-petercorrea/teams"
                    },
                    {
                      "k": "topics",
                      "v": {
                        "t": 1
                      }
                    },
                    {
                      "k": "trees_url",
                      "v": "https://api.github.com/repos/cu-ecen-aeld/assignment-1-petercorrea/git/trees{/sha}"
                    },
                    {
                      "k": "updated_at",
                      "v": "2023-06-16T03:22:51Z"
                    },
                    {
                      "k": "url",
                      "v": "https://github.com/cu-ecen-aeld/assignment-1-petercorrea"
                    },
                    {
                      "k": "visibility",
                      "v": "public"
                    },
                    {
                      "k": "watchers",
                      "v": 1.0
                    },
                    {
                      "k": "watchers_count",
                      "v": 1.0
                    },
                    {
                      "k": "web_commit_signoff_required",
                      "v": false
                    }
                  ]
                }
              },
              {
                "k": "sender",
                "v": {
                  "t": 2,
                  "d": [
                    {
                      "k": "avatar_url",
                      "v": "https://avatars.githubusercontent.com/u/32339993?v=4"
                    },
                    {
                      "k": "events_url",
                      "v": "https://api.github.com/users/petercorrea/events{/privacy}"
                    },
                    {
                      "k": "followers_url",
                      "v": "https://api.github.com/users/petercorrea/followers"
                    },
                    {
                      "k": "following_url",
                      "v": "https://api.github.com/users/petercorrea/following{/other_user}"
                    },
                    {
                      "k": "gists_url",
                      "v": "https://api.github.com/users/petercorrea/gists{/gist_id}"
                    },
                    {
                      "k": "gravatar_id",
                      "v": ""
                    },
                    {
                      "k": "html_url",
                      "v": "https://github.com/petercorrea"
                    },
                    {
                      "k": "id",
                      "v": 32339993.0
                    },
                    {
                      "k": "login",
                      "v": "petercorrea"
                    },
                    {
                      "k": "node_id",
                      "v": "MDQ6VXNlcjMyMzM5OTkz"
                    },
                    {
                      "k": "organizations_url",
                      "v": "https://api.github.com/users/petercorrea/orgs"
                    },
                    {
                      "k": "received_events_url",
                      "v": "https://api.github.com/users/petercorrea/received_events"
                    },
                    {
                      "k": "repos_url",
                      "v": "https://api.github.com/users/petercorrea/repos"
                    },
                    {
                      "k": "site_admin",
                      "v": false
                    },
                    {
                      "k": "starred_url",
                      "v": "https://api.github.com/users/petercorrea/starred{/owner}{/repo}"
                    },
                    {
                      "k": "subscriptions_url",
                      "v": "https://api.github.com/users/petercorrea/subscriptions"
                    },
                    {
                      "k": "type",
                      "v": "User"
                    },
                    {
                      "k": "url",
                      "v": "https://api.github.com/users/petercorrea"
                    }
                  ]
                }
              }
            ]
          }
        },
        {
          "k": "server_url",
          "v": "https://github.com"
        },
        {
          "k": "api_url",
          "v": "https://api.github.com"
        },
        {
          "k": "graphql_url",
          "v": "https://api.github.com/graphql"
        },
        {
          "k": "ref_name",
          "v": "main"
        },
        {
          "k": "ref_protected",
          "v": false
        },
        {
          "k": "ref_type",
          "v": "branch"
        },
        {
          "k": "secret_source",
          "v": "Actions"
        },
        {
          "k": "workflow_ref",
          "v": "cu-ecen-aeld/assignment-1-petercorrea/.github/workflows/github-actions.yml@refs/heads/main"
        },
        {
          "k": "workflow_sha",
          "v": "3e4bc5ea615066ba3e431a11e5c854b57626d243"
        }
      ]
    },
    "partialrerun": false,
    "needs": {
      "t": 2
    },
    "vars": null,
    "inputs": {
      "t": 2
    },
    "matrix": null,
    "strategy": {
      "t": 2,
      "d": [
        {
          "k": "fail-fast",
          "v": true
        },
        {
          "k": "job-index",
          "v": 0.0
        },
        {
          "k": "job-total",
          "v": 1.0
        },
        {
          "k": "max-parallel",
          "v": 1.0
        }
      ]
    }
  }
}
[2023-06-16 23:35:11Z INFO JobRunner] Job ID 0e10f8dd-85b5-5bee-19c6-47fc7db6f171
[2023-06-16 23:35:11Z INFO JobRunner] Creating job server with URL: https://pipelines.actions.githubusercontent.com/6n9YdM5l1jhJ5fTwqLVRjaC2kWZ9SuphynErDEtFofg9Ku2iet/
[2023-06-16 23:35:12Z INFO ConfigurationStore] currentAssemblyLocation: /usr/src/app/actions-runner/bin/Runner.Worker.dll
[2023-06-16 23:35:12Z INFO HostContext] Well known directory 'Bin': '/usr/src/app/actions-runner/bin'
[2023-06-16 23:35:12Z INFO ConfigurationStore] binPath: /usr/src/app/actions-runner/bin
[2023-06-16 23:35:12Z INFO HostContext] Well known directory 'Bin': '/usr/src/app/actions-runner/bin'
[2023-06-16 23:35:12Z INFO HostContext] Well known directory 'Root': '/usr/src/app/actions-runner'
[2023-06-16 23:35:12Z INFO ConfigurationStore] RootFolder: /usr/src/app/actions-runner
[2023-06-16 23:35:12Z INFO HostContext] Well known directory 'Bin': '/usr/src/app/actions-runner/bin'
[2023-06-16 23:35:12Z INFO HostContext] Well known directory 'Root': '/usr/src/app/actions-runner'
[2023-06-16 23:35:12Z INFO HostContext] Well known config file 'Runner': '/usr/src/app/actions-runner/.runner'
[2023-06-16 23:35:12Z INFO ConfigurationStore] ConfigFilePath: /usr/src/app/actions-runner/.runner
[2023-06-16 23:35:12Z INFO HostContext] Well known directory 'Bin': '/usr/src/app/actions-runner/bin'
[2023-06-16 23:35:12Z INFO HostContext] Well known directory 'Root': '/usr/src/app/actions-runner'
[2023-06-16 23:35:12Z INFO HostContext] Well known config file 'Credentials': '/usr/src/app/actions-runner/.credentials'
[2023-06-16 23:35:12Z INFO ConfigurationStore] CredFilePath: /usr/src/app/actions-runner/.credentials
[2023-06-16 23:35:12Z INFO HostContext] Well known directory 'Bin': '/usr/src/app/actions-runner/bin'
[2023-06-16 23:35:12Z INFO HostContext] Well known directory 'Root': '/usr/src/app/actions-runner'
[2023-06-16 23:35:12Z INFO HostContext] Well known config file 'MigratedCredentials': '/usr/src/app/actions-runner/.credentials_migrated'
[2023-06-16 23:35:12Z INFO ConfigurationStore] MigratedCredFilePath: /usr/src/app/actions-runner/.credentials_migrated
[2023-06-16 23:35:12Z INFO HostContext] Well known directory 'Bin': '/usr/src/app/actions-runner/bin'
[2023-06-16 23:35:12Z INFO HostContext] Well known directory 'Root': '/usr/src/app/actions-runner'
[2023-06-16 23:35:12Z INFO HostContext] Well known config file 'Service': '/usr/src/app/actions-runner/.service'
[2023-06-16 23:35:12Z INFO ConfigurationStore] ServiceConfigFilePath: /usr/src/app/actions-runner/.service
[2023-06-16 23:35:12Z INFO ConfigurationStore] Read setting file: 307 chars
[2023-06-16 23:35:12Z INFO GitHubActionsService] Starting operation Location.GetConnectionData
[2023-06-16 23:35:12Z INFO Worker] Listening for cancel message from the channel.
[2023-06-16 23:35:12Z INFO Worker] Waiting for the job to complete or for a cancel message from the channel.
[2023-06-16 23:35:13Z INFO GitHubActionsService] Finished operation Location.GetConnectionData
[2023-06-16 23:35:13Z INFO JobServer] Creating websocket client ...wss://pipelines.actions.githubusercontent.com/6n9YdM5l1jhJ5fTwqLVRjaC2kWZ9SuphynErDEtFofg9Ku2iet/00000000-0000-0000-0000-000000000000/_apis/distributedtask/hubs/Actions/plans/e58f0f67-068a-4115-a2fb-9ca1e56995d8/timelines/e58f0f67-068a-4115-a2fb-9ca1e56995d8/records/0e10f8dd-85b5-5bee-19c6-47fc7db6f171/feedstream?api-version=6.0-preview
[2023-06-16 23:35:13Z INFO JobServer] Attempting to start websocket client with delay 00:00:00.
[2023-06-16 23:35:13Z INFO JobServerQueue] Start process web console line queue.
[2023-06-16 23:35:13Z INFO JobServerQueue] Start process file upload queue.
[2023-06-16 23:35:13Z INFO JobServerQueue] Start results file upload queue.
[2023-06-16 23:35:13Z INFO JobServerQueue] Starting results-based upload queue...
[2023-06-16 23:35:13Z INFO JobServerQueue] Start process timeline update queue.
[2023-06-16 23:35:13Z INFO ExecutionContext] Initialize GitHub context
[2023-06-16 23:35:13Z INFO ExecutionContext] Initialize Env context
[2023-06-16 23:35:13Z INFO HostContext] Well known directory 'Bin': '/usr/src/app/actions-runner/bin'
[2023-06-16 23:35:13Z INFO HostContext] Well known directory 'Root': '/usr/src/app/actions-runner'
[2023-06-16 23:35:13Z INFO HostContext] Well known directory 'Diag': '/usr/src/app/actions-runner/_diag'
[2023-06-16 23:35:13Z INFO HostContext] Well known directory 'Bin': '/usr/src/app/actions-runner/bin'
[2023-06-16 23:35:13Z INFO HostContext] Well known directory 'Root': '/usr/src/app/actions-runner'
[2023-06-16 23:35:13Z INFO HostContext] Well known directory 'Diag': '/usr/src/app/actions-runner/_diag'
[2023-06-16 23:35:13Z INFO JobRunner] Starting the job execution context.
[2023-06-16 23:35:13Z INFO HostContext] Well known directory 'Bin': '/usr/src/app/actions-runner/bin'
[2023-06-16 23:35:13Z INFO HostContext] Well known directory 'Root': '/usr/src/app/actions-runner'
[2023-06-16 23:35:13Z INFO HostContext] Well known directory 'Work': '/usr/src/app/actions-runner/_work'
[2023-06-16 23:35:13Z INFO JobRunner] Validating directory permissions for: '/usr/src/app/actions-runner/_work'
[2023-06-16 23:35:13Z INFO HostContext] Well known directory 'Bin': '/usr/src/app/actions-runner/bin'
[2023-06-16 23:35:13Z INFO HostContext] Well known directory 'Root': '/usr/src/app/actions-runner'
[2023-06-16 23:35:13Z INFO HostContext] Well known directory 'Work': '/usr/src/app/actions-runner/_work'
[2023-06-16 23:35:13Z INFO HostContext] Well known directory 'Tools': '/usr/src/app/actions-runner/_work/_tool'
[2023-06-16 23:35:13Z INFO HostContext] Well known directory 'Bin': '/usr/src/app/actions-runner/bin'
[2023-06-16 23:35:13Z INFO HostContext] Well known directory 'Root': '/usr/src/app/actions-runner'
[2023-06-16 23:35:13Z INFO HostContext] Well known directory 'Work': '/usr/src/app/actions-runner/_work'
[2023-06-16 23:35:13Z INFO HostContext] Well known directory 'Temp': '/usr/src/app/actions-runner/_work/_temp'
[2023-06-16 23:35:13Z INFO JobRunner] Getting job extension.
[2023-06-16 23:35:13Z INFO JobRunner] Initialize job. Getting all job steps.
[2023-06-16 23:35:13Z INFO JobServer] Successfully started websocket client.
[2023-06-16 23:35:13Z INFO HostContext] Well known directory 'Bin': '/usr/src/app/actions-runner/bin'
[2023-06-16 23:35:13Z INFO HostContext] Well known directory 'Root': '/usr/src/app/actions-runner'
[2023-06-16 23:35:13Z INFO HostContext] Well known directory 'Diag': '/usr/src/app/actions-runner/_diag'
[2023-06-16 23:35:13Z INFO HostContext] Well known directory 'Bin': '/usr/src/app/actions-runner/bin'
[2023-06-16 23:35:13Z INFO HostContext] Well known directory 'Root': '/usr/src/app/actions-runner'
[2023-06-16 23:35:13Z INFO HostContext] Well known directory 'Diag': '/usr/src/app/actions-runner/_diag'
[2023-06-16 23:35:13Z INFO HostContext] Well known directory 'Bin': '/usr/src/app/actions-runner/bin'
[2023-06-16 23:35:13Z INFO HostContext] Well known directory 'Root': '/usr/src/app/actions-runner'
[2023-06-16 23:35:13Z INFO HostContext] Well known config file 'Credentials': '/usr/src/app/actions-runner/.credentials'
[2023-06-16 23:35:13Z INFO HostContext] Well known directory 'Bin': '/usr/src/app/actions-runner/bin'
[2023-06-16 23:35:13Z INFO HostContext] Well known directory 'Root': '/usr/src/app/actions-runner'
[2023-06-16 23:35:13Z INFO HostContext] Well known config file 'SetupInfo': '/usr/src/app/actions-runner/.setup_info'
[2023-06-16 23:35:14Z INFO HostContext] Well known directory 'Bin': '/usr/src/app/actions-runner/bin'
[2023-06-16 23:35:14Z INFO HostContext] Well known directory 'Root': '/usr/src/app/actions-runner'
[2023-06-16 23:35:14Z INFO HostContext] Well known directory 'Work': '/usr/src/app/actions-runner/_work'
[2023-06-16 23:35:14Z INFO PipelineDirectoryManager] Loading tracking config if exists: /usr/src/app/actions-runner/_work/_PipelineMapping/cu-ecen-aeld/assignment-1-petercorrea/PipelineFolder.json
[2023-06-16 23:35:14Z INFO PipelineDirectoryManager] Updating job run properties.
[2023-06-16 23:35:14Z INFO HostContext] Well known directory 'Bin': '/usr/src/app/actions-runner/bin'
[2023-06-16 23:35:14Z INFO HostContext] Well known directory 'Root': '/usr/src/app/actions-runner'
[2023-06-16 23:35:14Z INFO HostContext] Well known directory 'Work': '/usr/src/app/actions-runner/_work'
[2023-06-16 23:35:14Z INFO HostContext] Well known directory 'Bin': '/usr/src/app/actions-runner/bin'
[2023-06-16 23:35:14Z INFO HostContext] Well known directory 'Root': '/usr/src/app/actions-runner'
[2023-06-16 23:35:14Z INFO HostContext] Well known directory 'Work': '/usr/src/app/actions-runner/_work'
[2023-06-16 23:35:14Z INFO HostContext] Well known directory 'Bin': '/usr/src/app/actions-runner/bin'
[2023-06-16 23:35:14Z INFO HostContext] Well known directory 'Root': '/usr/src/app/actions-runner'
[2023-06-16 23:35:14Z INFO HostContext] Well known directory 'Work': '/usr/src/app/actions-runner/_work'
[2023-06-16 23:35:14Z INFO JobServerQueue] Try to append 1 batches web console lines for record 'dc2b0b4b-a2ba-4c4f-8ec3-5a309a19803e', success rate: 1/1.
[2023-06-16 23:35:14Z INFO HostContext] Well known directory 'Bin': '/usr/src/app/actions-runner/bin'
[2023-06-16 23:35:14Z INFO HostContext] Well known directory 'Root': '/usr/src/app/actions-runner'
[2023-06-16 23:35:14Z INFO HostContext] Well known directory 'Work': '/usr/src/app/actions-runner/_work'
[2023-06-16 23:35:14Z INFO HostContext] Well known directory 'Bin': '/usr/src/app/actions-runner/bin'
[2023-06-16 23:35:14Z INFO HostContext] Well known directory 'Root': '/usr/src/app/actions-runner'
[2023-06-16 23:35:14Z INFO HostContext] Well known directory 'Work': '/usr/src/app/actions-runner/_work'
[2023-06-16 23:35:14Z INFO HostContext] Well known directory 'Tools': '/usr/src/app/actions-runner/_work/_tool'
[2023-06-16 23:35:14Z INFO HostContext] Well known directory 'Bin': '/usr/src/app/actions-runner/bin'
[2023-06-16 23:35:14Z INFO HostContext] Well known directory 'Root': '/usr/src/app/actions-runner'
[2023-06-16 23:35:14Z INFO HostContext] Well known directory 'Externals': '/usr/src/app/actions-runner/externals'
[2023-06-16 23:35:14Z INFO JobExtension] Downloading actions
[2023-06-16 23:35:14Z INFO HostContext] Well known directory 'Bin': '/usr/src/app/actions-runner/bin'
[2023-06-16 23:35:14Z INFO HostContext] Well known directory 'Root': '/usr/src/app/actions-runner'
[2023-06-16 23:35:14Z INFO HostContext] Well known directory 'Work': '/usr/src/app/actions-runner/_work'
[2023-06-16 23:35:14Z INFO HostContext] Well known directory 'Actions': '/usr/src/app/actions-runner/_work/_actions'
[2023-06-16 23:35:14Z INFO JobServerQueue] Job timeline record has been updated for the first time.
[2023-06-16 23:35:14Z INFO JobServerQueue] Try to append 1 batches web console lines for record 'dc2b0b4b-a2ba-4c4f-8ec3-5a309a19803e', success rate: 1/1.
[2023-06-16 23:35:14Z INFO HostContext] Well known directory 'Bin': '/usr/src/app/actions-runner/bin'
[2023-06-16 23:35:14Z INFO HostContext] Well known directory 'Root': '/usr/src/app/actions-runner'
[2023-06-16 23:35:14Z INFO HostContext] Well known directory 'Work': '/usr/src/app/actions-runner/_work'
[2023-06-16 23:35:14Z INFO HostContext] Well known directory 'Actions': '/usr/src/app/actions-runner/_work/_actions'
[2023-06-16 23:35:15Z INFO HostContext] Well known directory 'Bin': '/usr/src/app/actions-runner/bin'
[2023-06-16 23:35:15Z INFO HostContext] Well known directory 'Root': '/usr/src/app/actions-runner'
[2023-06-16 23:35:15Z INFO HostContext] Well known directory 'Work': '/usr/src/app/actions-runner/_work'
[2023-06-16 23:35:15Z INFO HostContext] Well known directory 'Actions': '/usr/src/app/actions-runner/_work/_actions'
[2023-06-16 23:35:15Z INFO ActionManager] Save archive 'https://api.github.com/repos/actions/checkout/tarball/ee0669bd1cc54295c223e0bb666b733df41de1c5' into /usr/src/app/actions-runner/_work/_actions/_temp_736e4bab-0c48-4ea6-98aa-970e677b03e2/f340699b-ef87-455c-b718-d93c84d6e9c8.tar.gz.
[2023-06-16 23:35:15Z INFO JobServerQueue] Try to append 1 batches web console lines for record 'dc2b0b4b-a2ba-4c4f-8ec3-5a309a19803e', success rate: 1/1.
[2023-06-16 23:35:15Z INFO ActionManager] Which: 'tar'
[2023-06-16 23:35:15Z INFO ActionManager] Location: '/usr/bin/tar'
[2023-06-16 23:35:15Z INFO ProcessInvokerWrapper] Starting process:
[2023-06-16 23:35:15Z INFO ProcessInvokerWrapper]   File name: '/usr/bin/tar'
[2023-06-16 23:35:15Z INFO ProcessInvokerWrapper]   Arguments: '-xzf "/usr/src/app/actions-runner/_work/_actions/_temp_736e4bab-0c48-4ea6-98aa-970e677b03e2/f340699b-ef87-455c-b718-d93c84d6e9c8.tar.gz"'
[2023-06-16 23:35:15Z INFO ProcessInvokerWrapper]   Working directory: '/usr/src/app/actions-runner/_work/_actions/_temp_736e4bab-0c48-4ea6-98aa-970e677b03e2/_staging'
[2023-06-16 23:35:15Z INFO ProcessInvokerWrapper]   Require exit code zero: 'False'
[2023-06-16 23:35:15Z INFO ProcessInvokerWrapper]   Encoding web name:  ; code page: ''
[2023-06-16 23:35:15Z INFO ProcessInvokerWrapper]   Force kill process on cancellation: 'False'
[2023-06-16 23:35:15Z INFO ProcessInvokerWrapper]   Redirected STDIN: 'False'
[2023-06-16 23:35:15Z INFO ProcessInvokerWrapper]   Persist current code page: 'False'
[2023-06-16 23:35:15Z INFO ProcessInvokerWrapper]   Keep redirected STDIN open: 'False'
[2023-06-16 23:35:15Z INFO ProcessInvokerWrapper]   High priority process: 'False'
[2023-06-16 23:35:15Z INFO ProcessInvokerWrapper] Updated oom_score_adj to 500 for PID: 316.
[2023-06-16 23:35:15Z INFO ProcessInvokerWrapper] Process started with process id 316, waiting for process exit.
[2023-06-16 23:35:16Z INFO ProcessInvokerWrapper] STDOUT/STDERR stream read finished.
[2023-06-16 23:35:16Z INFO ProcessInvokerWrapper] STDOUT/STDERR stream read finished.
[2023-06-16 23:35:16Z INFO ProcessInvokerWrapper] Finished process 316 with exit code 0, and elapsed time 00:00:00.5072865.
[2023-06-16 23:35:16Z INFO ActionManager] Finished getting action repository.
[2023-06-16 23:35:17Z INFO HostContext] Well known directory 'Bin': '/usr/src/app/actions-runner/bin'
[2023-06-16 23:35:17Z INFO HostContext] Well known directory 'Root': '/usr/src/app/actions-runner'
[2023-06-16 23:35:17Z INFO HostContext] Well known directory 'Work': '/usr/src/app/actions-runner/_work'
[2023-06-16 23:35:17Z INFO HostContext] Well known directory 'Actions': '/usr/src/app/actions-runner/_work/_actions'
[2023-06-16 23:35:17Z INFO ActionManifestManager] Load schema file with definitions: [
  "null",
  "boolean",
  "number",
  "string",
  "sequence",
  "mapping",
  "any",
  "action-root",
  "inputs",
  "input",
  "outputs",
  "output-definition",
  "runs",
  "container-runs",
  "container-runs-args",
  "container-runs-env",
  "node-runs",
  "plugin-runs",
  "composite-runs",
  "composite-steps",
  "composite-step",
  "run-step",
  "uses-step",
  "container-runs-context",
  "output-value",
  "input-default-context",
  "non-empty-string",
  "string-steps-context",
  "boolean-steps-context",
  "step-env",
  "step-if",
  "step-with"
]
[2023-06-16 23:35:17Z INFO HostContext] Well known directory 'Bin': '/usr/src/app/actions-runner/bin'
[2023-06-16 23:35:17Z INFO HostContext] Well known directory 'Root': '/usr/src/app/actions-runner'
[2023-06-16 23:35:17Z INFO HostContext] Well known directory 'Work': '/usr/src/app/actions-runner/_work'
[2023-06-16 23:35:17Z INFO HostContext] Well known directory 'Actions': '/usr/src/app/actions-runner/_work/_actions'
[2023-06-16 23:35:17Z INFO ActionManifestManager] Loaded action.yml file: {
  "name": "Checkout",
  "description": "Checkout a Git repository at a particular version",
  "inputs": {
    "type": 2,
    "map": [
      {
        "key": {
          "type": 0,
          "file": 2,
          "line": 4,
          "col": 3,
          "lit": "repository"
        },
        "value": {
          "type": 3,
          "file": 2,
          "line": 6,
          "col": 14,
          "expr": "github.repository"
        }
      },
      {
        "key": {
          "type": 0,
          "file": 2,
          "line": 7,
          "col": 3,
          "lit": "ref"
        },
        "value": ""
      },
      {
        "key": {
          "type": 0,
          "file": 2,
          "line": 12,
          "col": 3,
          "lit": "token"
        },
        "value": {
          "type": 3,
          "file": 2,
          "line": 24,
          "col": 14,
          "expr": "github.token"
        }
      },
      {
        "key": {
          "type": 0,
          "file": 2,
          "line": 25,
          "col": 3,
          "lit": "ssh-key"
        },
        "value": ""
      },
      {
        "key": {
          "type": 0,
          "file": 2,
          "line": 37,
          "col": 3,
          "lit": "ssh-known-hosts"
        },
        "value": ""
      },
      {
        "key": {
          "type": 0,
          "file": 2,
          "line": 42,
          "col": 3,
          "lit": "ssh-strict"
        },
        "value": {
          "type": 0,
          "file": 2,
          "line": 47,
          "col": 14,
          "lit": "true"
        }
      },
      {
        "key": {
          "type": 0,
          "file": 2,
          "line": 48,
          "col": 3,
          "lit": "persist-credentials"
        },
        "value": {
          "type": 0,
          "file": 2,
          "line": 50,
          "col": 14,
          "lit": "true"
        }
      },
      {
        "key": {
          "type": 0,
          "file": 2,
          "line": 51,
          "col": 3,
          "lit": "path"
        },
        "value": ""
      },
      {
        "key": {
          "type": 0,
          "file": 2,
          "line": 53,
          "col": 3,
          "lit": "clean"
        },
        "value": {
          "type": 0,
          "file": 2,
          "line": 55,
          "col": 14,
          "lit": "true"
        }
      },
      {
        "key": {
          "type": 0,
          "file": 2,
          "line": 56,
          "col": 3,
          "lit": "fetch-depth"
        },
        "value": {
          "type": 0,
          "file": 2,
          "line": 58,
          "col": 14,
          "lit": "1"
        }
      },
      {
        "key": {
          "type": 0,
          "file": 2,
          "line": 59,
          "col": 3,
          "lit": "lfs"
        },
        "value": {
          "type": 0,
          "file": 2,
          "line": 61,
          "col": 14,
          "lit": "false"
        }
      },
      {
        "key": {
          "type": 0,
          "file": 2,
          "line": 62,
          "col": 3,
          "lit": "submodules"
        },
        "value": {
          "type": 0,
          "file": 2,
          "line": 70,
          "col": 14,
          "lit": "false"
        }
      },
      {
        "key": {
          "type": 0,
          "file": 2,
          "line": 71,
          "col": 3,
          "lit": "set-safe-directory"
        },
        "value": {
          "type": 0,
          "file": 2,
          "line": 73,
          "col": 14,
          "lit": "true"
        }
      }
    ]
  },
  "execution": {
    "executionType": "nodeJS",
    "hasPre": false,
    "hasPost": true,
    "script": "dist/index.js",
    "pre": null,
    "post": "dist/index.js",
    "nodeVersion": "node12",
    "cleanupCondition": "always()",
    "initCondition": "always()"
  },
  "deprecated": null
}
[2023-06-16 23:35:17Z INFO ActionManager] Action node.js file: dist/index.js, no more preparation.
[2023-06-16 23:35:17Z INFO HostContext] Well known directory 'Bin': '/usr/src/app/actions-runner/bin'
[2023-06-16 23:35:17Z INFO HostContext] Well known directory 'Root': '/usr/src/app/actions-runner'
[2023-06-16 23:35:17Z INFO HostContext] Well known directory 'Work': '/usr/src/app/actions-runner/_work'
[2023-06-16 23:35:17Z INFO HostContext] Well known directory 'Actions': '/usr/src/app/actions-runner/_work/_actions'
[2023-06-16 23:35:17Z INFO ActionManager] Load action that reference repository from '/usr/src/app/actions-runner/_work/_actions/actions/checkout/v2'
[2023-06-16 23:35:17Z INFO HostContext] Well known directory 'Bin': '/usr/src/app/actions-runner/bin'
[2023-06-16 23:35:17Z INFO HostContext] Well known directory 'Root': '/usr/src/app/actions-runner'
[2023-06-16 23:35:17Z INFO HostContext] Well known directory 'Work': '/usr/src/app/actions-runner/_work'
[2023-06-16 23:35:17Z INFO HostContext] Well known directory 'Actions': '/usr/src/app/actions-runner/_work/_actions'
[2023-06-16 23:35:17Z INFO ActionManifestManager] Loaded action.yml file: {
  "name": "Checkout",
  "description": "Checkout a Git repository at a particular version",
  "inputs": {
    "type": 2,
    "map": [
      {
        "key": {
          "type": 0,
          "file": 2,
          "line": 4,
          "col": 3,
          "lit": "repository"
        },
        "value": {
          "type": 3,
          "file": 2,
          "line": 6,
          "col": 14,
          "expr": "github.repository"
        }
      },
      {
        "key": {
          "type": 0,
          "file": 2,
          "line": 7,
          "col": 3,
          "lit": "ref"
        },
        "value": ""
      },
      {
        "key": {
          "type": 0,
          "file": 2,
          "line": 12,
          "col": 3,
          "lit": "token"
        },
        "value": {
          "type": 3,
          "file": 2,
          "line": 24,
          "col": 14,
          "expr": "github.token"
        }
      },
      {
        "key": {
          "type": 0,
          "file": 2,
          "line": 25,
          "col": 3,
          "lit": "ssh-key"
        },
        "value": ""
      },
      {
        "key": {
          "type": 0,
          "file": 2,
          "line": 37,
          "col": 3,
          "lit": "ssh-known-hosts"
        },
        "value": ""
      },
      {
        "key": {
          "type": 0,
          "file": 2,
          "line": 42,
          "col": 3,
          "lit": "ssh-strict"
        },
        "value": {
          "type": 0,
          "file": 2,
          "line": 47,
          "col": 14,
          "lit": "true"
        }
      },
      {
        "key": {
          "type": 0,
          "file": 2,
          "line": 48,
          "col": 3,
          "lit": "persist-credentials"
        },
        "value": {
          "type": 0,
          "file": 2,
          "line": 50,
          "col": 14,
          "lit": "true"
        }
      },
      {
        "key": {
          "type": 0,
          "file": 2,
          "line": 51,
          "col": 3,
          "lit": "path"
        },
        "value": ""
      },
      {
        "key": {
          "type": 0,
          "file": 2,
          "line": 53,
          "col": 3,
          "lit": "clean"
        },
        "value": {
          "type": 0,
          "file": 2,
          "line": 55,
          "col": 14,
          "lit": "true"
        }
      },
      {
        "key": {
          "type": 0,
          "file": 2,
          "line": 56,
          "col": 3,
          "lit": "fetch-depth"
        },
        "value": {
          "type": 0,
          "file": 2,
          "line": 58,
          "col": 14,
          "lit": "1"
        }
      },
      {
        "key": {
          "type": 0,
          "file": 2,
          "line": 59,
          "col": 3,
          "lit": "lfs"
        },
        "value": {
          "type": 0,
          "file": 2,
          "line": 61,
          "col": 14,
          "lit": "false"
        }
      },
      {
        "key": {
          "type": 0,
          "file": 2,
          "line": 62,
          "col": 3,
          "lit": "submodules"
        },
        "value": {
          "type": 0,
          "file": 2,
          "line": 70,
          "col": 14,
          "lit": "false"
        }
      },
      {
        "key": {
          "type": 0,
          "file": 2,
          "line": 71,
          "col": 3,
          "lit": "set-safe-directory"
        },
        "value": {
          "type": 0,
          "file": 2,
          "line": 73,
          "col": 14,
          "lit": "true"
        }
      }
    ]
  },
  "execution": {
    "executionType": "nodeJS",
    "hasPre": false,
    "hasPost": true,
    "script": "dist/index.js",
    "pre": null,
    "post": "dist/index.js",
    "nodeVersion": "node12",
    "cleanupCondition": "always()",
    "initCondition": "always()"
  },
  "deprecated": null
}
[2023-06-16 23:35:17Z INFO ActionManager] Action pre node.js file: N/A.
[2023-06-16 23:35:17Z INFO ActionManager] Action node.js file: dist/index.js.
[2023-06-16 23:35:17Z INFO ActionManager] Action post node.js file: dist/index.js.
[2023-06-16 23:35:17Z INFO DockerCommandManager] Which: 'docker'
[2023-06-16 23:35:17Z INFO DockerCommandManager] Location: '/usr/bin/docker'
[2023-06-16 23:35:17Z INFO HostContext] Well known directory 'Bin': '/usr/src/app/actions-runner/bin'
[2023-06-16 23:35:17Z INFO HostContext] Well known directory 'Root': '/usr/src/app/actions-runner'
[2023-06-16 23:35:17Z INFO JobExtension] Adding .
[2023-06-16 23:35:17Z INFO JobExtension] Adding .
[2023-06-16 23:35:17Z INFO JobExtension] Adding .
[2023-06-16 23:35:17Z INFO HostContext] Well known directory 'Bin': '/usr/src/app/actions-runner/bin'
[2023-06-16 23:35:17Z INFO HostContext] Well known directory 'Root': '/usr/src/app/actions-runner'
[2023-06-16 23:35:17Z INFO HostContext] Well known directory 'Diag': '/usr/src/app/actions-runner/_diag'
[2023-06-16 23:35:17Z INFO HostContext] Well known directory 'Bin': '/usr/src/app/actions-runner/bin'
[2023-06-16 23:35:17Z INFO HostContext] Well known directory 'Root': '/usr/src/app/actions-runner'
[2023-06-16 23:35:17Z INFO HostContext] Well known directory 'Diag': '/usr/src/app/actions-runner/_diag'
[2023-06-16 23:35:17Z INFO HostContext] Well known directory 'Bin': '/usr/src/app/actions-runner/bin'
[2023-06-16 23:35:17Z INFO HostContext] Well known directory 'Root': '/usr/src/app/actions-runner'
[2023-06-16 23:35:17Z INFO HostContext] Well known directory 'Diag': '/usr/src/app/actions-runner/_diag'
[2023-06-16 23:35:17Z INFO HostContext] Well known directory 'Bin': '/usr/src/app/actions-runner/bin'
[2023-06-16 23:35:17Z INFO HostContext] Well known directory 'Root': '/usr/src/app/actions-runner'
[2023-06-16 23:35:17Z INFO HostContext] Well known directory 'Diag': '/usr/src/app/actions-runner/_diag'
[2023-06-16 23:35:17Z INFO HostContext] Well known directory 'Bin': '/usr/src/app/actions-runner/bin'
[2023-06-16 23:35:17Z INFO HostContext] Well known directory 'Root': '/usr/src/app/actions-runner'
[2023-06-16 23:35:17Z INFO HostContext] Well known directory 'Diag': '/usr/src/app/actions-runner/_diag'
[2023-06-16 23:35:17Z INFO HostContext] Well known directory 'Bin': '/usr/src/app/actions-runner/bin'
[2023-06-16 23:35:17Z INFO HostContext] Well known directory 'Root': '/usr/src/app/actions-runner'
[2023-06-16 23:35:17Z INFO HostContext] Well known directory 'Diag': '/usr/src/app/actions-runner/_diag'
[2023-06-16 23:35:17Z INFO HostContext] Well known directory 'Bin': '/usr/src/app/actions-runner/bin'
[2023-06-16 23:35:17Z INFO HostContext] Well known directory 'Root': '/usr/src/app/actions-runner'
[2023-06-16 23:35:17Z INFO HostContext] Well known directory 'Diag': '/usr/src/app/actions-runner/_diag'
[2023-06-16 23:35:17Z INFO HostContext] Well known directory 'Bin': '/usr/src/app/actions-runner/bin'
[2023-06-16 23:35:17Z INFO HostContext] Well known directory 'Root': '/usr/src/app/actions-runner'
[2023-06-16 23:35:17Z INFO HostContext] Well known directory 'Diag': '/usr/src/app/actions-runner/_diag'
[2023-06-16 23:35:17Z INFO JobServerQueue] Try to append 1 batches web console lines for record 'dc2b0b4b-a2ba-4c4f-8ec3-5a309a19803e', success rate: 1/1.
[2023-06-16 23:35:17Z INFO JobExtension] Total accessible running process: 7.
[2023-06-16 23:35:18Z INFO HostContext] Well known directory 'Bin': '/usr/src/app/actions-runner/bin'
[2023-06-16 23:35:18Z INFO HostContext] Well known directory 'Root': '/usr/src/app/actions-runner'
[2023-06-16 23:35:18Z INFO HostContext] Well known directory 'Work': '/usr/src/app/actions-runner/_work'
[2023-06-16 23:35:18Z INFO ExecutionContext] Publish step telemetry for current step {
  "action": "setup_job",
  "type": "runner",
  "stage": "Pre",
  "stepId": "dc2b0b4b-a2ba-4c4f-8ec3-5a309a19803e",
  "result": "succeeded",
  "errorMessages": [],
  "executionTimeInSeconds": 5,
  "startTime": "2023-06-16T23:35:13.9675182Z",
  "finishTime": "2023-06-16T23:35:18.084845Z"
}.
[2023-06-16 23:35:18Z INFO JobRunner] Total job steps: 4.
[2023-06-16 23:35:18Z INFO JobRunner] Run all job steps.
[2023-06-16 23:35:18Z INFO StepsRunner] Processing step: DisplayName='Initialize containers'
[2023-06-16 23:35:18Z INFO StepsRunner] Evaluating: success()
[2023-06-16 23:35:18Z INFO StepsRunner] Result: true
[2023-06-16 23:35:18Z INFO StepsRunner] Starting the step.
[2023-06-16 23:35:18Z INFO ExecutionContext] Reserve record order 6 to 10 for post job actions.
[2023-06-16 23:35:18Z INFO HostContext] Well known directory 'Bin': '/usr/src/app/actions-runner/bin'
[2023-06-16 23:35:18Z INFO HostContext] Well known directory 'Root': '/usr/src/app/actions-runner'
[2023-06-16 23:35:18Z INFO HostContext] Well known directory 'Diag': '/usr/src/app/actions-runner/_diag'
[2023-06-16 23:35:18Z INFO HostContext] Well known directory 'Bin': '/usr/src/app/actions-runner/bin'
[2023-06-16 23:35:18Z INFO HostContext] Well known directory 'Root': '/usr/src/app/actions-runner'
[2023-06-16 23:35:18Z INFO HostContext] Well known directory 'Diag': '/usr/src/app/actions-runner/_diag'
[2023-06-16 23:35:18Z INFO ProcessInvokerWrapper] Starting process:
[2023-06-16 23:35:18Z INFO ProcessInvokerWrapper]   File name: '/usr/bin/docker'
[2023-06-16 23:35:18Z INFO ProcessInvokerWrapper]   Arguments: 'version --format '{{.Server.APIVersion}}''
[2023-06-16 23:35:18Z INFO ProcessInvokerWrapper]   Working directory: '/usr/src/app/actions-runner/_work/assignment-1-petercorrea/assignment-1-petercorrea'
[2023-06-16 23:35:18Z INFO ProcessInvokerWrapper]   Require exit code zero: 'True'
[2023-06-16 23:35:18Z INFO ProcessInvokerWrapper]   Encoding web name:  ; code page: ''
[2023-06-16 23:35:18Z INFO ProcessInvokerWrapper]   Force kill process on cancellation: 'False'
[2023-06-16 23:35:18Z INFO ProcessInvokerWrapper]   Redirected STDIN: 'False'
[2023-06-16 23:35:18Z INFO ProcessInvokerWrapper]   Persist current code page: 'False'
[2023-06-16 23:35:18Z INFO ProcessInvokerWrapper]   Keep redirected STDIN open: 'False'
[2023-06-16 23:35:18Z INFO ProcessInvokerWrapper]   High priority process: 'False'
[2023-06-16 23:35:18Z INFO ProcessInvokerWrapper] Updated oom_score_adj to 500 for PID: 324.
[2023-06-16 23:35:18Z INFO ProcessInvokerWrapper] Process started with process id 324, waiting for process exit.
[2023-06-16 23:35:18Z INFO JobServerQueue] Try to append 1 batches web console lines for record '1689fc52-6376-4737-b2ab-a4b61f2b3421', success rate: 1/1.
[2023-06-16 23:35:18Z INFO ProcessInvokerWrapper] STDOUT/STDERR stream read finished.
[2023-06-16 23:35:18Z INFO ProcessInvokerWrapper] STDOUT/STDERR stream read finished.
[2023-06-16 23:35:18Z INFO ProcessInvokerWrapper] Finished process 324 with exit code 1, and elapsed time 00:00:00.2508237.
[2023-06-16 23:35:18Z ERR  StepsRunner] Caught exception from step: GitHub.Runner.Sdk.ProcessExitCodeException: Exit code 1 returned from process: file name '/usr/bin/docker', arguments 'version --format '{{.Server.APIVersion}}''.
   at GitHub.Runner.Sdk.ProcessInvoker.ExecuteAsync(String workingDirectory, String fileName, String arguments, IDictionary`2 environment, Boolean requireExitCodeZero, Encoding outputEncoding, Boolean killProcessOnCancel, Channel`1 redirectStandardIn, Boolean inheritConsoleHandler, Boolean keepStandardInOpen, Boolean highPriorityProcess, CancellationToken cancellationToken)
   at GitHub.Runner.Common.ProcessInvokerWrapper.ExecuteAsync(String workingDirectory, String fileName, String arguments, IDictionary`2 environment, Boolean requireExitCodeZero, Encoding outputEncoding, Boolean killProcessOnCancel, Channel`1 redirectStandardIn, Boolean inheritConsoleHandler, Boolean keepStandardInOpen, Boolean highPriorityProcess, CancellationToken cancellationToken)
   at GitHub.Runner.Worker.Container.DockerCommandManager.ExecuteDockerCommandAsync(IExecutionContext context, String command, String options)
   at GitHub.Runner.Worker.Container.DockerCommandManager.DockerVersion(IExecutionContext context)
   at GitHub.Runner.Worker.ContainerOperationProvider.AssertCompatibleOS(IExecutionContext executionContext)
   at GitHub.Runner.Worker.ContainerOperationProvider.StartContainersAsync(IExecutionContext executionContext, Object data)
   at GitHub.Runner.Worker.JobExtensionRunner.RunAsync()
   at GitHub.Runner.Worker.StepsRunner.RunStepAsync(IStep step, CancellationToken jobCancellationToken)
[2023-06-16 23:35:18Z INFO StepsRunner] Step result: Failed
[2023-06-16 23:35:18Z INFO ExecutionContext] Publish step telemetry for current step {
  "action": "initialize_containers",
  "type": "runner",
  "stage": "Pre",
  "stepId": "1689fc52-6376-4737-b2ab-a4b61f2b3421",
  "stepContextName": "1689fc5263764737b2aba4b61f2b3421",
  "result": "failed",
  "errorMessages": [
    "Exit code 1 returned from process: file name '/usr/bin/docker', arguments 'version --format '{{.Server.APIVersion}}''."
  ],
  "executionTimeInSeconds": 1,
  "startTime": "2023-06-16T23:35:18.2092949Z",
  "finishTime": "2023-06-16T23:35:18.7340325Z"
}.
[2023-06-16 23:35:18Z INFO StepsRunner] Update job result with current step result 'Failed'.
[2023-06-16 23:35:18Z INFO StepsRunner] Current state: job state = 'Failed'
[2023-06-16 23:35:18Z INFO StepsRunner] Processing step: DisplayName='Run actions/checkout@v2'
[2023-06-16 23:35:18Z INFO StepsRunner] Evaluating: success()
[2023-06-16 23:35:18Z INFO StepsRunner] Result: false
[2023-06-16 23:35:18Z INFO StepsRunner] Skipping step due to condition evaluation.
[2023-06-16 23:35:18Z INFO StepsRunner] No need for updating job result with current step result 'Skipped'.
[2023-06-16 23:35:18Z INFO StepsRunner] Current state: job state = 'Failed'
[2023-06-16 23:35:18Z INFO StepsRunner] Processing step: DisplayName='Checkout submodules'
[2023-06-16 23:35:18Z INFO StepsRunner] Evaluating: success()
[2023-06-16 23:35:18Z INFO StepsRunner] Result: false
[2023-06-16 23:35:18Z INFO StepsRunner] Skipping step due to condition evaluation.
[2023-06-16 23:35:18Z INFO StepsRunner] No need for updating job result with current step result 'Skipped'.
[2023-06-16 23:35:18Z INFO StepsRunner] Current state: job state = 'Failed'
[2023-06-16 23:35:18Z INFO StepsRunner] Processing step: DisplayName='Run unit test'
[2023-06-16 23:35:18Z INFO StepsRunner] Evaluating: success()
[2023-06-16 23:35:18Z INFO StepsRunner] Result: false
[2023-06-16 23:35:18Z INFO StepsRunner] Skipping step due to condition evaluation.
[2023-06-16 23:35:18Z INFO StepsRunner] No need for updating job result with current step result 'Skipped'.
[2023-06-16 23:35:18Z INFO StepsRunner] Current state: job state = 'Failed'
[2023-06-16 23:35:18Z INFO StepsRunner] Processing step: DisplayName='Stop containers'
[2023-06-16 23:35:18Z INFO StepsRunner] Evaluating: always()
[2023-06-16 23:35:18Z INFO StepsRunner] Result: true
[2023-06-16 23:35:18Z INFO StepsRunner] Starting the step.
[2023-06-16 23:35:18Z INFO JobServerQueue] Try to append 1 batches web console lines for record '1689fc52-6376-4737-b2ab-a4b61f2b3421', success rate: 1/1.
[2023-06-16 23:35:18Z ERR  StepsRunner] Caught exception from step: System.ArgumentNullException: Value cannot be null. (Parameter 'network')
   at GitHub.Runner.Sdk.ArgUtil.NotNull(Object value, String name)
   at GitHub.Runner.Worker.ContainerOperationProvider.RemoveContainerNetworkAsync(IExecutionContext executionContext, String network)
   at GitHub.Runner.Worker.ContainerOperationProvider.StopContainersAsync(IExecutionContext executionContext, Object data)
   at GitHub.Runner.Worker.JobExtensionRunner.RunAsync()
   at GitHub.Runner.Worker.StepsRunner.RunStepAsync(IStep step, CancellationToken jobCancellationToken)
[2023-06-16 23:35:18Z INFO StepsRunner] Step result: Failed
[2023-06-16 23:35:18Z INFO StepsRunner] Update job result with current step result 'Failed'.
[2023-06-16 23:35:18Z INFO StepsRunner] Current state: job state = 'Failed'
[2023-06-16 23:35:18Z INFO JobRunner] Finalize job.
[2023-06-16 23:35:18Z INFO HostContext] Well known directory 'Bin': '/usr/src/app/actions-runner/bin'
[2023-06-16 23:35:18Z INFO HostContext] Well known directory 'Root': '/usr/src/app/actions-runner'
[2023-06-16 23:35:18Z INFO HostContext] Well known directory 'Diag': '/usr/src/app/actions-runner/_diag'
[2023-06-16 23:35:18Z INFO HostContext] Well known directory 'Bin': '/usr/src/app/actions-runner/bin'
[2023-06-16 23:35:18Z INFO HostContext] Well known directory 'Root': '/usr/src/app/actions-runner'
[2023-06-16 23:35:18Z INFO HostContext] Well known directory 'Diag': '/usr/src/app/actions-runner/_diag'
[2023-06-16 23:35:18Z INFO JobExtension] Initialize Env context
[2023-06-16 23:35:18Z INFO JobExtension] Initialize steps context
[2023-06-16 23:35:18Z INFO JobExtension] Total accessible running process: 7.
[2023-06-16 23:35:18Z INFO ExecutionContext] Publish step telemetry for current step {
  "action": "complete_job",
  "type": "runner",
  "stage": "Post",
  "stepId": "6c6033a9-0ad7-4c49-8639-24f7f250424f",
  "result": "succeeded",
  "errorMessages": [],
  "executionTimeInSeconds": 1,
  "startTime": "2023-06-16T23:35:18.8577517Z",
  "finishTime": "2023-06-16T23:35:18.8715187Z"
}.
[2023-06-16 23:35:18Z INFO JobRunner] Job result after all job steps finish: Failed
[2023-06-16 23:35:18Z INFO JobRunner] Completing the job execution context.
[2023-06-16 23:35:18Z INFO JobRunner] Shutting down the job server queue.
[2023-06-16 23:35:18Z INFO JobServerQueue] Fire signal to shutdown all queues.
[2023-06-16 23:35:18Z INFO JobServerQueue] Try to upload 1 log files or attachments, success rate: 1/1.
[2023-06-16 23:35:19Z INFO JobServerQueue] All queue process task stopped.
[2023-06-16 23:35:19Z INFO JobServerQueue] Try to append 1 batches web console lines for record 'db1d516e-4ea0-4f1c-8f35-07b476676f57', success rate: 1/1.
[2023-06-16 23:35:19Z INFO JobServerQueue] Try to append 1 batches web console lines for record '6c6033a9-0ad7-4c49-8639-24f7f250424f', success rate: 1/1.
[2023-06-16 23:35:19Z INFO JobServerQueue] Web console line queue drained.
[2023-06-16 23:35:19Z INFO JobServerQueue] Uploading 4 files in one shot.
[2023-06-16 23:35:20Z INFO JobServerQueue] Try to upload 4 log files or attachments, success rate: 4/4.
[2023-06-16 23:35:20Z INFO JobServerQueue] File upload queue drained.
[2023-06-16 23:35:20Z INFO JobServerQueue] Starting results-based upload queue...
[2023-06-16 23:35:20Z INFO JobServerQueue] Results upload queue drained.
[2023-06-16 23:35:20Z INFO JobServerQueue] Timeline update queue drained.
[2023-06-16 23:35:20Z INFO JobServerQueue] Disposing job server ...
[2023-06-16 23:35:20Z INFO JobServerQueue] Disposing results server ...
[2023-06-16 23:35:20Z INFO JobServerQueue] All queue process tasks have been stopped, and all queues are drained.
[2023-06-16 23:35:20Z INFO TempDirectoryManager] Cleaning runner temp folder: /usr/src/app/actions-runner/_work/_temp
[2023-06-16 23:35:20Z INFO HostContext] Well known directory 'Bin': '/usr/src/app/actions-runner/bin'
[2023-06-16 23:35:20Z INFO HostContext] Well known directory 'Root': '/usr/src/app/actions-runner'
[2023-06-16 23:35:20Z INFO HostContext] Well known directory 'Diag': '/usr/src/app/actions-runner/_diag'
[2023-06-16 23:35:20Z INFO HostContext] Well known config file 'Telemetry': '/usr/src/app/actions-runner/_diag/.telemetry'
[2023-06-16 23:35:20Z INFO JobRunner] Raising job completed event
[2023-06-16 23:35:21Z INFO Worker] Job completed.
